<?xml version="1.0" encoding="UTF-8"?>
<!-- Generated by org.testng.reporters.JUnitReportReporter -->
<testsuite hostname="DESKTOP-390DHBP" failures="0" tests="24" name="dashboard.OperationVehicleListPageTest" time="0.008" errors="0" timestamp="2023-02-27T12:31:24 IST" skipped="24">
  <testcase classname="dashboard.OperationVehicleListPageTest" name="TC_operationVehicleListFiltersTooltip" time="0.000">
    <skipped/>
  </testcase> <!-- TC_operationVehicleListFiltersTooltip -->
  <system-out>
    <![CDATA[TC_operationVehicleListFiltersTooltip Testcase execution Skipped
Browser: <span style='color:teal'>chrome
Language: <span style='color:teal'>english
Login Role: <span style='color:teal'>super admin
TC_operationVehicleListColmnsList Testcase execution Started
<em><b>"This method validates Operation Vehicle List screen Columns List"]]>
  </system-out>
  <testcase classname="dashboard.OperationVehicleListPageTest" name="TC_operationVehicleListColumnsBtnColor" time="0.000">
    <skipped/>
  </testcase> <!-- TC_operationVehicleListColumnsBtnColor -->
  <system-out>
    <![CDATA[TC_operationVehicleListColumnsBtnColor Testcase execution Skipped
Browser: <span style='color:teal'>chrome
Language: <span style='color:teal'>english
Login Role: <span style='color:teal'>super admin
TC_operationVehicleListFiltersTooltip Testcase execution Started
<em><b>"This method validates Operation Vehicle List screen Filters toolbar tooltip text"]]>
  </system-out>
  <testcase classname="dashboard.OperationVehicleListPageTest" name="TC_operationVehicleListSort" time="0.000">
    <skipped/>
  </testcase> <!-- TC_operationVehicleListSort -->
  <system-out>
    <![CDATA[TC_operationVehicleListSort Testcase execution Skipped
Browser: <span style='color:teal'>chrome
Language: <span style='color:teal'>english
Login Role: <span style='color:teal'>super admin
TC_operationVehicleListTitle Testcase execution Started
<em><b>"This method verifies Operation Vehicle List Page Title"]]>
  </system-out>
  <testcase classname="dashboard.OperationVehicleListPageTest" name="TC_operationVehicleListdownloadBtnColor" time="0.000">
    <skipped/>
  </testcase> <!-- TC_operationVehicleListdownloadBtnColor -->
  <system-out>
    <![CDATA[TC_operationVehicleListdownloadBtnColor Testcase execution Skipped
Browser: <span style='color:teal'>chrome
Language: <span style='color:teal'>english
Login Role: <span style='color:teal'>super admin
TC_operationVehicleListdownloadBtnColorAfterClick Testcase execution Started
<em><b>"This method validates Operation Vehicle List screen Download toolbar color after click"]]>
  </system-out>
  <testcase classname="dashboard.OperationVehicleListPageTest" name="TC_operationVehicleListRecordsPerPageText" time="0.000">
    <skipped/>
  </testcase> <!-- TC_operationVehicleListRecordsPerPageText -->
  <system-out>
    <![CDATA[TC_operationVehicleListRecordsPerPageText Testcase execution Skipped
Browser: <span style='color:teal'>chrome
Language: <span style='color:teal'>english
Login Role: <span style='color:teal'>super admin
TC_operationVehicleListSearch Testcase execution Started
<em><b>"This method verifies Operation Vehicle List screen Search functionality"]]>
  </system-out>
  <testcase classname="dashboard.OperationVehicleListPageTest" name="TC_operationVehiclePageHeader" time="0.000">
    <skipped/>
  </testcase> <!-- TC_operationVehiclePageHeader -->
  <system-out>
    <![CDATA[TC_operationVehiclePageHeader Testcase execution Skipped
Browser: <span style='color:teal'>chrome
Language: <span style='color:teal'>english
Login Role: <span style='color:teal'>super admin
TC_operationVehicleUpwardArrowBtn Testcase execution Started
<em><b>"This method verifies Operation Vehicle screen Upward Arrow button functionality"]]>
  </system-out>
  <testcase classname="dashboard.OperationVehicleListPageTest" name="TC_operationVehicleListdownloadBtnColorAfterClick" time="0.000">
    <skipped/>
  </testcase> <!-- TC_operationVehicleListdownloadBtnColorAfterClick -->
  <system-out>
    <![CDATA[TC_operationVehicleListdownloadBtnColorAfterClick Testcase execution Skipped
Browser: <span style='color:teal'>chrome
Language: <span style='color:teal'>english
Login Role: <span style='color:teal'>super admin
TC_operationVehiclePageHeader Testcase execution Started
<em><b>"This method verifies Operation Vehicle List Page Header"]]>
  </system-out>
  <testcase classname="dashboard.OperationVehicleListPageTest" name="TC_operationVehicleListFiltersDeleteBtn" time="0.000">
    <skipped/>
  </testcase> <!-- TC_operationVehicleListFiltersDeleteBtn -->
  <system-out>
    <![CDATA[TC_operationVehicleListFiltersDeleteBtn Testcase execution Skipped
Browser: <span style='color:teal'>chrome
Language: <span style='color:teal'>english
Login Role: <span style='color:teal'>super admin
TC_operationVehicleListFiltersList Testcase execution Started
<em><b>"This method validates Operation Vehicle List screen Filters toolbar List"]]>
  </system-out>
  <testcase classname="dashboard.OperationVehicleListPageTest" name="TC_operationVehicleListSearch" time="0.000">
    <skipped/>
  </testcase> <!-- TC_operationVehicleListSearch -->
  <system-out>
    <![CDATA[TC_operationVehicleListSearch Testcase execution Skipped
Browser: <span style='color:teal'>chrome
Language: <span style='color:teal'>english
Login Role: <span style='color:teal'>super admin
TC_operationVehicleListSort Testcase execution Started
<em><b>"This method verifies Operation Vehicle List screen Sort functionality"]]>
  </system-out>
  <testcase classname="dashboard.OperationVehicleListPageTest" name="TC_operationVehicleListFiltersBtnColor" time="0.000">
    <skipped/>
  </testcase> <!-- TC_operationVehicleListFiltersBtnColor -->
  <system-out>
    <![CDATA[TC_operationVehicleListFiltersBtnColor Testcase execution Skipped
Browser: <span style='color:teal'>chrome
Language: <span style='color:teal'>english
Login Role: <span style='color:teal'>super admin
TC_operationVehicleListFiltersBtnColorAfterClick Testcase execution Started
<em><b>"This method validates Operation Vehicle List screen Filters toolbar color after click"]]>
  </system-out>
  <testcase classname="dashboard.OperationVehicleListPageTest" name="TC_operationVehicleListRecordsPerPageList" time="0.000">
    <skipped/>
  </testcase> <!-- TC_operationVehicleListRecordsPerPageList -->
  <system-out>
    <![CDATA[TC_operationVehicleListRecordsPerPageList Testcase execution Skipped
Browser: <span style='color:teal'>chrome
Language: <span style='color:teal'>english
Login Role: <span style='color:teal'>super admin
TC_operationVehicleListRecordsPerPageText Testcase execution Started
<em><b>"This method validates Records per Page text is displayed in Operation Vehicle List Screen"]]>
  </system-out>
  <testcase classname="dashboard.OperationVehicleListPageTest" name="TC_operationVehicleListTitle" time="0.000">
    <skipped/>
  </testcase> <!-- TC_operationVehicleListTitle -->
  <system-out>
    <![CDATA[TC_operationVehicleListTitle Testcase execution Skipped
Browser: <span style='color:teal'>chrome
Language: <span style='color:teal'>english
Login Role: <span style='color:teal'>super admin
TC_operationVehicleListUrl Testcase execution Started
<em><b>"This method verifies Operation Vehicle List screen URL"]]>
  </system-out>
  <testcase classname="dashboard.OperationVehicleListPageTest" name="TC_operationVehicleListColumnsHideAll" time="0.008">
    <skipped/>
  </testcase> <!-- TC_operationVehicleListColumnsHideAll -->
  <system-out>
    <![CDATA[TC_operationVehicleListColumnsHideAll Testcase execution Skipped
Browser: <span style='color:teal'>chrome
Language: <span style='color:teal'>english
Login Role: <span style='color:teal'>super admin
TC_operationVehicleListColumnsShowAll Testcase execution Started
<em><b>"This method validates Operation Vehicle List screen Columns Show All functionality"]]>
  </system-out>
  <testcase classname="dashboard.OperationVehicleListPageTest" name="TC_operationVehicleListFiltersList" time="0.000">
    <skipped/>
  </testcase> <!-- TC_operationVehicleListFiltersList -->
  <system-out>
    <![CDATA[TC_operationVehicleListFiltersList Testcase execution Skipped
Browser: <span style='color:teal'>chrome
Language: <span style='color:teal'>english
Login Role: <span style='color:teal'>super admin
TC_operationVehicleListRecordsPerPage Testcase execution Started
<em><b>"This method verifies Operation Vehicle List screen Records per Page functionality"]]>
  </system-out>
  <testcase classname="dashboard.OperationVehicleListPageTest" name="TC_operationVehicleListColumnsShowAll" time="0.000">
    <skipped/>
  </testcase> <!-- TC_operationVehicleListColumnsShowAll -->
  <system-out>
    <![CDATA[TC_operationVehicleListColumnsShowAll Testcase execution Skipped
Browser: <span style='color:teal'>chrome
Language: <span style='color:teal'>english
Login Role: <span style='color:teal'>super admin
TC_operationVehicleListDownloadList Testcase execution Started
<em><b>"This method validates Operation Vehicle List screen Download toolbar List"]]>
  </system-out>
  <testcase classname="dashboard.OperationVehicleListPageTest" name="TC_operationVehicleListUrl" time="0.000">
    <skipped/>
  </testcase> <!-- TC_operationVehicleListUrl -->
  <system-out>
    <![CDATA[TC_operationVehicleListUrl Testcase execution Skipped
Browser: <span style='color:teal'>chrome
Language: <span style='color:teal'>english
Login Role: <span style='color:teal'>super admin
TC_operationVehicleListdownloadBtnColor Testcase execution Started
<em><b>"This method validates Operation Vehicle List screen Download toolbar color"]]>
  </system-out>
  <testcase classname="dashboard.OperationVehicleListPageTest" name="TC_operationVehicleListColumnsBtnColorAfterClick" time="0.000">
    <skipped/>
  </testcase> <!-- TC_operationVehicleListColumnsBtnColorAfterClick -->
  <system-out>
    <![CDATA[TC_operationVehicleListColumnsBtnColorAfterClick Testcase execution Skipped
Browser: <span style='color:teal'>chrome
Language: <span style='color:teal'>english
Login Role: <span style='color:teal'>super admin
TC_operationVehicleListColumnsHideAll Testcase execution Started
<em><b>"This method validates Operation Vehicle List screen Columns Hide All functionality"]]>
  </system-out>
  <testcase classname="dashboard.OperationVehicleListPageTest" name="TC_operationVehicleListDownloadList" time="0.000">
    <skipped/>
  </testcase> <!-- TC_operationVehicleListDownloadList -->
  <system-out>
    <![CDATA[TC_operationVehicleListDownloadList Testcase execution Skipped
Browser: <span style='color:teal'>chrome
Language: <span style='color:teal'>english
Login Role: <span style='color:teal'>super admin
TC_operationVehicleListFiltersBtnColor Testcase execution Started
<em><b>"This method validates Operation Vehicle List screen Filters toolbar color"]]>
  </system-out>
  <testcase classname="dashboard.OperationVehicleListPageTest" name="TC_operationVehicleUpwardArrowBtn" time="0.000">
    <skipped/>
  </testcase> <!-- TC_operationVehicleUpwardArrowBtn -->
  <system-out>
    <![CDATA[TC_operationVehicleUpwardArrowBtn Testcase execution Skipped
Browser: <span style='color:teal'>chrome
Language: <span style='color:teal'>english
Login Role: <span style='color:teal'>super admin
TC_operationVehicleListDownloadCSV Testcase execution Started
<em><b>"This method validates Operation Vehicle List screen CSV Download functionality"]]>
  </system-out>
  <testcase classname="dashboard.OperationVehicleListPageTest" name="TC_operationVehicleListRecordsPerPage" time="0.000">
    <skipped/>
  </testcase> <!-- TC_operationVehicleListRecordsPerPage -->
  <system-out>
    <![CDATA[TC_operationVehicleListRecordsPerPage Testcase execution Skipped
Browser: <span style='color:teal'>chrome
Language: <span style='color:teal'>english
Login Role: <span style='color:teal'>super admin
TC_operationVehicleListRecordsPerPageList Testcase execution Started
<em><b>"This method validates Records per page dropdown list entries in Operation Vehicle List screen"]]>
  </system-out>
  <testcase classname="dashboard.OperationVehicleListPageTest" name="TC_operationVehicleListFiltersBtnColorAfterClick" time="0.000">
    <skipped/>
  </testcase> <!-- TC_operationVehicleListFiltersBtnColorAfterClick -->
  <system-out>
    <![CDATA[TC_operationVehicleListFiltersBtnColorAfterClick Testcase execution Skipped
Browser: <span style='color:teal'>chrome
Language: <span style='color:teal'>english
Login Role: <span style='color:teal'>super admin
TC_operationVehicleListFiltersDeleteBtn Testcase execution Started
<em><b>"This method validates Operation Vehicle List screen Filters toolbar Delete functionality"]]>
  </system-out>
  <testcase classname="dashboard.OperationVehicleListPageTest" name="TC_operationVehicleListColmnsList" time="0.000">
    <skipped/>
  </testcase> <!-- TC_operationVehicleListColmnsList -->
  <system-out>
    <![CDATA[TC_operationVehicleListColmnsList Testcase execution Skipped
Browser: <span style='color:teal'>chrome
Language: <span style='color:teal'>english
Login Role: <span style='color:teal'>super admin
TC_operationVehicleListColumnsBtnColorAfterClick Testcase execution Started
<em><b>"This method validates Operation Vehicle List screen Columns toolbar color after click"]]>
  </system-out>
  <testcase classname="dashboard.OperationVehicleListPageTest" name="TC_operationVehicleListDownloadCSV" time="0.000">
    <skipped/>
  </testcase> <!-- TC_operationVehicleListDownloadCSV -->
  <system-out>
    <![CDATA[TC_operationVehicleListDownloadCSV Testcase execution Skipped
Browser: <span style='color:teal'>chrome
Language: <span style='color:teal'>english
Login Role: <span style='color:teal'>super admin
TC_operationVehicleListDownloadPDF Testcase execution Started
<em><b>"This method validates Operation Vehicle List screen PDF Download functionality"]]>
  </system-out>
  <testcase classname="dashboard.OperationVehicleListPageTest" name="TC_operationVehicleListDownloadPDF" time="0.000">
    <skipped/>
  </testcase> <!-- TC_operationVehicleListDownloadPDF -->
  <system-out>
    <![CDATA[TC_operationVehicleListDownloadPDF Testcase execution Skipped]]>
  </system-out>
</testsuite> <!-- dashboard.OperationVehicleListPageTest -->
