<?xml version="1.0" encoding="UTF-8"?>
<!-- Generated by org.testng.reporters.JUnitReportReporter -->
<testsuite hostname="DESKTOP-390DHBP" failures="0" tests="1" name="com.qa.Base.TestBase" time="0.007" errors="0" timestamp="2023-02-24T18:31:06 IST" skipped="0">
  <testcase classname="com.qa.Base.TestBase" name="Login" time="0.007"/>
  <system-out/>
</testsuite> <!-- com.qa.Base.TestBase -->
