<?xml version="1.0" encoding="UTF-8"?>
<!-- Generated by org.testng.reporters.JUnitReportReporter -->
<testsuite hostname="DESKTOP-390DHBP" failures="0" tests="11" name="login.ForgotPasswordTest" time="19.913" errors="0" timestamp="2023-02-24T20:54:40 IST" skipped="0">
  <testcase classname="login.ForgotPasswordTest" name="TC_resetPasswordBtnColor" time="2.788"/>
  <system-out>
    <![CDATA[Browser: <span style='color:teal'>chrome
Language: <span style='color:teal'>english
Login Role: <span style='color:teal'>super admin
TC_resetPasswordBtnColor Testcase execution Started
<em><b>"This method validates Reset Password button color in the Forgot Password screen"
Reset Password Background color defined : <b>#5138ee</b>
Reset Password Background color displayed : <b>#5138ee</b>
Reset Password background colour matches the defined colour code
TC_resetPasswordBtnColor Testcase execution Completed]]>
  </system-out>
  <testcase classname="login.ForgotPasswordTest" name="TC_forgotPasswordCancelBtnColor" time="2.057"/>
  <system-out>
    <![CDATA[Browser: <span style='color:teal'>chrome
Language: <span style='color:teal'>english
Login Role: <span style='color:teal'>super admin
TC_forgotPasswordCancelBtnColor Testcase execution Started
<em><b>"This method validates Forgot Password screen Cancel button color"
Cancel button Background color defined : <b>#808080</b>
Cancel button Background color displayed : <b>#808080</b>
Cancel button background colour matches the defined colour code
TC_forgotPasswordCancelBtnColor Testcase execution Completed]]>
  </system-out>
  <testcase classname="login.ForgotPasswordTest" name="TC_forgotPasswordUsernameSpace" time="1.420"/>
  <system-out>
    <![CDATA[Browser: <span style='color:teal'>chrome
Language: <span style='color:teal'>english
Login Role: <span style='color:teal'>super admin
TC_forgotPasswordUsernameSpace Testcase execution Started
<em><b>"This method verifies Forgot Password screen Username field by entering Spaces"
Entered space in the Username text field
Performed click action on Reset Password button field
Space in the beginning of username field is not allowed
<span style='color:red'>Space is not allowed</span> error message is displayed
TC_forgotPasswordUsernameSpace Testcase execution Completed]]>
  </system-out>
  <testcase classname="login.ForgotPasswordTest" name="TC_forgotPasswordUsernameMaxLength" time="1.510"/>
  <system-out>
    <![CDATA[Browser: <span style='color:teal'>chrome
Language: <span style='color:teal'>english
Login Role: <span style='color:teal'>super admin
TC_forgotPasswordUsernameMaxLength Testcase execution Started
<em><b>"This method verifies Forgot Password screen Username field for the maximum character length"
Performed click action on Username field
Entered text <b>"rZrSdDGmBpyQjbvo"</b> in the Username field
Performed click action on Reset Password button field
<span style='color:red'>Username must be less than 16 characters</span> error message is displayed
TC_forgotPasswordUsernameMaxLength Testcase execution Completed]]>
  </system-out>
  <testcase classname="login.ForgotPasswordTest" name="TC_forgotPasswordCancelButton" time="1.630"/>
  <system-out>
    <![CDATA[Browser: <span style='color:teal'>chrome
Language: <span style='color:teal'>english
Login Role: <span style='color:teal'>super admin
TC_forgotPasswordCancelButton Testcase execution Started
<em><b>"This method verifies Forgot Password screen Cancel button functionality"
Performed click action on Forgot Password Cancel button field
TC_forgotPasswordCancelButton Testcase execution Completed]]>
  </system-out>
  <testcase classname="login.ForgotPasswordTest" name="TC_forgotPasswordUsernameMinLength" time="1.718"/>
  <system-out>
    <![CDATA[Browser: <span style='color:teal'>chrome
Language: <span style='color:teal'>english
Login Role: <span style='color:teal'>super admin
TC_forgotPasswordUsernameMinLength Testcase execution Started
<em><b>"This method verifies Forgot Password screen Username field for the minimum character length"
Performed click action on Username field
Entered text <b>"Imn"</b> in the Username field
Performed click action on Reset Password button field
<span style='color:red'>Username must be greater than 3 characters</span> error message is displayed
TC_forgotPasswordUsernameMinLength Testcase execution Completed]]>
  </system-out>
  <testcase classname="login.ForgotPasswordTest" name="TC_forgotPasswordInvalidUsername" time="1.721"/>
  <system-out>
    <![CDATA[Browser: <span style='color:teal'>chrome
Language: <span style='color:teal'>english
Login Role: <span style='color:teal'>super admin
TC_forgotPasswordInvalidUsername Testcase execution Started
<emb><b>"This method verifies Forgot Password screen Username field for the invalid data"
Performed click action on Username field
Entered text <b>"UQiRE"</b> in the Username field
Performed click action on Reset Password button field
<span style='color:red'>User doesn't exist</span> error message is displayed for invalid username
Performed click action on Alert Dialog Close button
TC_forgotPasswordInvalidUsername Testcase execution Completed]]>
  </system-out>
  <testcase classname="login.ForgotPasswordTest" name="TC_forgotPasswordText" time="1.389"/>
  <system-out>
    <![CDATA[Browser: <span style='color:teal'>chrome
Language: <span style='color:teal'>english
Login Role: <span style='color:teal'>super admin
TC_forgotPasswordText Testcase execution Started
<em><b>"This method validates Forgot Password screen Forgot Password text"
Verifying Forgot Password text
<b>Please enter the registered username to reset password</b> text is displayed
TC_forgotPasswordText Testcase execution Completed]]>
  </system-out>
  <testcase classname="login.ForgotPasswordTest" name="TC_forgotPasswordUsernameEmpty" time="1.394"/>
  <system-out>
    <![CDATA[Browser: <span style='color:teal'>chrome
Language: <span style='color:teal'>english
Login Role: <span style='color:teal'>super admin
TC_forgotPasswordUsernameEmpty Testcase execution Started
<em><b>"This method verifies error message for the empty Username field in the Forgot Password screen"
Verifying Username field
Performed click action on Username field
Entered text <b>""</b> in the Username field
Performed click action on Reset Password button field
Empty username is not allowed and Error message <span style='color:red'>Required</span> is displayed
TC_forgotPasswordUsernameEmpty Testcase execution Completed]]>
  </system-out>
  <testcase classname="login.ForgotPasswordTest" name="TC_forgotPasswordValidUsername" time="3.241"/>
  <system-out>
    <![CDATA[Browser: <span style='color:teal'>chrome
Language: <span style='color:teal'>english
Login Role: <span style='color:teal'>super admin
TC_forgotPasswordValidUsername Testcase execution Started
<emb><b>"This method verifies Forgot Password screen Username field for the valid data"
Performed click action on Username field
Entered text <b>"InfoAdmin"</b> in the Username field
Performed click action on Reset Password button field
<span style='color:blue'>Password link has been sent to your registered email</span> message is displayed
Performed click action on Alert Dialog Close button
Valid Username is accepted
Verifying Login page title
Page Title is <b>FMS - Login
TC_forgotPasswordValidUsername Testcase execution Completed]]>
  </system-out>
  <testcase classname="login.ForgotPasswordTest" name="TC_forgotPasswordUsernamePlaceholderText" time="1.045"/>
  <system-out>
    <![CDATA[Browser: <span style='color:teal'>chrome
Language: <span style='color:teal'>english
Login Role: <span style='color:teal'>super admin
TC_forgotPasswordUsernamePlaceholderText Testcase execution Started
<em><b>"This method verifies Forgot Password screen Username field Placeholder text"
<b>Username*</b> text is displayed in the Password placeholder
TC_forgotPasswordUsernamePlaceholderText Testcase execution Completed]]>
  </system-out>
</testsuite> <!-- login.ForgotPasswordTest -->
