<?xml version="1.0" encoding="UTF-8"?>
<!-- Generated by org.testng.reporters.JUnitReportReporter -->
<testsuite hostname="DESKTOP-390DHBP" failures="0" tests="25" name="dashboard.IdleVehicleListPageTest" time="111.208" errors="1" timestamp="2023-02-27T12:31:24 IST" skipped="0">
  <testcase classname="dashboard.IdleVehicleListPageTest" name="TC_idleVehicleListColumnsBtnColor" time="2.060"/>
  <system-out>
    <![CDATA[Browser: <span style='color:teal'>chrome
Language: <span style='color:teal'>english
Login Role: <span style='color:teal'>super admin
TC_idleVehicleListColumnsBtnColor Testcase execution Started
<em><b>"This method validates Idle Vehicle List screen Columns toolbar color"
Columns Toolbar Background color defined : <b>#413ea0</b>
Columns Toolbar Background color displayed : <b>#413ea0</b>
Columns Toolbar background colour matches the defined colour code
TC_idleVehicleListColumnsBtnColor Testcase execution Completed]]>
  </system-out>
  <testcase classname="dashboard.IdleVehicleListPageTest" name="TC_idleVehicleListFiltersTooltip" time="3.215"/>
  <system-out>
    <![CDATA[Browser: <span style='color:teal'>chrome
Language: <span style='color:teal'>english
Login Role: <span style='color:teal'>super admin
TC_idleVehicleListFiltersTooltip Testcase execution Started
<em><b>"This method validates Idle Vehicle List screen Filters toolbar tooltip text"
Mouse hovered over the element Idle Vehicle List Filters
Tooltip text for the Idle Vehicle List Filters is: <b>Show filters
The tooltip text appears correctly
TC_idleVehicleListFiltersTooltip Testcase execution Completed]]>
  </system-out>
  <testcase classname="dashboard.IdleVehicleListPageTest" name="TC_idleVehicleListdownloadBtnColorAfterClick" time="3.211"/>
  <system-out>
    <![CDATA[Browser: <span style='color:teal'>chrome
Language: <span style='color:teal'>english
Login Role: <span style='color:teal'>super admin
TC_idleVehicleListdownloadBtnColorAfterClick Testcase execution Started
<em><b>"This method validates Idle Vehicle List screen Download toolbar color after click"
Mouse hovered over the element Idle Vehicle List screen Download toolbar
Download Toolbar after click Background color defined : <b>#f2704e</b>
Download Toolbar after click Background color displayed : <b>#f2704e</b>
Download Toolbar after click background colour matches the defined colour code
TC_idleVehicleListdownloadBtnColorAfterClick Testcase execution Completed]]>
  </system-out>
  <testcase classname="dashboard.IdleVehicleListPageTest" name="TC_idleVehicleListSort" time="13.832"/>
  <system-out>
    <![CDATA[Browser: <span style='color:teal'>chrome
Language: <span style='color:teal'>english
Login Role: <span style='color:teal'>super admin
TC_idleVehicleListSort Testcase execution Started
<em><b>"This method verifies Idle Vehicle List screen Sort functionality"
Mouse hovered and clicked the element Table Sort button
Table records are sorted
TC_idleVehicleListSort Testcase execution Completed]]>
  </system-out>
  <testcase classname="dashboard.IdleVehicleListPageTest" name="TC_idleVehiclePageHeader" time="1.604"/>
  <system-out>
    <![CDATA[Browser: <span style='color:teal'>chrome
Language: <span style='color:teal'>english
Login Role: <span style='color:teal'>super admin
TC_idleVehiclePageHeader Testcase execution Started
<em><b>"This method verifies Idle Vehicle List Page Header"
Idle Vehicles List Page Header name is displayed
TC_idleVehiclePageHeader Testcase execution Completed]]>
  </system-out>
  <testcase classname="dashboard.IdleVehicleListPageTest" name="TC_idleVehicleListdownloadBtnColor" time="4.070"/>
  <system-out>
    <![CDATA[Browser: <span style='color:teal'>chrome
Language: <span style='color:teal'>english
Login Role: <span style='color:teal'>super admin
TC_idleVehicleListdownloadBtnColor Testcase execution Started
<em><b>"This method validates Idle Vehicle List screen Download toolbar color"
Download Toolbar Background color defined : <b>#413ea0</b>
Download Toolbar Background color displayed : <b>#413ea0</b>
Download Toolbar background colour matches the defined colour code
TC_idleVehicleListdownloadBtnColor Testcase execution Completed]]>
  </system-out>
  <testcase classname="dashboard.IdleVehicleListPageTest" name="TC_idleVehicleListRecordsPerPage" time="9.582"/>
  <system-out>
    <![CDATA[Browser: <span style='color:teal'>chrome
Language: <span style='color:teal'>english
Login Role: <span style='color:teal'>super admin
TC_idleVehicleListRecordsPerPage Testcase execution Started
<em><b>"This method verifies Idle Vehicle List screen Records per Page functionality"
TC_idleVehicleListRecordsPerPage Testcase execution Completed]]>
  </system-out>
  <testcase classname="dashboard.IdleVehicleListPageTest" name="TC_idleVehicleListLiveVideo" time="6.105">
    <error message="Index 0 out of bounds for length 0" type="java.lang.IndexOutOfBoundsException">
      <![CDATA[java.lang.IndexOutOfBoundsException: Index 0 out of bounds for length 0
at java.base/jdk.internal.util.Preconditions.outOfBounds(Preconditions.java:64)
at java.base/jdk.internal.util.Preconditions.outOfBoundsCheckIndex(Preconditions.java:70)
at java.base/jdk.internal.util.Preconditions.checkIndex(Preconditions.java:266)
at java.base/java.util.Objects.checkIndex(Objects.java:359)
at java.base/java.util.ArrayList.get(ArrayList.java:427)
at java.base/jdk.internal.reflect.NativeMethodAccessorImpl.invoke0(Native Method)
at java.base/jdk.internal.reflect.NativeMethodAccessorImpl.invoke(NativeMethodAccessorImpl.java:77)
at java.base/jdk.internal.reflect.DelegatingMethodAccessorImpl.invoke(DelegatingMethodAccessorImpl.java:43)
at java.base/java.lang.reflect.Method.invoke(Method.java:568)
at org.openqa.selenium.support.pagefactory.internal.LocatingElementListHandler.invoke(LocatingElementListHandler.java:40)
at jdk.proxy2/jdk.proxy2.$Proxy38.get(Unknown Source)
at com.qa.Pages.TablePage.verifyLiveVideo(TablePage.java:785)
at dashboard.IdleVehicleListPageTest.TC_idleVehicleListLiveVideo(IdleVehicleListPageTest.java:156)
at java.base/jdk.internal.reflect.NativeMethodAccessorImpl.invoke0(Native Method)
at java.base/jdk.internal.reflect.NativeMethodAccessorImpl.invoke(NativeMethodAccessorImpl.java:77)
at java.base/jdk.internal.reflect.DelegatingMethodAccessorImpl.invoke(DelegatingMethodAccessorImpl.java:43)
at java.base/java.lang.reflect.Method.invoke(Method.java:568)
at org.testng.internal.invokers.MethodInvocationHelper.invokeMethod(MethodInvocationHelper.java:139)
at org.testng.internal.invokers.TestInvoker.invokeMethod(TestInvoker.java:677)
at org.testng.internal.invokers.TestInvoker.invokeTestMethod(TestInvoker.java:221)
at org.testng.internal.invokers.MethodRunner.runInSequence(MethodRunner.java:50)
at org.testng.internal.invokers.TestInvoker$MethodInvocationAgent.invoke(TestInvoker.java:969)
at org.testng.internal.invokers.TestInvoker.invokeTestMethods(TestInvoker.java:194)
at org.testng.internal.invokers.TestMethodWorker.invokeTestMethods(TestMethodWorker.java:148)
at org.testng.internal.invokers.TestMethodWorker.run(TestMethodWorker.java:128)
at java.base/java.util.ArrayList.forEach(ArrayList.java:1511)
at org.testng.TestRunner.privateRun(TestRunner.java:829)
at org.testng.TestRunner.run(TestRunner.java:602)
at org.testng.SuiteRunner.runTest(SuiteRunner.java:437)
at org.testng.SuiteRunner.runSequentially(SuiteRunner.java:431)
at org.testng.SuiteRunner.privateRun(SuiteRunner.java:391)
at org.testng.SuiteRunner.run(SuiteRunner.java:330)
at org.testng.SuiteRunnerWorker.runSuite(SuiteRunnerWorker.java:52)
at org.testng.SuiteRunnerWorker.run(SuiteRunnerWorker.java:95)
at org.testng.TestNG.runSuitesSequentially(TestNG.java:1256)
at org.testng.TestNG.runSuitesLocally(TestNG.java:1176)
at org.testng.TestNG.runSuites(TestNG.java:1099)
at org.testng.TestNG.run(TestNG.java:1067)
at org.testng.remote.AbstractRemoteTestNG.run(AbstractRemoteTestNG.java:115)
at org.testng.remote.RemoteTestNG.initAndRun(RemoteTestNG.java:251)
at org.testng.remote.RemoteTestNG.main(RemoteTestNG.java:77)
]]>
    </error>
  </testcase> <!-- TC_idleVehicleListLiveVideo -->
  <system-out>
    <![CDATA[Browser: <span style='color:teal'>chrome
Language: <span style='color:teal'>english
Login Role: <span style='color:teal'>super admin
TC_idleVehicleListLiveVideo Testcase execution Started
<em><b>"This method verifies Idle Vehicle List screen Live Video functionality"
TC_idleVehicleListLiveVideo Testcase execution Failed]]>
  </system-out>
  <testcase classname="dashboard.IdleVehicleListPageTest" name="TC_idleVehicleListFiltersBtnColorAfterClick" time="3.203"/>
  <system-out>
    <![CDATA[Browser: <span style='color:teal'>chrome
Language: <span style='color:teal'>english
Login Role: <span style='color:teal'>super admin
TC_idleVehicleListFiltersBtnColorAfterClick Testcase execution Started
<em><b>"This method validates Idle Vehicle List screen Filters toolbar color after click"
Mouse hovered over the element Idle Vehicle List screen Filters toolbar
Filters Toolbar after click Background color defined : <b>#f2704e</b>
Filters Toolbar after click Background color displayed : <b>#f2704e</b>
Filters Toolbar after click background colour matches the defined colour code
TC_idleVehicleListFiltersBtnColorAfterClick Testcase execution Completed]]>
  </system-out>
  <testcase classname="dashboard.IdleVehicleListPageTest" name="TC_idleVehicleListColmnsList" time="4.034"/>
  <system-out>
    <![CDATA[Browser: <span style='color:teal'>chrome
Language: <span style='color:teal'>english
Login Role: <span style='color:teal'>super admin
TC_idleVehicleListColmnsList Testcase execution Started
<em><b>"This method validates Idle Vehicle List screen Columns List"
Performed click action on Columns toolbar field
The Columns list are  [#, Vehicle Number, Track Time, Location, Speed (km/h), Acc, Odometer (km), Idle Time(Mins), Video Status, Live Video]
The table headers are [#, Vehicle Number, Track Time, Location, Speed (km/h), Acc, Odometer (km), Idle Time(Mins), Video Status, Live Video]
The columns list matches the table headers
TC_idleVehicleListColmnsList Testcase execution Completed]]>
  </system-out>
  <testcase classname="dashboard.IdleVehicleListPageTest" name="TC_idleVehicleListUrl" time="1.032"/>
  <system-out>
    <![CDATA[Browser: <span style='color:teal'>chrome
Language: <span style='color:teal'>english
Login Role: <span style='color:teal'>super admin
TC_idleVehicleListUrl Testcase execution Started
<em><b>"This method verifies Idle Vehicle List screen URL"
Verifying Idle Vehicle List screen page URL
Not able to retrieve Page URL
TC_idleVehicleListUrl Testcase execution Completed]]>
  </system-out>
  <testcase classname="dashboard.IdleVehicleListPageTest" name="TC_idleVehicleListFiltersList" time="7.761"/>
  <system-out>
    <![CDATA[Browser: <span style='color:teal'>chrome
Language: <span style='color:teal'>english
Login Role: <span style='color:teal'>super admin
TC_idleVehicleListFiltersList Testcase execution Started
<em><b>"This method validates Idle Vehicle List screen Filters toolbar List"
Performed click action on Filters toolbar field
Filter Columns dropdown list are []
The headers of the table are     [#, Vehicle Number, Track Time, Location, Speed (km/h), Acc, Odometer (km), Idle Time(Mins), Video Status, Live Video]
The Filter columns list matches the table headers
TC_idleVehicleListFiltersList Testcase execution Completed]]>
  </system-out>
  <testcase classname="dashboard.IdleVehicleListPageTest" name="TC_idleVehicleListSearch" time="12.162"/>
  <system-out>
    <![CDATA[Browser: <span style='color:teal'>chrome
Language: <span style='color:teal'>english
Login Role: <span style='color:teal'>super admin
TC_idleVehicleListSearch Testcase execution Started
<em><b>"This method verifies Idle Vehicle List screen Search functionality"
Performed click action on Filters toolbar field
Performed click action on Filters toolbar Columns dropdown field
Entered text <b>"Report=..........................."</b> in the Filters toolbar Columns dropdown field
Entered text <b>"72070"</b> in the Filters toolbar Value Text field field
Searching for the <b>72070 Report=...........................
Total Number of rows count in a table: 2
Number of records present for the searched element: 2
TC_idleVehicleListSearch Testcase execution Completed]]>
  </system-out>
  <testcase classname="dashboard.IdleVehicleListPageTest" name="TC_idleVehicleListColumnsBtnColorAfterClick" time="3.200"/>
  <system-out>
    <![CDATA[Browser: <span style='color:teal'>chrome
Language: <span style='color:teal'>english
Login Role: <span style='color:teal'>super admin
TC_idleVehicleListColumnsBtnColorAfterClick Testcase execution Started
<em><b>"This method validates Idle Vehicle List screen Columns toolbar color after click"
Mouse hovered over the element Idle Vehicle List screen Columns toolbar
Columns Toolbar after click Background color defined : <b>#f2704e</b>
Columns Toolbar after click Background color displayed : <b>#f2704e</b>
Columns Toolbar after click background colour matches the defined colour code
TC_idleVehicleListColumnsBtnColorAfterClick Testcase execution Completed]]>
  </system-out>
  <testcase classname="dashboard.IdleVehicleListPageTest" name="TC_idleVehicleListDownloadList" time="1.206"/>
  <system-out>
    <![CDATA[Browser: <span style='color:teal'>chrome
Language: <span style='color:teal'>english
Login Role: <span style='color:teal'>super admin
TC_idleVehicleListDownloadList Testcase execution Started
<em><b>"This method validates Idle Vehicle List screen Download toolbar List"
Performed click action on Download toolbar field
Download menu list are [ CSV,  PDF]
TC_idleVehicleListDownloadList Testcase execution Completed]]>
  </system-out>
  <testcase classname="dashboard.IdleVehicleListPageTest" name="TC_idleVehicleListRecordsPerPageText" time="1.264"/>
  <system-out>
    <![CDATA[Browser: <span style='color:teal'>chrome
Language: <span style='color:teal'>english
Login Role: <span style='color:teal'>super admin
TC_idleVehicleListRecordsPerPageText Testcase execution Started
<em><b>"This method validates Records per Page text is displayed in Idle Vehicle List Screen"
TC_idleVehicleListRecordsPerPageText Testcase execution Completed]]>
  </system-out>
  <testcase classname="dashboard.IdleVehicleListPageTest" name="TC_idleVehicleListFiltersDeleteBtn" time="1.503"/>
  <system-out>
    <![CDATA[Browser: <span style='color:teal'>chrome
Language: <span style='color:teal'>english
Login Role: <span style='color:teal'>super admin
TC_idleVehicleListFiltersDeleteBtn Testcase execution Started
<em><b>"This method validates Idle Vehicle List screen Filters toolbar Delete functionality"
Performed click action on Filters toolbar field
Entering data in Filters text field <b>abcd
Entered text <b>"abcd"</b> in the Filters toolbar text field field
Performed click action on Filters toolbar Delete button field
Entered data is cleared from the text field
TC_idleVehicleListFiltersDeleteBtn Testcase execution Completed]]>
  </system-out>
  <testcase classname="dashboard.IdleVehicleListPageTest" name="TC_idleVehicleListFiltersBtnColor" time="2.578"/>
  <system-out>
    <![CDATA[Browser: <span style='color:teal'>chrome
Language: <span style='color:teal'>english
Login Role: <span style='color:teal'>super admin
TC_idleVehicleListFiltersBtnColor Testcase execution Started
<em><b>"This method validates Idle Vehicle List screen Filters toolbar color"
Filters Toolbar Background color defined : <b>#413ea0</b>
Filters Toolbar Background color displayed : <b>#413ea0</b>
Filters Toolbar background colour matches the defined colour code
TC_idleVehicleListFiltersBtnColor Testcase execution Completed]]>
  </system-out>
  <testcase classname="dashboard.IdleVehicleListPageTest" name="TC_idleVehicleUpwardArrowBtn" time="2.224"/>
  <system-out>
    <![CDATA[Browser: <span style='color:teal'>chrome
Language: <span style='color:teal'>english
Login Role: <span style='color:teal'>super admin
TC_idleVehicleUpwardArrowBtn Testcase execution Started
<em><b>"This method verifies Idle Vehicle screen Upward Arrow button functionality"
The page is scrolled to the end
Performed click action on Upward Arrow button field
As the upward arrow button was clicked, the page scrolled to the top
TC_idleVehicleUpwardArrowBtn Testcase execution Completed]]>
  </system-out>
  <testcase classname="dashboard.IdleVehicleListPageTest" name="TC_idleVehicleListColumnsHideAll" time="11.322"/>
  <system-out>
    <![CDATA[Browser: <span style='color:teal'>chrome
Language: <span style='color:teal'>english
Login Role: <span style='color:teal'>super admin
TC_idleVehicleListColumnsHideAll Testcase execution Started
<em><b>"This method validates Idle Vehicle List screen Columns Hide All functionality"
Performed click action on Columns toolbar field
Performed click action on Columns toolbar Hide All button field
Total Number of columns count in a table: <b>0</b>
All the table columns are hidden
TC_idleVehicleListColumnsHideAll Testcase execution Completed]]>
  </system-out>
  <testcase classname="dashboard.IdleVehicleListPageTest" name="TC_idleVehicleListTitle" time="1.252"/>
  <system-out>
    <![CDATA[Browser: <span style='color:teal'>chrome
Language: <span style='color:teal'>english
Login Role: <span style='color:teal'>super admin
TC_idleVehicleListTitle Testcase execution Started
<em><b>"This method verifies Idle Vehicle List Page Title"
Verifying Idle Vehicle List screen page title
Page Title is <b>FMS - Dashboard
TC_idleVehicleListTitle Testcase execution Completed]]>
  </system-out>
  <testcase classname="dashboard.IdleVehicleListPageTest" name="TC_idleVehicleListColumnsShowAll" time="2.337"/>
  <system-out>
    <![CDATA[Browser: <span style='color:teal'>chrome
Language: <span style='color:teal'>english
Login Role: <span style='color:teal'>super admin
TC_idleVehicleListColumnsShowAll Testcase execution Started
<em><b>"This method validates Idle Vehicle List screen Columns Show All functionality"
Performed click action on Columns toolbar field
The Columns list are  [#, Vehicle Number, Track Time, Location, Speed (km/h), Acc, Odometer (km), Idle Time(Mins), Video Status, Live Video]
Performed click action on Columns toolbar Show All button field
The table headers are [#, Vehicle Number, Track Time, Location, Speed (km/h), Acc, Odometer (km), Idle Time(Mins), Video Status, Live Video]
The columns list matches the table headers
TC_idleVehicleListColumnsShowAll Testcase execution Completed]]>
  </system-out>
  <testcase classname="dashboard.IdleVehicleListPageTest" name="TC_idleVehicleListDownloadCSV" time="1.766"/>
  <system-out>
    <![CDATA[Browser: <span style='color:teal'>chrome
Language: <span style='color:teal'>english
Login Role: <span style='color:teal'>super admin
TC_idleVehicleListDownloadCSV Testcase execution Started
<em><b>"This method validates Idle Vehicle List screen CSV Download functionality"
Performed click action on Download toolbar field
Performed click action on CSV field
TC_idleVehicleListDownloadCSV Testcase execution Completed]]>
  </system-out>
  <testcase classname="dashboard.IdleVehicleListPageTest" name="TC_idleVehicleListDownloadPDF" time="7.942"/>
  <system-out>
    <![CDATA[Browser: <span style='color:teal'>chrome
Language: <span style='color:teal'>english
Login Role: <span style='color:teal'>super admin
TC_idleVehicleListDownloadPDF Testcase execution Started
<em><b>"This method validates Idle Vehicle List screen PDF Download functionality"
Performed click action on Download toolbar field
Performed click action on PDF field
TC_idleVehicleListDownloadPDF Testcase execution Completed]]>
  </system-out>
  <testcase classname="dashboard.IdleVehicleListPageTest" name="TC_idleVehicleListRecordsPerPageList" time="2.743"/>
  <system-out>
    <![CDATA[Browser: <span style='color:teal'>chrome
Language: <span style='color:teal'>english
Login Role: <span style='color:teal'>super admin
TC_idleVehicleListRecordsPerPageList Testcase execution Started
<em><b>"This method validates Records per page dropdown list entries in Idle Vehicle List screen"
Performed click action on Records per page Dropdown field
Records per page entries are [10, 20, 30]
TC_idleVehicleListRecordsPerPageList Testcase execution Completed]]>
  </system-out>
</testsuite> <!-- dashboard.IdleVehicleListPageTest -->
