<?xml version="1.0" encoding="UTF-8"?>
<!-- Generated by org.testng.reporters.JUnitReportReporter -->
<testsuite hostname="DESKTOP-390DHBP" failures="0" tests="9" name="users.UsersPasswordFieldTest" time="15.330" errors="0" timestamp="2023-02-24T20:54:40 IST" skipped="0">
  <testcase classname="users.UsersPasswordFieldTest" name="TC_usersPasswordPlaceholderText" time="0.123"/>
  <system-out>
    <![CDATA[Browser: <span style='color:teal'>chrome
Language: <span style='color:teal'>english
Login Role: <span style='color:teal'>super admin
TC_usersPasswordPlaceholderText Testcase execution Started
<em><b>"This method verifies Password field Placeholder text in the Users Add screen"
<b>Password*</b> text is displayed in the Password placeholder
TC_usersPasswordPlaceholderText Testcase execution Completed]]>
  </system-out>
  <testcase classname="users.UsersPasswordFieldTest" name="TC_usersPasswordMinimumLength" time="0.574"/>
  <system-out>
    <![CDATA[Browser: <span style='color:teal'>chrome
Language: <span style='color:teal'>english
Login Role: <span style='color:teal'>super admin
TC_usersPasswordMinimumLength Testcase execution Started
<em><b>"This method verifies Users Add screen Password field for the minimum character length"
Performed click action on Users screen Password field
Entered text <b>"YOx"</b> in the Users screen Password field
<span style='color:red'>Password must be greater than 5 characters</span> error message is displayed
TC_usersPasswordMinimumLength Testcase execution Completed]]>
  </system-out>
  <testcase classname="users.UsersPasswordFieldTest" name="TC_usersPasswordSpecialChar" time="5.610"/>
  <system-out>
    <![CDATA[Browser: <span style='color:teal'>chrome
Language: <span style='color:teal'>english
Login Role: <span style='color:teal'>super admin
TC_usersPasswordSpecialChar Testcase execution Started
<em><b>"This method verifies Users Add screen Password field for the Special characters"
Performed click action on Users screen Password field field
Entered text <b>"%,<'<*"</b> in the Users screen Password field field
Special characters are allowed in the password text field
TC_usersPasswordSpecialChar Testcase execution Completed]]>
  </system-out>
  <testcase classname="users.UsersPasswordFieldTest" name="TC_usersPasswordSpace" time="0.458"/>
  <system-out>
    <![CDATA[Browser: <span style='color:teal'>chrome
Language: <span style='color:teal'>english
Login Role: <span style='color:teal'>super admin
TC_usersPasswordSpace Testcase execution Started
<em><b>"This method verifies Users Add screen Password field by entering Spaces"
Entered space in the Users screen Password text field
<span style='color:red'>Space is not allowed</span> error message is displayed
TC_usersPasswordSpace Testcase execution Completed]]>
  </system-out>
  <testcase classname="users.UsersPasswordFieldTest" name="TC_usersPasswordEyeIconEnable" time="0.820"/>
  <system-out>
    <![CDATA[Browser: <span style='color:teal'>chrome
Language: <span style='color:teal'>english
Login Role: <span style='color:teal'>super admin
TC_usersPasswordEyeIconEnable Testcase execution Started
<em><b>"This method verifies entered Password is displayed in encrypted format by default in Users Add screen"
Performed click action on Users screen Password field field
Entered text <b>"thJ92qR"</b> in the Users screen Password field field
Performed click action on Eye icon field
The password is displayed by default in encrypted format
TC_usersPasswordEyeIconEnable Testcase execution Completed]]>
  </system-out>
  <testcase classname="users.UsersPasswordFieldTest" name="TC_usersPasswordMaximumLength" time="0.970"/>
  <system-out>
    <![CDATA[Browser: <span style='color:teal'>chrome
Language: <span style='color:teal'>english
Login Role: <span style='color:teal'>super admin
TC_usersPasswordMaximumLength Testcase execution Started
<em><b>"This method verifies Users Add screen Password field for the maximum character length"
Performed click action on Users screen Password field
Entered text <b>"sLMsAHCzmCznlabX"</b> in the Users screen Password field
<span style='color:red'>Password must be less than 16 characters</span> error message is displayed
TC_usersPasswordMaximumLength Testcase execution Completed]]>
  </system-out>
  <testcase classname="users.UsersPasswordFieldTest" name="TC_usersPasswordEmpty" time="0.509"/>
  <system-out>
    <![CDATA[Browser: <span style='color:teal'>chrome
Language: <span style='color:teal'>english
Login Role: <span style='color:teal'>super admin
TC_usersPasswordEmpty Testcase execution Started
<em><b>"This method verifies error message for the empty Password in the Users Add screen"
Performed click action on Users screen Password field
Entered text <b>""</b> in the Users screen Password field
<span style='color:red'>Required</span> error message is displayed
TC_usersPasswordEmpty Testcase execution Completed]]>
  </system-out>
  <testcase classname="users.UsersPasswordFieldTest" name="TC_usersPasswordAlphanumeric" time="5.547"/>
  <system-out>
    <![CDATA[Browser: <span style='color:teal'>chrome
Language: <span style='color:teal'>english
Login Role: <span style='color:teal'>super admin
TC_usersPasswordAlphanumeric Testcase execution Started
<em><b>"This method verifies Users Add screen Password field for the Alphabetic characters"
Performed click action on Users screen Password field
Entered text <b>"MLuSpS"</b> in the Users screen Password field
Alphanumeric characters are allowed in the password text field
TC_usersPasswordAlphanumeric Testcase execution Completed]]>
  </system-out>
  <testcase classname="users.UsersPasswordFieldTest" name="TC_usersPasswordEyeIconDisable" time="0.719"/>
  <system-out>
    <![CDATA[Browser: <span style='color:teal'>chrome
Language: <span style='color:teal'>english
Login Role: <span style='color:teal'>super admin
TC_usersPasswordEyeIconDisable Testcase execution Started
<em><b>"This method verifies entered Password is displayed in Plain text format on disabling View icon in Users Add screen"
Performed click action on Users screen Password field field
Entered text <b>"lCXlrYR"</b> in the Users screen Password field field
Performed click action on Eye icon field
Password is displayed in plain text
TC_usersPasswordEyeIconDisable Testcase execution Completed]]>
  </system-out>
</testsuite> <!-- users.UsersPasswordFieldTest -->
