<?xml version="1.0" encoding="UTF-8"?>
<!-- Generated by org.testng.reporters.JUnitReportReporter -->
<testsuite hostname="DESKTOP-390DHBP" failures="0" tests="4" name="dashboard.DynamicStatusTableTest" time="19.088" errors="0" timestamp="2023-02-24T20:54:40 IST" skipped="0">
  <testcase classname="dashboard.DynamicStatusTableTest" name="TC_dynamicTableSearchTest" time="2.968"/>
  <system-out>
    <![CDATA[Browser: <span style='color:teal'>chrome
Language: <span style='color:teal'>english
Login Role: <span style='color:teal'>super admin
TC_dynamicTableSearchTest Testcase execution Started
<em><b>This method validates Dynamic Status Table search functionality
Performed click action on Filters toolbar field
Performed click action on Filters toolbar Columns dropdown field
Entered text <b>"Acc"</b> in the Filters toolbar Columns dropdown field
Entered text <b>"On"</b> in the Filters toolbar Value Text field field
Searching for the <b>On Acc
Total Number of rows count in a table: 5
Number of records present for the searched element: 5
TC_dynamicTableSearchTest Testcase execution Completed]]>
  </system-out>
  <testcase classname="dashboard.DynamicStatusTableTest" name="TC_dynamicTableRecordsPerPageTest" time="7.498"/>
  <system-out>
    <![CDATA[Browser: <span style='color:teal'>chrome
Language: <span style='color:teal'>english
Login Role: <span style='color:teal'>super admin
TC_dynamicTableRecordsPerPageTest Testcase execution Started
<em><b>This method validates Dynamic Status Table records per page functionality
TC_dynamicTableRecordsPerPageTest Testcase execution Completed]]>
  </system-out>
  <testcase classname="dashboard.DynamicStatusTableTest" name="TC_dynamicTableSortTest" time="8.387"/>
  <system-out>
    <![CDATA[Browser: <span style='color:teal'>chrome
Language: <span style='color:teal'>english
Login Role: <span style='color:teal'>super admin
TC_dynamicTableSortTest Testcase execution Started
<em><b>This method validates Dynamic Status Table Sort functionality
Mouse hovered and clicked the element Table Sort button
Table records are sorted
TC_dynamicTableSortTest Testcase execution Completed]]>
  </system-out>
  <testcase classname="dashboard.DynamicStatusTableTest" name="TC_dynamicTableHeader" time="0.235"/>
  <system-out>
    <![CDATA[Browser: <span style='color:teal'>chrome
Language: <span style='color:teal'>english
Login Role: <span style='color:teal'>super admin
TC_dynamicTableHeader Testcase execution Started
<em><b>This method validates Dynamic Status Table header
Dynamic Status Header name is displayed
TC_dynamicTableHeader Testcase execution Completed]]>
  </system-out>
</testsuite> <!-- dashboard.DynamicStatusTableTest -->
