<?xml version="1.0" encoding="UTF-8"?>
<!-- Generated by org.testng.reporters.JUnitReportReporter -->
<testsuite hostname="DESKTOP-390DHBP" failures="0" tests="24" name="dashboard.StoppedVehicleListPageTest" time="101.388" errors="1" timestamp="2023-02-27T12:31:24 IST" skipped="0">
  <testcase classname="dashboard.StoppedVehicleListPageTest" name="TC_stoppedVehicleListColumnsBtnColor" time="2.061"/>
  <system-out>
    <![CDATA[Browser: <span style='color:teal'>chrome
Language: <span style='color:teal'>english
Login Role: <span style='color:teal'>super admin
TC_stoppedVehicleListColumnsBtnColor Testcase execution Started
<em><b>"This method validates Stopped Vehicle List screen Columns toolbar color"
Columns Toolbar Background color defined : <b>#413ea0</b>
Columns Toolbar Background color displayed : <b>#413ea0</b>
Columns Toolbar background colour matches the defined colour code
TC_stoppedVehicleListColumnsBtnColor Testcase execution Completed]]>
  </system-out>
  <testcase classname="dashboard.StoppedVehicleListPageTest" name="TC_stoppedVehicleListFiltersTooltip" time="3.714"/>
  <system-out>
    <![CDATA[Browser: <span style='color:teal'>chrome
Language: <span style='color:teal'>english
Login Role: <span style='color:teal'>super admin
TC_stoppedVehicleListFiltersTooltip Testcase execution Started
<em><b>"This method validates Stopped Vehicle List screen Filters toolbar tooltip text"
Mouse hovered over the element Stopped Vehicle List Filters
Tooltip text for the Stopped Vehicle List Filters is: <b>Show filters
The tooltip text appears correctly
TC_stoppedVehicleListFiltersTooltip Testcase execution Completed]]>
  </system-out>
  <testcase classname="dashboard.StoppedVehicleListPageTest" name="TC_stoppedVehicleUpwardArrowBtn" time="2.199"/>
  <system-out>
    <![CDATA[Browser: <span style='color:teal'>chrome
Language: <span style='color:teal'>english
Login Role: <span style='color:teal'>super admin
TC_stoppedVehicleUpwardArrowBtn Testcase execution Started
<em><b>"This method verifies Stopped Vehicle screen Upward Arrow button functionality"
The page is scrolled to the end
Performed click action on Upward Arrow button field
As the upward arrow button was clicked, the page scrolled to the top
TC_stoppedVehicleUpwardArrowBtn Testcase execution Completed]]>
  </system-out>
  <testcase classname="dashboard.StoppedVehicleListPageTest" name="TC_stoppedVehicleListSearch" time="11.851"/>
  <system-out>
    <![CDATA[Browser: <span style='color:teal'>chrome
Language: <span style='color:teal'>english
Login Role: <span style='color:teal'>super admin
TC_stoppedVehicleListSearch Testcase execution Started
<em><b>"This method verifies Stopped Vehicle List screen Search functionality"
Performed click action on Filters toolbar field
Performed click action on Filters toolbar Columns dropdown field
Entered text <b>"Report=..........................."</b> in the Filters toolbar Columns dropdown field
Entered text <b>"72082"</b> in the Filters toolbar Value Text field field
Searching for the <b>72082 Report=...........................
Total Number of rows count in a table: 6
Number of records present for the searched element: 6
TC_stoppedVehicleListSearch Testcase execution Completed]]>
  </system-out>
  <testcase classname="dashboard.StoppedVehicleListPageTest" name="TC_stoppedVehiclePageHeader" time="1.550"/>
  <system-out>
    <![CDATA[Browser: <span style='color:teal'>chrome
Language: <span style='color:teal'>english
Login Role: <span style='color:teal'>super admin
TC_stoppedVehiclePageHeader Testcase execution Started
<em><b>"This method verifies Stopped Vehicle List Page Header"
Stopped Vehicles List Page Header name is displayed
TC_stoppedVehiclePageHeader Testcase execution Completed]]>
  </system-out>
  <testcase classname="dashboard.StoppedVehicleListPageTest" name="TC_stoppedVehicleListFiltersDeleteBtn" time="1.491"/>
  <system-out>
    <![CDATA[Browser: <span style='color:teal'>chrome
Language: <span style='color:teal'>english
Login Role: <span style='color:teal'>super admin
TC_stoppedVehicleListFiltersDeleteBtn Testcase execution Started
<em><b>"This method validates Stopped Vehicle List screen Filters toolbar Delete functionality"
Performed click action on Filters toolbar field
Entering data in Filters text field <b>abcd
Entered text <b>"abcd"</b> in the Filters toolbar text field field
Performed click action on Filters toolbar Delete button field
Entered data is cleared from the text field
TC_stoppedVehicleListFiltersDeleteBtn Testcase execution Completed]]>
  </system-out>
  <testcase classname="dashboard.StoppedVehicleListPageTest" name="TC_stoppedVehicleListSort" time="13.787"/>
  <system-out>
    <![CDATA[Browser: <span style='color:teal'>chrome
Language: <span style='color:teal'>english
Login Role: <span style='color:teal'>super admin
TC_stoppedVehicleListSort Testcase execution Started
<em><b>"This method verifies Stopped Vehicle List screen Sort functionality"
Mouse hovered and clicked the element Table Sort button
Table records are sorted
TC_stoppedVehicleListSort Testcase execution Completed]]>
  </system-out>
  <testcase classname="dashboard.StoppedVehicleListPageTest" name="TC_stoppedVehicleListColmnsList" time="4.469"/>
  <system-out>
    <![CDATA[Browser: <span style='color:teal'>chrome
Language: <span style='color:teal'>english
Login Role: <span style='color:teal'>super admin
TC_stoppedVehicleListColmnsList Testcase execution Started
<em><b>"This method validates Stopped Vehicle List screen Columns List"
Performed click action on Columns toolbar field
The Columns list are  [#, Vehicle Number, Track Time, Location, Speed (km/h), Acc, Odometer (km), Idle Time(Mins), Video Status, Live Video]
The table headers are [#, Vehicle Number, Track Time, Location, Speed (km/h), Acc, Odometer (km), Idle Time(Mins), Video Status, Live Video]
The columns list matches the table headers
TC_stoppedVehicleListColmnsList Testcase execution Completed]]>
  </system-out>
  <testcase classname="dashboard.StoppedVehicleListPageTest" name="TC_stoppedVehicleListColumnsHideAll" time="11.352"/>
  <system-out>
    <![CDATA[Browser: <span style='color:teal'>chrome
Language: <span style='color:teal'>english
Login Role: <span style='color:teal'>super admin
TC_stoppedVehicleListColumnsHideAll Testcase execution Started
<em><b>"This method validates Stopped Vehicle List screen Columns Hide All functionality"
Performed click action on Columns toolbar field
Performed click action on Columns toolbar Hide All button field
Total Number of columns count in a table: <b>0</b>
All the table columns are hidden
TC_stoppedVehicleListColumnsHideAll Testcase execution Completed]]>
  </system-out>
  <testcase classname="dashboard.StoppedVehicleListPageTest" name="TC_stoppedVehicleListFiltersBtnColor" time="2.578"/>
  <system-out>
    <![CDATA[Browser: <span style='color:teal'>chrome
Language: <span style='color:teal'>english
Login Role: <span style='color:teal'>super admin
TC_stoppedVehicleListFiltersBtnColor Testcase execution Started
<em><b>"This method validates Stopped Vehicle List screen Filters toolbar color"
Filters Toolbar Background color defined : <b>#413ea0</b>
Filters Toolbar Background color displayed : <b>#413ea0</b>
Filters Toolbar background colour matches the defined colour code
TC_stoppedVehicleListFiltersBtnColor Testcase execution Completed]]>
  </system-out>
  <testcase classname="dashboard.StoppedVehicleListPageTest" name="TC_stoppedVehicleListRecordsPerPageText" time="1.264">
    <error message="stale element reference: element is not attached to the page document
  (Session info: chrome=110.0.5481.177)
For documentation on this error, please visit: https://selenium.dev/exceptions/#stale_element_reference
Build info: version: &#039;4.8.0&#039;, revision: &#039;267030adea&#039;
System info: os.name: &#039;Windows 11&#039;, os.arch: &#039;amd64&#039;, os.version: &#039;10.0&#039;, java.version: &#039;17.0.6&#039;
Driver info: org.openqa.selenium.chrome.ChromeDriver
Command: [9f353765b6531197c99e23ce10d39e77, isElementDisplayed {id=d27500a8-9fc4-4601-b510-dfe49ec95e9c}]
Capabilities {acceptInsecureCerts: false, browserName: chrome, browserVersion: 110.0.5481.177, chrome: {chromedriverVersion: 110.0.5481.77 (65ed616c6e8e..., userDataDir: C:\Users\Nikkil\AppData\Loc...}, goog:chromeOptions: {debuggerAddress: localhost:50889}, networkConnectionEnabled: false, pageLoadStrategy: normal, platformName: WINDOWS, proxy: Proxy(), se:cdp: ws://localhost:50889/devtoo..., se:cdpVersion: 110.0.5481.177, setWindowRect: true, strictFileInteractability: false, timeouts: {implicit: 0, pageLoad: 300000, script: 30000}, unhandledPromptBehavior: dismiss and notify, webauthn:extension:credBlob: true, webauthn:extension:largeBlob: true, webauthn:virtualAuthenticators: true}
Element: [[ChromeDriver: chrome on WINDOWS (9f353765b6531197c99e23ce10d39e77)] -&gt; xpath: //p[starts-with(@class,&#039;MuiTablePagination-selectLabel css-1chpzqh&#039;)]]
Session ID: 9f353765b6531197c99e23ce10d39e77" type="org.openqa.selenium.StaleElementReferenceException">
      <![CDATA[org.openqa.selenium.StaleElementReferenceException: stale element reference: element is not attached to the page document
  (Session info: chrome=110.0.5481.177)
For documentation on this error, please visit: https://selenium.dev/exceptions/#stale_element_reference
Build info: version: '4.8.0', revision: '267030adea'
System info: os.name: 'Windows 11', os.arch: 'amd64', os.version: '10.0', java.version: '17.0.6'
Driver info: org.openqa.selenium.chrome.ChromeDriver
Command: [9f353765b6531197c99e23ce10d39e77, isElementDisplayed {id=d27500a8-9fc4-4601-b510-dfe49ec95e9c}]
Capabilities {acceptInsecureCerts: false, browserName: chrome, browserVersion: 110.0.5481.177, chrome: {chromedriverVersion: 110.0.5481.77 (65ed616c6e8e..., userDataDir: C:\Users\Nikkil\AppData\Loc...}, goog:chromeOptions: {debuggerAddress: localhost:50889}, networkConnectionEnabled: false, pageLoadStrategy: normal, platformName: WINDOWS, proxy: Proxy(), se:cdp: ws://localhost:50889/devtoo..., se:cdpVersion: 110.0.5481.177, setWindowRect: true, strictFileInteractability: false, timeouts: {implicit: 0, pageLoad: 300000, script: 30000}, unhandledPromptBehavior: dismiss and notify, webauthn:extension:credBlob: true, webauthn:extension:largeBlob: true, webauthn:virtualAuthenticators: true}
Element: [[ChromeDriver: chrome on WINDOWS (9f353765b6531197c99e23ce10d39e77)] -> xpath: //p[starts-with(@class,'MuiTablePagination-selectLabel css-1chpzqh')]]
Session ID: 9f353765b6531197c99e23ce10d39e77
at java.base/jdk.internal.reflect.NativeConstructorAccessorImpl.newInstance0(Native Method)
at java.base/jdk.internal.reflect.NativeConstructorAccessorImpl.newInstance(NativeConstructorAccessorImpl.java:77)
at java.base/jdk.internal.reflect.DelegatingConstructorAccessorImpl.newInstance(DelegatingConstructorAccessorImpl.java:45)
at java.base/java.lang.reflect.Constructor.newInstanceWithCaller(Constructor.java:499)
at java.base/java.lang.reflect.Constructor.newInstance(Constructor.java:480)
at org.openqa.selenium.remote.codec.w3c.W3CHttpResponseCodec.createException(W3CHttpResponseCodec.java:200)
at org.openqa.selenium.remote.codec.w3c.W3CHttpResponseCodec.decode(W3CHttpResponseCodec.java:133)
at org.openqa.selenium.remote.codec.w3c.W3CHttpResponseCodec.decode(W3CHttpResponseCodec.java:53)
at org.openqa.selenium.remote.HttpCommandExecutor.execute(HttpCommandExecutor.java:184)
at org.openqa.selenium.remote.service.DriverCommandExecutor.invokeExecute(DriverCommandExecutor.java:167)
at org.openqa.selenium.remote.service.DriverCommandExecutor.execute(DriverCommandExecutor.java:142)
at org.openqa.selenium.remote.RemoteWebDriver.execute(RemoteWebDriver.java:543)
at org.openqa.selenium.remote.RemoteWebElement.execute(RemoteWebElement.java:257)
at org.openqa.selenium.remote.RemoteWebElement.isDisplayed(RemoteWebElement.java:313)
at java.base/jdk.internal.reflect.NativeMethodAccessorImpl.invoke0(Native Method)
at java.base/jdk.internal.reflect.NativeMethodAccessorImpl.invoke(NativeMethodAccessorImpl.java:77)
at java.base/jdk.internal.reflect.DelegatingMethodAccessorImpl.invoke(DelegatingMethodAccessorImpl.java:43)
at java.base/java.lang.reflect.Method.invoke(Method.java:568)
at org.openqa.selenium.support.pagefactory.internal.LocatingElementHandler.invoke(LocatingElementHandler.java:52)
at jdk.proxy2/jdk.proxy2.$Proxy37.isDisplayed(Unknown Source)
at com.qa.Utils.TestUtils.isDisplayed(TestUtils.java:91)
at com.qa.Pages.TablePage.recordsPerPageText(TablePage.java:524)
at dashboard.StoppedVehicleListPageTest.TC_stoppedVehicleListRecordsPerPageText(StoppedVehicleListPageTest.java:55)
at java.base/jdk.internal.reflect.NativeMethodAccessorImpl.invoke0(Native Method)
at java.base/jdk.internal.reflect.NativeMethodAccessorImpl.invoke(NativeMethodAccessorImpl.java:77)
at java.base/jdk.internal.reflect.DelegatingMethodAccessorImpl.invoke(DelegatingMethodAccessorImpl.java:43)
at java.base/java.lang.reflect.Method.invoke(Method.java:568)
at org.testng.internal.invokers.MethodInvocationHelper.invokeMethod(MethodInvocationHelper.java:139)
at org.testng.internal.invokers.TestInvoker.invokeMethod(TestInvoker.java:677)
at org.testng.internal.invokers.TestInvoker.invokeTestMethod(TestInvoker.java:221)
at org.testng.internal.invokers.MethodRunner.runInSequence(MethodRunner.java:50)
at org.testng.internal.invokers.TestInvoker$MethodInvocationAgent.invoke(TestInvoker.java:969)
at org.testng.internal.invokers.TestInvoker.invokeTestMethods(TestInvoker.java:194)
at org.testng.internal.invokers.TestMethodWorker.invokeTestMethods(TestMethodWorker.java:148)
at org.testng.internal.invokers.TestMethodWorker.run(TestMethodWorker.java:128)
at java.base/java.util.ArrayList.forEach(ArrayList.java:1511)
at org.testng.TestRunner.privateRun(TestRunner.java:829)
at org.testng.TestRunner.run(TestRunner.java:602)
at org.testng.SuiteRunner.runTest(SuiteRunner.java:437)
at org.testng.SuiteRunner.runSequentially(SuiteRunner.java:431)
at org.testng.SuiteRunner.privateRun(SuiteRunner.java:391)
at org.testng.SuiteRunner.run(SuiteRunner.java:330)
at org.testng.SuiteRunnerWorker.runSuite(SuiteRunnerWorker.java:52)
at org.testng.SuiteRunnerWorker.run(SuiteRunnerWorker.java:95)
at org.testng.TestNG.runSuitesSequentially(TestNG.java:1256)
at org.testng.TestNG.runSuitesLocally(TestNG.java:1176)
at org.testng.TestNG.runSuites(TestNG.java:1099)
at org.testng.TestNG.run(TestNG.java:1067)
at org.testng.remote.AbstractRemoteTestNG.run(AbstractRemoteTestNG.java:115)
at org.testng.remote.RemoteTestNG.initAndRun(RemoteTestNG.java:251)
at org.testng.remote.RemoteTestNG.main(RemoteTestNG.java:77)
]]>
    </error>
  </testcase> <!-- TC_stoppedVehicleListRecordsPerPageText -->
  <system-out>
    <![CDATA[Browser: <span style='color:teal'>chrome
Language: <span style='color:teal'>english
Login Role: <span style='color:teal'>super admin
TC_stoppedVehicleListRecordsPerPageText Testcase execution Started
<em><b>"This method validates Records per Page text is displayed in Stopped Vehicle List Screen"
TC_stoppedVehicleListRecordsPerPageText Testcase execution Failed]]>
  </system-out>
  <testcase classname="dashboard.StoppedVehicleListPageTest" name="TC_stoppedVehicleListFiltersBtnColorAfterClick" time="3.198"/>
  <system-out>
    <![CDATA[Browser: <span style='color:teal'>chrome
Language: <span style='color:teal'>english
Login Role: <span style='color:teal'>super admin
TC_stoppedVehicleListFiltersBtnColorAfterClick Testcase execution Started
<em><b>"This method validates Stopped Vehicle List screen Filters toolbar color after click"
Mouse hovered over the element Stopped Vehicle List screen Filters toolbar
Filters Toolbar after click Background color defined : <b>#f2704e</b>
Filters Toolbar after click Background color displayed : <b>#f2704e</b>
Filters Toolbar after click background colour matches the defined colour code
TC_stoppedVehicleListFiltersBtnColorAfterClick Testcase execution Completed]]>
  </system-out>
  <testcase classname="dashboard.StoppedVehicleListPageTest" name="TC_stoppedVehicleListDownloadList" time="1.209"/>
  <system-out>
    <![CDATA[Browser: <span style='color:teal'>chrome
Language: <span style='color:teal'>english
Login Role: <span style='color:teal'>super admin
TC_stoppedVehicleListDownloadList Testcase execution Started
<em><b>"This method validates Stopped Vehicle List screen Download toolbar List"
Performed click action on Download toolbar field
Download menu list are [ CSV,  PDF]
TC_stoppedVehicleListDownloadList Testcase execution Completed]]>
  </system-out>
  <testcase classname="dashboard.StoppedVehicleListPageTest" name="TC_stoppedVehicleListdownloadBtnColorAfterClick" time="3.191"/>
  <system-out>
    <![CDATA[Browser: <span style='color:teal'>chrome
Language: <span style='color:teal'>english
Login Role: <span style='color:teal'>super admin
TC_stoppedVehicleListdownloadBtnColorAfterClick Testcase execution Started
<em><b>"This method validates Stopped Vehicle List screen Download toolbar color after click"
Mouse hovered over the element Stopped Vehicle List screen Download toolbar
Download Toolbar after click Background color defined : <b>#f2704e</b>
Download Toolbar after click Background color displayed : <b>#f2704e</b>
Download Toolbar after click background colour matches the defined colour code
TC_stoppedVehicleListdownloadBtnColorAfterClick Testcase execution Completed]]>
  </system-out>
  <testcase classname="dashboard.StoppedVehicleListPageTest" name="TC_stoppedVehicleListColumnsShowAll" time="1.974"/>
  <system-out>
    <![CDATA[Browser: <span style='color:teal'>chrome
Language: <span style='color:teal'>english
Login Role: <span style='color:teal'>super admin
TC_stoppedVehicleListColumnsShowAll Testcase execution Started
<em><b>"This method validates Stopped Vehicle List screen Columns Show All functionality"
Performed click action on Columns toolbar field
The Columns list are  [#, Vehicle Number, Track Time, Location, Speed (km/h), Acc, Odometer (km), Idle Time(Mins), Video Status, Live Video]
Performed click action on Columns toolbar Show All button field
The table headers are [#, Vehicle Number, Track Time, Location, Speed (km/h), Acc, Odometer (km), Idle Time(Mins), Video Status, Live Video]
The columns list matches the table headers
TC_stoppedVehicleListColumnsShowAll Testcase execution Completed]]>
  </system-out>
  <testcase classname="dashboard.StoppedVehicleListPageTest" name="TC_stoppedVehicleListTitle" time="1.067"/>
  <system-out>
    <![CDATA[Browser: <span style='color:teal'>chrome
Language: <span style='color:teal'>english
Login Role: <span style='color:teal'>super admin
TC_stoppedVehicleListTitle Testcase execution Started
<em><b>"This method verifies Stopped Vehicle List Page Title"
Verifying Stopped Vehicle List screen page title
Page Title is <b>FMS - Dashboard
TC_stoppedVehicleListTitle Testcase execution Completed]]>
  </system-out>
  <testcase classname="dashboard.StoppedVehicleListPageTest" name="TC_stoppedVehicleListUrl" time="1.028"/>
  <system-out>
    <![CDATA[Browser: <span style='color:teal'>chrome
Language: <span style='color:teal'>english
Login Role: <span style='color:teal'>super admin
TC_stoppedVehicleListUrl Testcase execution Started
<em><b>"This method verifies Stopped Vehicle List screen URL"
Verifying Stopped Vehicle List screen page URL
Not able to retrieve Page URL
TC_stoppedVehicleListUrl Testcase execution Completed]]>
  </system-out>
  <testcase classname="dashboard.StoppedVehicleListPageTest" name="TC_stoppedVehicleListColumnsBtnColorAfterClick" time="3.182"/>
  <system-out>
    <![CDATA[Browser: <span style='color:teal'>chrome
Language: <span style='color:teal'>english
Login Role: <span style='color:teal'>super admin
TC_stoppedVehicleListColumnsBtnColorAfterClick Testcase execution Started
<em><b>"This method validates Stopped Vehicle List screen Columns toolbar color after click"
Mouse hovered over the element Stopped Vehicle List screen Columns toolbar
Columns Toolbar after click Background color defined : <b>#f2704e</b>
Columns Toolbar after click Background color displayed : <b>#f2704e</b>
Columns Toolbar after click background colour matches the defined colour code
TC_stoppedVehicleListColumnsBtnColorAfterClick Testcase execution Completed]]>
  </system-out>
  <testcase classname="dashboard.StoppedVehicleListPageTest" name="TC_stoppedVehicleListRecordsPerPage" time="9.168"/>
  <system-out>
    <![CDATA[Browser: <span style='color:teal'>chrome
Language: <span style='color:teal'>english
Login Role: <span style='color:teal'>super admin
TC_stoppedVehicleListRecordsPerPage Testcase execution Started
<em><b>"This method verifies Stopped Vehicle List screen Records per Page functionality"
TC_stoppedVehicleListRecordsPerPage Testcase execution Completed]]>
  </system-out>
  <testcase classname="dashboard.StoppedVehicleListPageTest" name="TC_stoppedVehicleListdownloadBtnColor" time="2.050"/>
  <system-out>
    <![CDATA[Browser: <span style='color:teal'>chrome
Language: <span style='color:teal'>english
Login Role: <span style='color:teal'>super admin
TC_stoppedVehicleListdownloadBtnColor Testcase execution Started
<em><b>"This method validates Stopped Vehicle List screen Download toolbar color"
Download Toolbar Background color defined : <b>#413ea0</b>
Download Toolbar Background color displayed : <b>#413ea0</b>
Download Toolbar background colour matches the defined colour code
TC_stoppedVehicleListdownloadBtnColor Testcase execution Completed]]>
  </system-out>
  <testcase classname="dashboard.StoppedVehicleListPageTest" name="TC_stoppedVehicleListFiltersList" time="7.288"/>
  <system-out>
    <![CDATA[Browser: <span style='color:teal'>chrome
Language: <span style='color:teal'>english
Login Role: <span style='color:teal'>super admin
TC_stoppedVehicleListFiltersList Testcase execution Started
<em><b>"This method validates Stopped Vehicle List screen Filters toolbar List"
Performed click action on Filters toolbar field
Filter Columns dropdown list are []
The headers of the table are     [#, Vehicle Number, Track Time, Location, Speed (km/h), Acc, Odometer (km), Idle Time(Mins), Video Status, Live Video]
The Filter columns list matches the table headers
TC_stoppedVehicleListFiltersList Testcase execution Completed]]>
  </system-out>
  <testcase classname="dashboard.StoppedVehicleListPageTest" name="TC_stoppedVehicleListDownloadCSV" time="1.794"/>
  <system-out>
    <![CDATA[Browser: <span style='color:teal'>chrome
Language: <span style='color:teal'>english
Login Role: <span style='color:teal'>super admin
TC_stoppedVehicleListDownloadCSV Testcase execution Started
<em><b>"This method validates Stopped Vehicle List screen CSV Download functionality"
Performed click action on Download toolbar field
Performed click action on CSV field
TC_stoppedVehicleListDownloadCSV Testcase execution Completed]]>
  </system-out>
  <testcase classname="dashboard.StoppedVehicleListPageTest" name="TC_stoppedVehicleListDownloadPDF" time="7.198"/>
  <system-out>
    <![CDATA[Browser: <span style='color:teal'>chrome
Language: <span style='color:teal'>english
Login Role: <span style='color:teal'>super admin
TC_stoppedVehicleListDownloadPDF Testcase execution Started
<em><b>"This method validates Stopped Vehicle List screen PDF Download functionality"
Performed click action on Download toolbar field
Performed click action on PDF field
TC_stoppedVehicleListDownloadPDF Testcase execution Completed]]>
  </system-out>
  <testcase classname="dashboard.StoppedVehicleListPageTest" name="TC_stoppedVehicleListRecordsPerPageList" time="2.725"/>
  <system-out>
    <![CDATA[Browser: <span style='color:teal'>chrome
Language: <span style='color:teal'>english
Login Role: <span style='color:teal'>super admin
TC_stoppedVehicleListRecordsPerPageList Testcase execution Started
<em><b>"This method validates Records per page dropdown list entries in Stopped Vehicle List screen"
Performed click action on Records per page Dropdown field
Records per page entries are [10, 20, 30]
TC_stoppedVehicleListRecordsPerPageList Testcase execution Completed]]>
  </system-out>
</testsuite> <!-- dashboard.StoppedVehicleListPageTest -->
