<?xml version="1.0" encoding="UTF-8"?>
<!-- Generated by org.testng.reporters.JUnitReportReporter -->
<testsuite hostname="DESKTOP-390DHBP" failures="0" tests="6" name="dashboard.StoppedVehicleTest" time="3.827" errors="0" timestamp="2023-02-24T20:54:40 IST" skipped="0">
  <testcase classname="dashboard.StoppedVehicleTest" name="TC_stoppedVehicleColor" time="1.029"/>
  <system-out>
    <![CDATA[Browser: <span style='color:teal'>chrome
Language: <span style='color:teal'>english
Login Role: <span style='color:teal'>super admin
TC_stoppedVehicleColor Testcase execution Started
<em><b>"This method verifies Stopped Vehicles icon background color"
Stopped Vehicle Background color defined : <b>#ed220d</b>
Stopped Vehicle Background color displayed : <b>#ed220d</b>
Stopped Vehicle background colour matches the defined colour code
TC_stoppedVehicleColor Testcase execution Completed]]>
  </system-out>
  <testcase classname="dashboard.StoppedVehicleTest" name="TC_stoppedVehicleicon" time="0.614"/>
  <system-out>
    <![CDATA[Browser: <span style='color:teal'>chrome
Language: <span style='color:teal'>english
Login Role: <span style='color:teal'>super admin
TC_stoppedVehicleicon Testcase execution Started
<em><b>"This method validates stopped Vehicles icon is displayed"
Stopped Vehicle Logo is displayed
TC_stoppedVehicleicon Testcase execution Completed]]>
  </system-out>
  <testcase classname="dashboard.StoppedVehicleTest" name="TC_stoppedVehicleCount" time="0.048"/>
  <system-out>
    <![CDATA[Browser: <span style='color:teal'>chrome
Language: <span style='color:teal'>english
Login Role: <span style='color:teal'>super admin
TC_stoppedVehicleCount Testcase execution Started
<em><b>"This method verifies stopped Vehicles count"
Stopped vehicles count: <b>8
TC_stoppedVehicleCount Testcase execution Completed]]>
  </system-out>
  <testcase classname="dashboard.StoppedVehicleTest" name="TC_stoppedVehiclePercent" time="0.040"/>
  <system-out>
    <![CDATA[Browser: <span style='color:teal'>chrome
Language: <span style='color:teal'>english
Login Role: <span style='color:teal'>super admin
TC_stoppedVehiclePercent Testcase execution Started
<em><b>"This method verifies stopped Vehicles pervent"
Stopped vehicles Percent: <b>24%
TC_stoppedVehiclePercent Testcase execution Completed]]>
  </system-out>
  <testcase classname="dashboard.StoppedVehicleTest" name="TC_stoppedVehicleViewDetails" time="0.235"/>
  <system-out>
    <![CDATA[Browser: <span style='color:teal'>chrome
Language: <span style='color:teal'>english
Login Role: <span style='color:teal'>super admin
TC_stoppedVehicleViewDetails Testcase execution Started
<em><b>"This method verifies Stopped Vehicles View Details hyperlink"
Stopped Vehicle count: <b>8
Stopped Vehicle List is displayed
TC_stoppedVehicleViewDetails Testcase execution Completed]]>
  </system-out>
  <testcase classname="dashboard.StoppedVehicleTest" name="TC_stoppedVehicleViewonMap" time="1.861"/>
  <system-out>
    <![CDATA[Browser: <span style='color:teal'>chrome
Language: <span style='color:teal'>english
Login Role: <span style='color:teal'>super admin
TC_stoppedVehicleViewonMap Testcase execution Started
<em><b>"This method verifies Stopped Vehicles View Map hyperlink"
Performed click action on Back button
Performed click action on Stopped vehicle View on Map
Stopped Vehicle count: <b>8
Navigated to Track on Map screen
TC_stoppedVehicleViewonMap Testcase execution Completed]]>
  </system-out>
</testsuite> <!-- dashboard.StoppedVehicleTest -->
