<?xml version="1.0" encoding="UTF-8"?>
<!-- Generated by org.testng.reporters.JUnitReportReporter -->
<testsuite hostname="DESKTOP-390DHBP" failures="0" tests="1" name="com.qa.Utils.DataUtils" time="0.008" errors="0" timestamp="2023-02-24T18:21:34 IST" skipped="0">
  <testcase classname="com.qa.Utils.DataUtils" name="Login" time="0.008"/>
  <system-out/>
</testsuite> <!-- com.qa.Utils.DataUtils -->
