<?xml version="1.0" encoding="UTF-8"?>
<!-- Generated by org.testng.reporters.JUnitReportReporter -->
<testsuite hostname="DESKTOP-390DHBP" failures="0" tests="5" name="users.UsersEmailFieldTest" time="4.702" errors="0" timestamp="2023-02-24T20:54:40 IST" skipped="0">
  <testcase classname="users.UsersEmailFieldTest" name="TC_usersEmailPlaceholderText" time="0.121"/>
  <system-out>
    <![CDATA[Browser: <span style='color:teal'>chrome
Language: <span style='color:teal'>english
Login Role: <span style='color:teal'>super admin
TC_usersEmailPlaceholderText Testcase execution Started
<em><b>"This method validates Email field placeholder text in the Users Add screen"
<b>Email*</b> text is displayed in the Email placeholder
TC_usersEmailPlaceholderText Testcase execution Completed]]>
  </system-out>
  <testcase classname="users.UsersEmailFieldTest" name="TC_usersEmailEmpty" time="0.470"/>
  <system-out>
    <![CDATA[Browser: <span style='color:teal'>chrome
Language: <span style='color:teal'>english
Login Role: <span style='color:teal'>super admin
TC_usersEmailEmpty Testcase execution Started
<em><b>"This method verifies error message for empty Email field in the Users Add screen"
Performed click action on Users screen Email field
Entered text <b>""</b> in the Users screen Email field
<span style='color:red'>Required</span> error message is displayed
TC_usersEmailEmpty Testcase execution Completed]]>
  </system-out>
  <testcase classname="users.UsersEmailFieldTest" name="TC_usersEmailMinimumLength" time="0.598"/>
  <system-out>
    <![CDATA[Browser: <span style='color:teal'>chrome
Language: <span style='color:teal'>english
Login Role: <span style='color:teal'>super admin
TC_usersEmailMinimumLength Testcase execution Started
<em><b>"This method verifies Email Add screen Email field for the minimum character length"
Performed click action on Users screen Email field
Entered text <b>"tBO"</b> in the Users screen Email field
<span style='color:red'>Must be a valid email</span> error message is displayed
TC_usersEmailMinimumLength Testcase execution Completed]]>
  </system-out>
  <testcase classname="users.UsersEmailFieldTest" name="TC_usersEmailSpace" time="0.443"/>
  <system-out>
    <![CDATA[Browser: <span style='color:teal'>chrome
Language: <span style='color:teal'>english
Login Role: <span style='color:teal'>super admin
TC_usersEmailSpace Testcase execution Started
"This method verifies Users Add screen Email field by entering Spaces"
Entered space in the Users screen Email text field
<span style='color:red'>Space is not allowed</span> error message is displayed
TC_usersEmailSpace Testcase execution Completed]]>
  </system-out>
  <testcase classname="users.UsersEmailFieldTest" name="TC_usersEmailMaximumLength" time="3.070"/>
  <system-out>
    <![CDATA[Browser: <span style='color:teal'>chrome
Language: <span style='color:teal'>english
Login Role: <span style='color:teal'>super admin
TC_usersEmailMaximumLength Testcase execution Started
<em><b>"This method verifies Email Add screen Email field for the maximum character length"
Performed click action on Users screen Email field
Entered text <b>"IGHKAkWjRDbmEyJloVDedFoFVtoOnHYhMUpDMRxjiAoPWWaazAsopibvWtSEPMQhInSnboLHkFcUXAjCjtSmGZlOmaNlWyg@gmail.com"</b> in the Users screen Email field
<span style='color:red'>Must not exceed 100 characters</span> error message is displayed
TC_usersEmailMaximumLength Testcase execution Completed]]>
  </system-out>
</testsuite> <!-- users.UsersEmailFieldTest -->
