<?xml version="1.0" encoding="UTF-8"?>
<!-- Generated by org.testng.reporters.JUnitReportReporter -->
<testsuite hostname="DESKTOP-390DHBP" failures="0" tests="6" name="clients.ClientNameFieldTest" time="14.346" errors="0" timestamp="2023-02-24T20:54:40 IST" skipped="0">
  <testcase classname="clients.ClientNameFieldTest" name="TC_clientNamePlaceholder" time="0.111"/>
  <system-out>
    <![CDATA[Browser: <span style='color:teal'>chrome
Language: <span style='color:teal'>english
Login Role: <span style='color:teal'>super admin
TC_clientNamePlaceholder Testcase execution Started
<em><b>"This method verifies Client Name field Placeholder text in the Clients Add screen"
<b>Client Name*</b> text is displayed in the Client Name field
TC_clientNamePlaceholder Testcase execution Completed]]>
  </system-out>
  <testcase classname="clients.ClientNameFieldTest" name="TC_clientNameSpecialChar" time="5.574"/>
  <system-out>
    <![CDATA[Browser: <span style='color:teal'>chrome
Language: <span style='color:teal'>english
Login Role: <span style='color:teal'>super admin
TC_clientNameSpecialChar Testcase execution Started
<em><b>"This method verifies Clients Add screen Client Name field for the Special characters"
Performed click action on Client Name field
Entered text <b>";$'!"</b> in the Client Name field
Special characters are allowed in the Client Name text field
TC_clientNameSpecialChar Testcase execution Completed]]>
  </system-out>
  <testcase classname="clients.ClientNameFieldTest" name="TC_clientNameAlphanumeric" time="5.638"/>
  <system-out>
    <![CDATA[Browser: <span style='color:teal'>chrome
Language: <span style='color:teal'>english
Login Role: <span style='color:teal'>super admin
TC_clientNameAlphanumeric Testcase execution Started
<em><b>"This method verifies Clients Add screen Client Name field for the Alphabetic characters"
Performed click action on Client Name field
Entered text <b>"MDhGa"</b> in the Client Name field
Alphanumeric characters are allowed in the Client Name text field
TC_clientNameAlphanumeric Testcase execution Completed]]>
  </system-out>
  <testcase classname="clients.ClientNameFieldTest" name="TC_clientNameMinimumLength" time="0.542"/>
  <system-out>
    <![CDATA[Browser: <span style='color:teal'>chrome
Language: <span style='color:teal'>english
Login Role: <span style='color:teal'>super admin
TC_clientNameMinimumLength Testcase execution Started
<em><b>"This method verifies Clients Add screen Client Name field for the minimum character length"
Performed click action on Client Name field
Entered text <b>"qtY"</b> in the Client Name field
<span style='color:red'>Must be greater than 3 characters</span> error message is displayed
TC_clientNameMinimumLength Testcase execution Completed]]>
  </system-out>
  <testcase classname="clients.ClientNameFieldTest" name="TC_clientNameEmpty" time="0.499"/>
  <system-out>
    <![CDATA[Browser: <span style='color:teal'>chrome
Language: <span style='color:teal'>english
Login Role: <span style='color:teal'>super admin
TC_clientNameEmpty Testcase execution Started
<em><b>"This method verifies error message for the empty Client Name in the Clients Add screen"
Performed click action on Client Name field
Entered text <b>""</b> in the Client Name field
<span style='color:red'>Required</span> error message is displayed
TC_clientNameEmpty Testcase execution Completed]]>
  </system-out>
  <testcase classname="clients.ClientNameFieldTest" name="TC_clientNameMaximumLength" time="1.982"/>
  <system-out>
    <![CDATA[Browser: <span style='color:teal'>chrome
Language: <span style='color:teal'>english
Login Role: <span style='color:teal'>super admin
TC_clientNameMaximumLength Testcase execution Started
<em><b>"This method verifies Clients Add screen Client Name field for the maximum character length"
Performed click action on Client Name field
Entered text <b>"wlGpJhiQgURsqCFcvSFFdhSTcOJruQqXvtUzpKWYBRDNeSGNfPM"</b> in the Client Name field
<span style='color:red'>Must not exceed 50 characters</span> error message is displayed
TC_clientNameMaximumLength Testcase execution Completed]]>
  </system-out>
</testsuite> <!-- clients.ClientNameFieldTest -->
