<?xml version="1.0" encoding="UTF-8"?>
<!-- Generated by org.testng.reporters.JUnitReportReporter -->
<testsuite hostname="DESKTOP-390DHBP" failures="0" tests="1" name="com.qa.Base.DataDriven2" time="0.135" errors="0" timestamp="2023-01-16T14:58:04 IST" skipped="0">
  <testcase classname="com.qa.Base.DataDriven2" name="connectSQL" time="0.135"/>
  <system-out/>
</testsuite> <!-- com.qa.Base.DataDriven2 -->
