<?xml version="1.0" encoding="UTF-8"?>
<!-- Generated by org.testng.reporters.JUnitReportReporter -->
<testsuite hostname="DESKTOP-390DHBP" failures="0" tests="7" name="users.UsersFirstNameFieldTest" time="13.528" errors="0" timestamp="2023-02-24T20:54:40 IST" skipped="0">
  <testcase classname="users.UsersFirstNameFieldTest" name="TC_usersFirstNamePlaceholderText" time="0.128"/>
  <system-out>
    <![CDATA[Browser: <span style='color:teal'>chrome
Language: <span style='color:teal'>english
Login Role: <span style='color:teal'>super admin
TC_usersFirstNamePlaceholderText Testcase execution Started
<em><b>"This method verifies First Name field Placeholder text in the Users Add screen"
<b>First Name*</b> text is displayed in the First Name placeholder
TC_usersFirstNamePlaceholderText Testcase execution Completed]]>
  </system-out>
  <testcase classname="users.UsersFirstNameFieldTest" name="TC_usersFirstNameAlphanumeric" time="5.475"/>
  <system-out>
    <![CDATA[Browser: <span style='color:teal'>chrome
Language: <span style='color:teal'>english
Login Role: <span style='color:teal'>super admin
TC_usersFirstNameAlphanumeric Testcase execution Started
<em><b>"This method verifies Users Add screen First Name field for the Alphabetic characters"
Performed click action on Users screen First Name field
Entered text <b>"lKX"</b> in the Users screen First Name field
Alphanumeric characters are allowed in the First Name text field
TC_usersFirstNameAlphanumeric Testcase execution Completed]]>
  </system-out>
  <testcase classname="users.UsersFirstNameFieldTest" name="TC_usersFirstNameMinimumLength" time="0.451"/>
  <system-out>
    <![CDATA[Browser: <span style='color:teal'>chrome
Language: <span style='color:teal'>english
Login Role: <span style='color:teal'>super admin
TC_usersFirstNameMinimumLength Testcase execution Started
<em><b>"This method verifies Users Add screen First Name field for the minimum character length"
Performed click action on Users screen First Name field
Entered text <b>"y"</b> in the Users screen First Name field
<span style='color:red'>Must be greater than 1 character</span> error message is displayed
TC_usersFirstNameMinimumLength Testcase execution Completed]]>
  </system-out>
  <testcase classname="users.UsersFirstNameFieldTest" name="TC_usersFirstNameMaximumLength" time="1.171"/>
  <system-out>
    <![CDATA[Browser: <span style='color:teal'>chrome
Language: <span style='color:teal'>english
Login Role: <span style='color:teal'>super admin
TC_usersFirstNameMaximumLength Testcase execution Started
<em><b>"This method verifies Users Add screen First Name field for the maximum character length"
Performed click action on Users screen First Name field
Entered text <b>"MpqOacmviAQVlvaZgFKLshNazcCGdFc"</b> in the Users screen First Name field
<span style='color:red'>Must not exceed 30 characters</span> error message is displayed
TC_usersFirstNameMaximumLength Testcase execution Completed]]>
  </system-out>
  <testcase classname="users.UsersFirstNameFieldTest" name="TC_usersFirstNameEmpty" time="0.410"/>
  <system-out>
    <![CDATA[Browser: <span style='color:teal'>chrome
Language: <span style='color:teal'>english
Login Role: <span style='color:teal'>super admin
TC_usersFirstNameEmpty Testcase execution Started
<em><b>"This method verifies error message for the empty First Name in the Users Add screen"
Performed click action on Users screen First Name field
Entered text <b>""</b> in the Users screen First Name field
<span style='color:red'>Required</span> error message is displayed
TC_usersFirstNameEmpty Testcase execution Completed]]>
  </system-out>
  <testcase classname="users.UsersFirstNameFieldTest" name="TC_usersFirstNameSpecialChar" time="5.505"/>
  <system-out>
    <![CDATA[Browser: <span style='color:teal'>chrome
Language: <span style='color:teal'>english
Login Role: <span style='color:teal'>super admin
TC_usersFirstNameSpecialChar Testcase execution Started
<em><b>"This method verifies Users Add screen First Name field for the Special characters"
Performed click action on Users screen First Name field
Entered text <b>"<&="</b> in the Users screen First Name field
Special characters are allowed in the First Name text field
TC_usersFirstNameSpecialChar Testcase execution Completed]]>
  </system-out>
  <testcase classname="users.UsersFirstNameFieldTest" name="TC_usersFirstNameSpace" time="0.388"/>
  <system-out>
    <![CDATA[Browser: <span style='color:teal'>chrome
Language: <span style='color:teal'>english
Login Role: <span style='color:teal'>super admin
TC_usersFirstNameSpace Testcase execution Started
<em><b>"This method verifies Users Add screen First Name field by entering Spaces"
Entered space in the Users screen First Name text field
<span style='color:red'>Space is not allowed</span> error message is displayed
TC_usersFirstNameSpace Testcase execution Completed]]>
  </system-out>
</testsuite> <!-- users.UsersFirstNameFieldTest -->
