<?xml version="1.0" encoding="UTF-8"?>
<!-- Generated by org.testng.reporters.JUnitReportReporter -->
<testsuite hostname="DESKTOP-390DHBP" failures="0" tests="8" name="login.UsernameFieldTest" time="16.747" errors="0" timestamp="2023-02-15T11:17:32 IST" skipped="0">
  <testcase classname="login.UsernameFieldTest" name="TC_loginUsernameAlpha" time="5.298"/>
  <system-out>
    <![CDATA[Browser: <span style='color:teal'>chrome
Language: <span style='color:teal'>english
Login Role: <span style='color:teal'>super admin
TC_loginUsernameAlpha Testcase execution Started
<em><b>"This method verifies Login screen Username field for the Alphabetic characters"
<u style="font-size:14px"><span style='color:dimgrey'>Test Steps: 
Alpha characters are allowed in the username text field
TC_loginUsernameAlpha Testcase execution Completed]]>
  </system-out>
  <testcase classname="login.UsernameFieldTest" name="TC_loginUsernameEmpty" time="0.198"/>
  <system-out>
    <![CDATA[Browser: <span style='color:teal'>chrome
Language: <span style='color:teal'>english
Login Role: <span style='color:teal'>super admin
TC_loginUsernameEmpty Testcase execution Started
<em><b>"This method verifies error message for the empty Username in the Login screen"
<u style="font-size:14px"><span style='color:dimgrey'>Test Steps: 
<span style='color:red'>Required</span> error message is displayed
TC_loginUsernameEmpty Testcase execution Completed]]>
  </system-out>
  <testcase classname="login.UsernameFieldTest" name="TC_loginUsernameMinimumLength" time="0.231"/>
  <system-out>
    <![CDATA[Browser: <span style='color:teal'>chrome
Language: <span style='color:teal'>english
Login Role: <span style='color:teal'>super admin
TC_loginUsernameMinimumLength Testcase execution Started
<em><b>"This method verifies Login screen Username field for the minimum character length"
<u style="font-size:14px"><span style='color:dimgrey'>Test Steps: 
<span style='color:red'>Username must be greater than 3 characters</span> error message is displayed
TC_loginUsernameMinimumLength Testcase execution Completed]]>
  </system-out>
  <testcase classname="login.UsernameFieldTest" name="TC_loginUsernameSpecialChar" time="5.271"/>
  <system-out>
    <![CDATA[Browser: <span style='color:teal'>chrome
Language: <span style='color:teal'>english
Login Role: <span style='color:teal'>super admin
TC_loginUsernameSpecialChar Testcase execution Started
<em><b>"This method verifies Login screen Username field for the Special characters"
<u style="font-size:14px"><span style='color:dimgrey'>Test Steps: 
Special characters are allowed in the username text field
TC_loginUsernameSpecialChar Testcase execution Completed]]>
  </system-out>
  <testcase classname="login.UsernameFieldTest" name="TC_loginUsernamePlaceholderText" time="0.024"/>
  <system-out>
    <![CDATA[Browser: <span style='color:teal'>chrome
Language: <span style='color:teal'>english
Login Role: <span style='color:teal'>super admin
TC_loginUsernamePlaceholderText Testcase execution Started
<em><b>"This method verifies Username field Placeholder text in the Login screen"
<u style="font-size:14px"><span style='color:dimgrey'>Test Steps: 
<b>Username*</b> text is displayed in the Username placeholder
TC_loginUsernamePlaceholderText Testcase execution Completed]]>
  </system-out>
  <testcase classname="login.UsernameFieldTest" name="TC_loginUsernameNumeric" time="5.195"/>
  <system-out>
    <![CDATA[Browser: <span style='color:teal'>chrome
Language: <span style='color:teal'>english
Login Role: <span style='color:teal'>super admin
TC_loginUsernameNumeric Testcase execution Started
<em><b>"This method verifies Login screen Username field for the Numeric characters"
<u style="font-size:14px"><span style='color:dimgrey'>Test Steps: 
Numeric characters are allowed in the username text field
TC_loginUsernameNumeric Testcase execution Completed]]>
  </system-out>
  <testcase classname="login.UsernameFieldTest" name="TC_loginUsernameSpace" time="0.220"/>
  <system-out>
    <![CDATA[Browser: <span style='color:teal'>chrome
Language: <span style='color:teal'>english
Login Role: <span style='color:teal'>super admin
TC_loginUsernameSpace Testcase execution Started
<em><b>"This method verifies Login screen Username field by entering Spaces"
<u style="font-size:14px"><span style='color:dimgrey'>Test Steps: 
<span style='color:red'>Required</span> error message is displayed
TC_loginUsernameSpace Testcase execution Completed]]>
  </system-out>
  <testcase classname="login.UsernameFieldTest" name="TC_loginUsernameMaximumLength" time="0.310"/>
  <system-out>
    <![CDATA[Browser: <span style='color:teal'>chrome
Language: <span style='color:teal'>english
Login Role: <span style='color:teal'>super admin
TC_loginUsernameMaximumLength Testcase execution Started
<em><b>"This method verifies Login screen Username field for the maximum character length"
<u style="font-size:14px"><span style='color:dimgrey'>Test Steps: 
<span style='color:red'>Username must be less than 16 characters</span> error message is displayed
TC_loginUsernameMaximumLength Testcase execution Completed]]>
  </system-out>
</testsuite> <!-- login.UsernameFieldTest -->
