<?xml version="1.0" encoding="UTF-8"?>
<!-- Generated by org.testng.reporters.JUnitReportReporter -->
<testsuite hostname="DESKTOP-390DHBP" failures="0" tests="1" name="videoStatus.VerifyVideoStatusSortTest" time="31.982" errors="0" timestamp="2023-01-23T11:37:46 IST" skipped="0">
  <testcase classname="videoStatus.VerifyVideoStatusSortTest" name="TC_videoStatusSort" time="31.982"/>
  <system-out>
    <![CDATA[Browser Launched
Browser: chrome
Language: english
Login Role: super admin
TC_videoStatusSort Testcase execution Started
Table records are sorted]]>
  </system-out>
</testsuite> <!-- videoStatus.VerifyVideoStatusSortTest -->
