<?xml version="1.0" encoding="UTF-8"?>
<!-- Generated by org.testng.reporters.JUnitReportReporter -->
<testsuite hostname="DESKTOP-390DHBP" failures="0" tests="6" name="login.LoginPageTest" time="5.675" errors="0" timestamp="2023-02-28T10:24:02 IST" skipped="0">
  <testcase classname="login.LoginPageTest" name="TC_mcSiteHyperlink" time="3.913"/>
  <system-out>
    <![CDATA[Performed click action on MC Website hyperlink field
Navigated to MC website]]>
  </system-out>
  <testcase classname="login.LoginPageTest" name="TC_loginPageHeader" time="0.048"/>
  <system-out>
    <![CDATA[<b>LOGIN</b> Page Header name is displayed]]>
  </system-out>
  <testcase classname="login.LoginPageTest" name="TC_loginPageLogo" time="0.230"/>
  <system-out>
    <![CDATA[Login Logo is displayed]]>
  </system-out>
  <testcase classname="login.LoginPageTest" name="TC_loginBtnBackgroundColor" time="1.079"/>
  <system-out>
    <![CDATA[Navigated to previous screen
Login button Background color defined : <b>#5138ee</b>
Login button Background color displayed : <b>#5138ee</b>
Login button background colour matches the defined colour code]]>
  </system-out>
  <testcase classname="login.LoginPageTest" name="TC_loginTitle" time="0.009"/>
  <system-out>
    <![CDATA[Verifying Login page title
Page Title is <b>FMS - Login-Test]]>
  </system-out>
  <testcase classname="login.LoginPageTest" name="TC_logging" time="0.396"/>
  <system-out>
    <![CDATA[Navigated to previous screen
Entered Username is: InfoAdmin
Upon clicking the Login button, logging is displayed]]>
  </system-out>
</testsuite> <!-- login.LoginPageTest -->
