<?xml version="1.0" encoding="UTF-8"?>
<!-- Generated by org.testng.reporters.JUnitReportReporter -->
<testsuite hostname="DESKTOP-390DHBP" failures="0" tests="8" name="login.LoginFieldsTest" time="4.265" errors="0" timestamp="2023-02-24T20:54:40 IST" skipped="0">
  <testcase classname="login.LoginFieldsTest" name="TC_usernamePasswordFieldsHeight" time="0.065"/>
  <system-out>
    <![CDATA[Browser: <span style='color:teal'>chrome
Language: <span style='color:teal'>english
Login Role: <span style='color:teal'>super admin
TC_usernamePasswordFieldsHeight Testcase execution Started
<em><b>"This method verifies Login screen Username and Password fields height"
Username field width is <b>501
Password field width is <b>501
Username and Password fields height are same
TC_usernamePasswordFieldsHeight Testcase execution Completed]]>
  </system-out>
  <testcase classname="login.LoginFieldsTest" name="TC_validUsernameEmptyPassword" time="0.509"/>
  <system-out>
    <![CDATA[Browser: <span style='color:teal'>chrome
Language: <span style='color:teal'>english
Login Role: <span style='color:teal'>super admin
TC_validUsernameEmptyPassword Testcase execution Started
<em><b>"This method verifies authentication for valid username and empty password"
Performed click action on Username field
Entered text <b>"InfoAdmin"</b> in the Username field
Performed click action on Password field
Entered text <b>""</b> in the Password field
<span style='color:red'>Invalid credentials</span> error message is displayed
TC_validUsernameEmptyPassword Testcase execution Completed]]>
  </system-out>
  <testcase classname="login.LoginFieldsTest" name="TC_emptyUsernameValidPassword" time="0.542"/>
  <system-out>
    <![CDATA[Browser: <span style='color:teal'>chrome
Language: <span style='color:teal'>english
Login Role: <span style='color:teal'>super admin
TC_emptyUsernameValidPassword Testcase execution Started
<em><b>"This method verifies authentication for empty username and valid password"
Performed click action on Username field
Entered text <b>""</b> in the Username field
Performed click action on Password field
Entered text <b>"InfoAdmin"</b> in the Password field
<span style='color:red'>Invalid credentials</span> error message is displayed
TC_emptyUsernameValidPassword Testcase execution Completed]]>
  </system-out>
  <testcase classname="login.LoginFieldsTest" name="TC_invalidUsernameValidPassword" time="0.572"/>
  <system-out>
    <![CDATA[Browser: <span style='color:teal'>chrome
Language: <span style='color:teal'>english
Login Role: <span style='color:teal'>super admin
TC_invalidUsernameValidPassword Testcase execution Started
<em><b>"This method verifies authentication for invalid username and valid password"
Performed click action on Username field
Entered text <b>"CROv"</b> in the Username field
Performed click action on Password field
Entered text <b>"InfoAdmin"</b> in the Password field
<span style='color:red'>Invalid credentials</span> error message is displayed
TC_invalidUsernameValidPassword Testcase execution Completed]]>
  </system-out>
  <testcase classname="login.LoginFieldsTest" name="TC_usernamePasswordFieldsWidth" time="0.056"/>
  <system-out>
    <![CDATA[Browser: <span style='color:teal'>chrome
Language: <span style='color:teal'>english
Login Role: <span style='color:teal'>super admin
TC_usernamePasswordFieldsWidth Testcase execution Started
<em><b>"This method verifies Login screen Username and Password fields Width"
Username field width is <b>501
Password field width is <b>501
Username and Password fields width are same
TC_usernamePasswordFieldsWidth Testcase execution Completed]]>
  </system-out>
  <testcase classname="login.LoginFieldsTest" name="TC_usernamePasswordFieldAlignment" time="0.055"/>
  <system-out>
    <![CDATA[Browser: <span style='color:teal'>chrome
Language: <span style='color:teal'>english
Login Role: <span style='color:teal'>super admin
TC_usernamePasswordFieldAlignment Testcase execution Started
<em><b>"This method verifies Login screen Username and Password fields alignment"
Username field Y-Coordinate is <b>133
Password field Y-Coordinate is <b>133
Username and Password Y-coordinates are identical
TC_usernamePasswordFieldAlignment Testcase execution Completed]]>
  </system-out>
  <testcase classname="login.LoginFieldsTest" name="TC_validUsernameInvalidPassword" time="0.599"/>
  <system-out>
    <![CDATA[Browser: <span style='color:teal'>chrome
Language: <span style='color:teal'>english
Login Role: <span style='color:teal'>super admin
TC_validUsernameInvalidPassword Testcase execution Started
<em><b>"This method verifies authentication for valid username and invalid password"
Performed click action on Username field
Entered text <b>"InfoAdmin"</b> in the Username field
Performed click action on Password field
Entered text <b>"aHCdrB"</b> in the Password field
<span style='color:red'>Invalid credentials</span> error message is displayed
TC_validUsernameInvalidPassword Testcase execution Completed]]>
  </system-out>
  <testcase classname="login.LoginFieldsTest" name="TC_validUsernameValidPassword" time="1.867"/>
  <system-out>
    <![CDATA[Browser: <span style='color:teal'>chrome
Language: <span style='color:teal'>english
Login Role: <span style='color:teal'>super admin
TC_validUsernameValidPassword Testcase execution Started
<em><b>"This method verifies authentication for valid username and valid password"
Login Successful and Dashboard is displayed
TC_validUsernameValidPassword Testcase execution Completed]]>
  </system-out>
</testsuite> <!-- login.LoginFieldsTest -->
