<?xml version="1.0" encoding="UTF-8"?>
<!-- Generated by org.testng.reporters.JUnitReportReporter -->
<testsuite hostname="DESKTOP-390DHBP" failures="0" tests="1" name="com.qa.Base.DataDriven" time="0.289" errors="0" timestamp="2023-01-17T12:36:14 IST" skipped="0">
  <testcase classname="com.qa.Base.DataDriven" name="connectSQL" time="0.289"/>
  <system-out>
    <![CDATA[Successfully connected to Database]]>
  </system-out>
</testsuite> <!-- com.qa.Base.DataDriven -->
