<?xml version="1.0" encoding="UTF-8"?>
<!-- Generated by org.testng.reporters.JUnitReportReporter -->
<testsuite hostname="DESKTOP-390DHBP" failures="0" tests="6" name="dashboard.IdleVehicleTest" time="3.039" errors="0" timestamp="2023-02-24T20:54:40 IST" skipped="0">
  <testcase classname="dashboard.IdleVehicleTest" name="TC_idleVehiclePercent" time="0.032"/>
  <system-out>
    <![CDATA[Browser: <span style='color:teal'>chrome
Language: <span style='color:teal'>english
Login Role: <span style='color:teal'>super admin
TC_idleVehiclePercent Testcase execution Started
<em><b>"This method verifies Idle Vehicles percent"
Idle vehicles Percent: <b>6%
TC_idleVehiclePercent Testcase execution Completed]]>
  </system-out>
  <testcase classname="dashboard.IdleVehicleTest" name="TC_idleVehicleColor" time="1.044"/>
  <system-out>
    <![CDATA[Browser: <span style='color:teal'>chrome
Language: <span style='color:teal'>english
Login Role: <span style='color:teal'>super admin
TC_idleVehicleColor Testcase execution Started
<em><b>"This method verifies Idle Vehicles icon background color"
Idle Vehicle Background color defined : <b>#ee9229</b>
Idle Vehicle Background color displayed : <b>#ee9229</b>
Idle Vehicle background colour matches the defined colour code
TC_idleVehicleColor Testcase execution Completed]]>
  </system-out>
  <testcase classname="dashboard.IdleVehicleTest" name="TC_idleVehicleCount" time="0.041"/>
  <system-out>
    <![CDATA[Browser: <span style='color:teal'>chrome
Language: <span style='color:teal'>english
Login Role: <span style='color:teal'>super admin
TC_idleVehicleCount Testcase execution Started
<em><b>"This method verifies Idle Vehicles count"
Idle vehicles count: <b>2
TC_idleVehicleCount Testcase execution Completed]]>
  </system-out>
  <testcase classname="dashboard.IdleVehicleTest" name="TC_idleVehicleicon" time="0.008"/>
  <system-out>
    <![CDATA[Browser: <span style='color:teal'>chrome
Language: <span style='color:teal'>english
Login Role: <span style='color:teal'>super admin
TC_idleVehicleicon Testcase execution Started
<em><b>"This method validates Idle Vehicles icon is displayed"
Idle Vehicle Logo is displayed
TC_idleVehicleicon Testcase execution Completed]]>
  </system-out>
  <testcase classname="dashboard.IdleVehicleTest" name="TC_idleVehicleViewDetails" time="0.201"/>
  <system-out>
    <![CDATA[Browser: <span style='color:teal'>chrome
Language: <span style='color:teal'>english
Login Role: <span style='color:teal'>super admin
TC_idleVehicleViewDetails Testcase execution Started
<em><b>"This method verifies Idle Vehicles View Details hyperlink"
Idle Vehicle count: <b>2
Idle Vehicle List is displayed
TC_idleVehicleViewDetails Testcase execution Completed]]>
  </system-out>
  <testcase classname="dashboard.IdleVehicleTest" name="TC_idleVehicleViewonMap" time="1.713"/>
  <system-out>
    <![CDATA[Browser: <span style='color:teal'>chrome
Language: <span style='color:teal'>english
Login Role: <span style='color:teal'>super admin
TC_idleVehicleViewonMap Testcase execution Started
<em><b>"This method verifies Idle Vehicles View Map hyperlink"
Performed click action on Back button
Performed click action on Idle vehicle View on Map
Idle Vehicle count: <b>2
Navigated to Track on Map screen
TC_idleVehicleViewonMap Testcase execution Completed]]>
  </system-out>
</testsuite> <!-- dashboard.IdleVehicleTest -->
