<?xml version="1.0" encoding="UTF-8"?>
<!-- Generated by org.testng.reporters.JUnitReportReporter -->
<testsuite hostname="DESKTOP-390DHBP" failures="0" tests="2" name="dashboard.LanguageMenuTest" time="1.920" errors="0" timestamp="2023-02-24T20:54:40 IST" skipped="0">
  <testcase classname="dashboard.LanguageMenuTest" name="TC_englishLanguage" time="0.702"/>
  <system-out>
    <![CDATA[Browser: <span style='color:teal'>chrome
Language: <span style='color:teal'>english
Login Role: <span style='color:teal'>super admin
TC_englishLanguage Testcase execution Started
<em><b>This method verifies English language change functionality
Performed click action on Language menu
Performed click action on English Language menu
Verifying Dashboard page title
Application language is changed to English
TC_englishLanguage Testcase execution Completed]]>
  </system-out>
  <testcase classname="dashboard.LanguageMenuTest" name="TC_japaneseLanguage" time="1.218"/>
  <system-out>
    <![CDATA[Browser: <span style='color:teal'>chrome
Language: <span style='color:teal'>english
Login Role: <span style='color:teal'>super admin
TC_japaneseLanguage Testcase execution Started
<em><b>This method verifies Japanese language change functionality
Performed click action on Language menu
Performed click action on Japanese Language menu
Verifying Dashboard page title
Application language is changed to Japanese
TC_japaneseLanguage Testcase execution Completed]]>
  </system-out>
</testsuite> <!-- dashboard.LanguageMenuTest -->
