<?xml version="1.0" encoding="UTF-8"?>
<!-- Generated by org.testng.reporters.JUnitReportReporter -->
<testsuite hostname="DESKTOP-390DHBP" failures="0" tests="1" name="dashboard.UserProfileMenuTest" time="0.941" errors="0" timestamp="2023-02-24T20:54:40 IST" skipped="0">
  <testcase classname="dashboard.UserProfileMenuTest" name="TC_logOut" time="0.941"/>
  <system-out>
    <![CDATA[Browser: <span style='color:teal'>chrome
Language: <span style='color:teal'>english
Login Role: <span style='color:teal'>super admin
TC_logOut Testcase execution Started
<em><b>This method verifies Log out functionality
Performed click action on User Profile Menu field
Performed click action on Logout Button field
Verifying Login page title
Logged out successfully
TC_logOut Testcase execution Completed]]>
  </system-out>
</testsuite> <!-- dashboard.UserProfileMenuTest -->
