<?xml version="1.0" encoding="UTF-8"?>
<!-- Generated by org.testng.reporters.JUnitReportReporter -->
<testsuite hostname="DESKTOP-390DHBP" failures="0" tests="1" name="com.qa.Utils.NonFunctional" time="0.545" errors="0" timestamp="2023-01-19T14:45:41 IST" skipped="0">
  <testcase classname="com.qa.Utils.NonFunctional" name="connectSQL" time="0.545"/>
  <system-out>
    <![CDATA[Successfully connected to Database]]>
  </system-out>
</testsuite> <!-- com.qa.Utils.NonFunctional -->
