<?xml version="1.0" encoding="UTF-8"?>
<!-- Generated by org.testng.reporters.JUnitReportReporter -->
<testsuite hostname="DESKTOP-390DHBP" failures="0" tests="4" name="videoStatus.VideoStatusDatepickerTest" time="35.444" errors="0" timestamp="2023-02-24T20:54:40 IST" skipped="0">
  <testcase classname="videoStatus.VideoStatusDatepickerTest" name="TC_videoStatusPastDate" time="11.376"/>
  <system-out>
    <![CDATA[Browser: <span style='color:teal'>chrome
Language: <span style='color:teal'>english
Login Role: <span style='color:teal'>super admin
TC_videoStatusPastDate Testcase execution Started
<em><b>"This method validates Dates greater than three months past are disabled in the From and To date pickers"
Dates greater than three months past are disabled in the From and To dates
TC_videoStatusPastDate Testcase execution Completed]]>
  </system-out>
  <testcase classname="videoStatus.VideoStatusDatepickerTest" name="TC_videoStatusGreaterFromDate" time="5.996"/>
  <system-out>
    <![CDATA[Browser: <span style='color:teal'>chrome
Language: <span style='color:teal'>english
Login Role: <span style='color:teal'>super admin
TC_videoStatusGreaterFromDate Testcase execution Started
<em><b>"This method validates alert message for the From date greater than the To date"
<b>To date-time cannot be less than From date-time</b> alert message is displayed
TC_videoStatusGreaterFromDate Testcase execution Completed]]>
  </system-out>
  <testcase classname="videoStatus.VideoStatusDatepickerTest" name="TC_videoStatusSameFromToDates" time="6.944"/>
  <system-out>
    <![CDATA[Browser: <span style='color:teal'>chrome
Language: <span style='color:teal'>english
Login Role: <span style='color:teal'>super admin
TC_videoStatusSameFromToDates Testcase execution Started
<em><b>"This method validates alert message for the same From and To dates"
<b>From date-time and To date-time can not be same</b> alert message is displayed
TC_videoStatusSameFromToDates Testcase execution Completed]]>
  </system-out>
  <testcase classname="videoStatus.VideoStatusDatepickerTest" name="TC_videoStatusFutureDate" time="11.128"/>
  <system-out>
    <![CDATA[Browser: <span style='color:teal'>chrome
Language: <span style='color:teal'>english
Login Role: <span style='color:teal'>super admin
TC_videoStatusFutureDate Testcase execution Started
<em><b>"This method validates that future dates are disabled in the From and To date pickers"
Future dates are disabled in the From and To date pickers
TC_videoStatusFutureDate Testcase execution Completed]]>
  </system-out>
</testsuite> <!-- videoStatus.VideoStatusDatepickerTest -->
