<?xml version="1.0" encoding="UTF-8"?>
<!-- Generated by org.testng.reporters.JUnitReportReporter -->
<testsuite hostname="DESKTOP-390DHBP" failures="0" tests="8" name="nonFunctional.SecurityTest" time="29.919" errors="0" timestamp="2023-01-12T17:40:15 IST" skipped="0">
  <testcase classname="nonFunctional.SecurityTest" name="TC_beforeLoginSecurityScan" time="2.019"/>
  <system-out/>
  <testcase classname="nonFunctional.SecurityTest" name="TC_afterLoginSecurityScan" time="8.356"/>
  <system-out/>
  <testcase classname="nonFunctional.SecurityTest" name="TC_videoplaybackScan" time="3.684"/>
  <system-out/>
  <testcase classname="nonFunctional.SecurityTest" name="TC_customReportsScan" time="3.423"/>
  <system-out/>
  <testcase classname="nonFunctional.SecurityTest" name="TC_driverReportsScan" time="3.353"/>
  <system-out/>
  <testcase classname="nonFunctional.SecurityTest" name="TC_vehicleReportsScan" time="2.766"/>
  <system-out/>
  <testcase classname="nonFunctional.SecurityTest" name="TC_managementScan" time="2.995"/>
  <system-out/>
  <testcase classname="nonFunctional.SecurityTest" name="TC_onMapScan" time="3.323"/>
  <system-out/>
</testsuite> <!-- nonFunctional.SecurityTest -->
