<?xml version="1.0" encoding="UTF-8"?>
<!-- Generated by org.testng.reporters.JUnitReportReporter -->
<testsuite hostname="DESKTOP-390DHBP" failures="0" tests="4" name="dashboard.TodaysAlertsTest" time="3.358" errors="0" timestamp="2023-02-24T20:54:40 IST" skipped="0">
  <testcase classname="dashboard.TodaysAlertsTest" name="TC_alertTableHeader" time="0.106"/>
  <system-out>
    <![CDATA[Browser: <span style='color:teal'>chrome
Language: <span style='color:teal'>english
Login Role: <span style='color:teal'>super admin
TC_alertTableHeader Testcase execution Started
<em><b>This method validates Today's Alert table header
Today's Alerts Header name is displayed
TC_alertTableHeader Testcase execution Completed]]>
  </system-out>
  <testcase classname="dashboard.TodaysAlertsTest" name="TC_alertTableList" time="0.064"/>
  <system-out>
    <![CDATA[Browser: <span style='color:teal'>chrome
Language: <span style='color:teal'>english
Login Role: <span style='color:teal'>super admin
TC_alertTableList Testcase execution Started
<em><b>This method validates Today's Alert table recent 5 alerts
There are no records in the table
<span style='color:red'>No records to display</span> error message is displayed
TC_alertTableList Testcase execution Completed]]>
  </system-out>
  <testcase classname="dashboard.TodaysAlertsTest" name="TC_moreDetailsBtnColorAfterClick" time="2.150"/>
  <system-out>
    <![CDATA[Browser: <span style='color:teal'>chrome
Language: <span style='color:teal'>english
Login Role: <span style='color:teal'>super admin
TC_moreDetailsBtnColorAfterClick Testcase execution Started
<em><b>This method validates Today's Alert table More Details button background color after click
Mouse hovered over the element Today's Alerts table More Details
More Details Button after click Background color defined : <b>#f2704e</b>
More Details Button after click Background color displayed : <b>#f2704e</b>
More Details Button after click background colour matches the defined colour code
TC_moreDetailsBtnColorAfterClick Testcase execution Completed]]>
  </system-out>
  <testcase classname="dashboard.TodaysAlertsTest" name="TC_moreDetailsBtnColor" time="1.038"/>
  <system-out>
    <![CDATA[Browser: <span style='color:teal'>chrome
Language: <span style='color:teal'>english
Login Role: <span style='color:teal'>super admin
TC_moreDetailsBtnColor Testcase execution Started
<em><b>This method validates Today's Alert table More Details button background color
Toolbar Buttons Background color defined : <b>#413ea0</b>
Toolbar Buttons Background color displayed : <b>#413ea0</b>
Toolbar Buttons background colour matches the defined colour code
TC_moreDetailsBtnColor Testcase execution Completed]]>
  </system-out>
</testsuite> <!-- dashboard.TodaysAlertsTest -->
