<?xml version="1.0" encoding="UTF-8"?>
<!-- Generated by org.testng.reporters.JUnitReportReporter -->
<testsuite hostname="DESKTOP-390DHBP" failures="0" tests="1" name="com.qa.Utils.ZapSecurityTest" time="6.670" errors="0" timestamp="2023-01-06T16:08:54 IST" skipped="0">
  <testcase classname="com.qa.Utils.ZapSecurityTest" name="securityTest" time="6.670"/>
  <system-out/>
</testsuite> <!-- com.qa.Utils.ZapSecurityTest -->
