<?xml version="1.0" encoding="UTF-8"?>
<!-- Generated by org.testng.reporters.JUnitReportReporter -->
<testsuite hostname="DESKTOP-390DHBP" failures="0" tests="1" name="dashboard.AlertMoreDetailsTest" time="8.238" errors="0" timestamp="2023-02-24T20:54:40 IST" skipped="0">
  <testcase classname="dashboard.AlertMoreDetailsTest" name="TC_moreDetailsRecordsPerPage" time="8.238"/>
  <system-out>
    <![CDATA[Browser: <span style='color:teal'>chrome
Language: <span style='color:teal'>english
Login Role: <span style='color:teal'>super admin
TC_moreDetailsRecordsPerPage Testcase execution Started
<em><b>"This method verifies Records per Page functionality in Dashboard, Alerts More Details screen"
Performed click action on More Details field
TC_moreDetailsRecordsPerPage Testcase execution Completed]]>
  </system-out>
</testsuite> <!-- dashboard.AlertMoreDetailsTest -->
