<?xml version="1.0" encoding="UTF-8"?>
<!-- Generated by org.testng.reporters.JUnitReportReporter -->
<testsuite hostname="DESKTOP-390DHBP" failures="0" tests="25" name="dashboard.MovingVehicleListPageTest" time="110.708" errors="1" timestamp="2023-02-27T12:31:24 IST" skipped="0">
  <testcase classname="dashboard.MovingVehicleListPageTest" name="TC_movingVehicleListColumnsBtnColor" time="2.593"/>
  <system-out>
    <![CDATA[Browser: <span style='color:teal'>chrome
Language: <span style='color:teal'>english
Login Role: <span style='color:teal'>super admin
TC_movingVehicleListColumnsBtnColor Testcase execution Started
<em><b>"This method validates Moving Vehicle List screen Columns toolbar color"
Columns Toolbar Background color defined : <b>#413ea0</b>
Columns Toolbar Background color displayed : <b>#413ea0</b>
Columns Toolbar background colour matches the defined colour code
TC_movingVehicleListColumnsBtnColor Testcase execution Completed]]>
  </system-out>
  <testcase classname="dashboard.MovingVehicleListPageTest" name="TC_movingVehicleListFiltersTooltip" time="3.286"/>
  <system-out>
    <![CDATA[Browser: <span style='color:teal'>chrome
Language: <span style='color:teal'>english
Login Role: <span style='color:teal'>super admin
TC_movingVehicleListFiltersTooltip Testcase execution Started
<em><b>"This method validates Moving Vehicle List screen Filters toolbar tooltip text"
Mouse hovered over the element Moving Vehicle List Filters
Tooltip text for the Moving Vehicle List Filters is: <b>Show filters
The tooltip text appears correctly
TC_movingVehicleListFiltersTooltip Testcase execution Completed]]>
  </system-out>
  <testcase classname="dashboard.MovingVehicleListPageTest" name="TC_movingVehicleListFiltersDeleteBtn" time="1.581"/>
  <system-out>
    <![CDATA[Browser: <span style='color:teal'>chrome
Language: <span style='color:teal'>english
Login Role: <span style='color:teal'>super admin
TC_movingVehicleListFiltersDeleteBtn Testcase execution Started
<em><b>"This method validates Moving Vehicle List screen Filters toolbar Delete functionality"
Performed click action on Filters toolbar field
Entering data in Filters text field <b>abcd
Entered text <b>"abcd"</b> in the Filters toolbar text field field
Performed click action on Filters toolbar Delete button field
Entered data is cleared from the text field
TC_movingVehicleListFiltersDeleteBtn Testcase execution Completed]]>
  </system-out>
  <testcase classname="dashboard.MovingVehicleListPageTest" name="TC_movingVehicleListLiveVideo" time="6.104">
    <error message="Index 0 out of bounds for length 0" type="java.lang.IndexOutOfBoundsException">
      <![CDATA[java.lang.IndexOutOfBoundsException: Index 0 out of bounds for length 0
at java.base/jdk.internal.util.Preconditions.outOfBounds(Preconditions.java:64)
at java.base/jdk.internal.util.Preconditions.outOfBoundsCheckIndex(Preconditions.java:70)
at java.base/jdk.internal.util.Preconditions.checkIndex(Preconditions.java:266)
at java.base/java.util.Objects.checkIndex(Objects.java:359)
at java.base/java.util.ArrayList.get(ArrayList.java:427)
at java.base/jdk.internal.reflect.NativeMethodAccessorImpl.invoke0(Native Method)
at java.base/jdk.internal.reflect.NativeMethodAccessorImpl.invoke(NativeMethodAccessorImpl.java:77)
at java.base/jdk.internal.reflect.DelegatingMethodAccessorImpl.invoke(DelegatingMethodAccessorImpl.java:43)
at java.base/java.lang.reflect.Method.invoke(Method.java:568)
at org.openqa.selenium.support.pagefactory.internal.LocatingElementListHandler.invoke(LocatingElementListHandler.java:40)
at jdk.proxy2/jdk.proxy2.$Proxy38.get(Unknown Source)
at com.qa.Pages.TablePage.verifyLiveVideo(TablePage.java:785)
at dashboard.MovingVehicleListPageTest.TC_movingVehicleListLiveVideo(MovingVehicleListPageTest.java:163)
at java.base/jdk.internal.reflect.NativeMethodAccessorImpl.invoke0(Native Method)
at java.base/jdk.internal.reflect.NativeMethodAccessorImpl.invoke(NativeMethodAccessorImpl.java:77)
at java.base/jdk.internal.reflect.DelegatingMethodAccessorImpl.invoke(DelegatingMethodAccessorImpl.java:43)
at java.base/java.lang.reflect.Method.invoke(Method.java:568)
at org.testng.internal.invokers.MethodInvocationHelper.invokeMethod(MethodInvocationHelper.java:139)
at org.testng.internal.invokers.TestInvoker.invokeMethod(TestInvoker.java:677)
at org.testng.internal.invokers.TestInvoker.invokeTestMethod(TestInvoker.java:221)
at org.testng.internal.invokers.MethodRunner.runInSequence(MethodRunner.java:50)
at org.testng.internal.invokers.TestInvoker$MethodInvocationAgent.invoke(TestInvoker.java:969)
at org.testng.internal.invokers.TestInvoker.invokeTestMethods(TestInvoker.java:194)
at org.testng.internal.invokers.TestMethodWorker.invokeTestMethods(TestMethodWorker.java:148)
at org.testng.internal.invokers.TestMethodWorker.run(TestMethodWorker.java:128)
at java.base/java.util.ArrayList.forEach(ArrayList.java:1511)
at org.testng.TestRunner.privateRun(TestRunner.java:829)
at org.testng.TestRunner.run(TestRunner.java:602)
at org.testng.SuiteRunner.runTest(SuiteRunner.java:437)
at org.testng.SuiteRunner.runSequentially(SuiteRunner.java:431)
at org.testng.SuiteRunner.privateRun(SuiteRunner.java:391)
at org.testng.SuiteRunner.run(SuiteRunner.java:330)
at org.testng.SuiteRunnerWorker.runSuite(SuiteRunnerWorker.java:52)
at org.testng.SuiteRunnerWorker.run(SuiteRunnerWorker.java:95)
at org.testng.TestNG.runSuitesSequentially(TestNG.java:1256)
at org.testng.TestNG.runSuitesLocally(TestNG.java:1176)
at org.testng.TestNG.runSuites(TestNG.java:1099)
at org.testng.TestNG.run(TestNG.java:1067)
at org.testng.remote.AbstractRemoteTestNG.run(AbstractRemoteTestNG.java:115)
at org.testng.remote.RemoteTestNG.initAndRun(RemoteTestNG.java:251)
at org.testng.remote.RemoteTestNG.main(RemoteTestNG.java:77)
]]>
    </error>
  </testcase> <!-- TC_movingVehicleListLiveVideo -->
  <system-out>
    <![CDATA[Browser: <span style='color:teal'>chrome
Language: <span style='color:teal'>english
Login Role: <span style='color:teal'>super admin
TC_movingVehicleListLiveVideo Testcase execution Started
<em><b>"This method verifies Moving Vehicle List screen Live Video functionality"
TC_movingVehicleListLiveVideo Testcase execution Failed]]>
  </system-out>
  <testcase classname="dashboard.MovingVehicleListPageTest" name="TC_movingVehicleListDownloadList" time="1.258"/>
  <system-out>
    <![CDATA[Browser: <span style='color:teal'>chrome
Language: <span style='color:teal'>english
Login Role: <span style='color:teal'>super admin
TC_movingVehicleListDownloadList Testcase execution Started
<em><b>"This method validates Moving Vehicle List screen Download toolbar List"
Performed click action on Download toolbar field
Download menu list are [ CSV,  PDF]
TC_movingVehicleListDownloadList Testcase execution Completed]]>
  </system-out>
  <testcase classname="dashboard.MovingVehicleListPageTest" name="TC_movingVehicleListSearch" time="12.025"/>
  <system-out>
    <![CDATA[Browser: <span style='color:teal'>chrome
Language: <span style='color:teal'>english
Login Role: <span style='color:teal'>super admin
TC_movingVehicleListSearch Testcase execution Started
<em><b>"This method verifies Moving Vehicle List screen Search functionality"
Performed click action on Filters toolbar field
Performed click action on Filters toolbar Columns dropdown field
Entered text <b>"Report=..........................."</b> in the Filters toolbar Columns dropdown field
Entered text <b>"GreenSlow-2"</b> in the Filters toolbar Value Text field field
Searching for the <b>GreenSlow-2 Report=...........................
Total Number of rows count in a table: 2
Number of records present for the searched element: 2
TC_movingVehicleListSearch Testcase execution Completed]]>
  </system-out>
  <testcase classname="dashboard.MovingVehicleListPageTest" name="TC_movingVehicleListColumnsBtnColorAfterClick" time="3.718"/>
  <system-out>
    <![CDATA[Browser: <span style='color:teal'>chrome
Language: <span style='color:teal'>english
Login Role: <span style='color:teal'>super admin
TC_movingVehicleListColumnsBtnColorAfterClick Testcase execution Started
<em><b>"This method validates Moving Vehicle List screen Columns toolbar color after click"
Mouse hovered over the element Moving Vehicle List screen Columns toolbar
Columns Toolbar after click Background color defined : <b>#f2704e</b>
Columns Toolbar after click Background color displayed : <b>#f2704e</b>
Columns Toolbar after click background colour matches the defined colour code
TC_movingVehicleListColumnsBtnColorAfterClick Testcase execution Completed]]>
  </system-out>
  <testcase classname="dashboard.MovingVehicleListPageTest" name="TC_movingVehicleListUrl" time="1.090"/>
  <system-out>
    <![CDATA[Browser: <span style='color:teal'>chrome
Language: <span style='color:teal'>english
Login Role: <span style='color:teal'>super admin
TC_movingVehicleListUrl Testcase execution Started
<em><b>"This method verifies Moving Vehicle List screen URL"
Verifying Moving Vehicle List screen page URL
Not able to retrieve Page URL
TC_movingVehicleListUrl Testcase execution Completed]]>
  </system-out>
  <testcase classname="dashboard.MovingVehicleListPageTest" name="TC_movingVehicleListFiltersBtnColorAfterClick" time="3.261"/>
  <system-out>
    <![CDATA[Browser: <span style='color:teal'>chrome
Language: <span style='color:teal'>english
Login Role: <span style='color:teal'>super admin
TC_movingVehicleListFiltersBtnColorAfterClick Testcase execution Started
<em><b>"This method validates Moving Vehicle List screen Filters toolbar color after click"
Mouse hovered over the element Moving Vehicle List screen Filters toolbar
Filters Toolbar after click Background color defined : <b>#f2704e</b>
Filters Toolbar after click Background color displayed : <b>#f2704e</b>
Filters Toolbar after click background colour matches the defined colour code
TC_movingVehicleListFiltersBtnColorAfterClick Testcase execution Completed]]>
  </system-out>
  <testcase classname="dashboard.MovingVehicleListPageTest" name="TC_movingVehicleUpwardArrowBtn" time="2.270"/>
  <system-out>
    <![CDATA[Browser: <span style='color:teal'>chrome
Language: <span style='color:teal'>english
Login Role: <span style='color:teal'>super admin
TC_movingVehicleUpwardArrowBtn Testcase execution Started
<em><b>"This method verifies Moving Vehicle screen Upward Arrow button functionality"
The page is scrolled to the end
Performed click action on Upward Arrow button field
As the upward arrow button was clicked, the page scrolled to the top
TC_movingVehicleUpwardArrowBtn Testcase execution Completed]]>
  </system-out>
  <testcase classname="dashboard.MovingVehicleListPageTest" name="TC_movingVehicleListColumnsHideAll" time="11.438"/>
  <system-out>
    <![CDATA[Browser: <span style='color:teal'>chrome
Language: <span style='color:teal'>english
Login Role: <span style='color:teal'>super admin
TC_movingVehicleListColumnsHideAll Testcase execution Started
<em><b>"This method validates Moving Vehicle List screen Columns Hide All functionality"
Performed click action on Columns toolbar field
Performed click action on Columns toolbar Hide All button field
Total Number of columns count in a table: <b>0</b>
All the table columns are hidden
TC_movingVehicleListColumnsHideAll Testcase execution Completed]]>
  </system-out>
  <testcase classname="dashboard.MovingVehicleListPageTest" name="TC_movingVehicleListRecordsPerPage" time="9.073"/>
  <system-out>
    <![CDATA[Browser: <span style='color:teal'>chrome
Language: <span style='color:teal'>english
Login Role: <span style='color:teal'>super admin
TC_movingVehicleListRecordsPerPage Testcase execution Started
<em><b>"This method verifies Moving Vehicle List screen Records per Page functionality"
TC_movingVehicleListRecordsPerPage Testcase execution Completed]]>
  </system-out>
  <testcase classname="dashboard.MovingVehicleListPageTest" name="TC_movingVehiclePageHeader" time="1.183"/>
  <system-out>
    <![CDATA[Browser: <span style='color:teal'>chrome
Language: <span style='color:teal'>english
Login Role: <span style='color:teal'>super admin
TC_movingVehiclePageHeader Testcase execution Started
<em><b>"This method verifies Moving Vehicle List Page Header"
Moving Vehicles List Page Header name is displayed
TC_movingVehiclePageHeader Testcase execution Completed]]>
  </system-out>
  <testcase classname="dashboard.MovingVehicleListPageTest" name="TC_movingVehicleListColmnsList" time="4.783"/>
  <system-out>
    <![CDATA[Browser: <span style='color:teal'>chrome
Language: <span style='color:teal'>english
Login Role: <span style='color:teal'>super admin
TC_movingVehicleListColmnsList Testcase execution Started
<em><b>"This method validates Moving Vehicle List screen Columns List"
Performed click action on Columns toolbar field
The Columns list are  [#, Vehicle Number, Track Time, Location, Speed (km/h), Acc, Odometer (km), Idle Time(Mins), Video Status, Live Video]
The table headers are [#, Vehicle Number, Track Time, Location, Speed (km/h), Acc, Odometer (km), Idle Time(Mins), Video Status, Live Video]
The columns list matches the table headers
TC_movingVehicleListColmnsList Testcase execution Completed]]>
  </system-out>
  <testcase classname="dashboard.MovingVehicleListPageTest" name="TC_movingVehicleListFiltersBtnColor" time="2.616"/>
  <system-out>
    <![CDATA[Browser: <span style='color:teal'>chrome
Language: <span style='color:teal'>english
Login Role: <span style='color:teal'>super admin
TC_movingVehicleListFiltersBtnColor Testcase execution Started
<em><b>"This method validates Moving Vehicle List screen Filters toolbar color"
Filters Toolbar Background color defined : <b>#413ea0</b>
Filters Toolbar Background color displayed : <b>#413ea0</b>
Filters Toolbar background colour matches the defined colour code
TC_movingVehicleListFiltersBtnColor Testcase execution Completed]]>
  </system-out>
  <testcase classname="dashboard.MovingVehicleListPageTest" name="TC_movingVehicleListColumnsShowAll" time="2.060"/>
  <system-out>
    <![CDATA[Browser: <span style='color:teal'>chrome
Language: <span style='color:teal'>english
Login Role: <span style='color:teal'>super admin
TC_movingVehicleListColumnsShowAll Testcase execution Started
<em><b>"This method validates Moving Vehicle List screen Columns Show All functionality"
Performed click action on Columns toolbar field
The Columns list are  [#, Vehicle Number, Track Time, Location, Speed (km/h), Acc, Odometer (km), Idle Time(Mins), Video Status, Live Video]
Performed click action on Columns toolbar Show All button field
The table headers are [#, Vehicle Number, Track Time, Location, Speed (km/h), Acc, Odometer (km), Idle Time(Mins), Video Status, Live Video]
The columns list matches the table headers
TC_movingVehicleListColumnsShowAll Testcase execution Completed]]>
  </system-out>
  <testcase classname="dashboard.MovingVehicleListPageTest" name="TC_movingVehicleListdownloadBtnColorAfterClick" time="3.231"/>
  <system-out>
    <![CDATA[Browser: <span style='color:teal'>chrome
Language: <span style='color:teal'>english
Login Role: <span style='color:teal'>super admin
TC_movingVehicleListdownloadBtnColorAfterClick Testcase execution Started
<em><b>"This method validates Moving Vehicle List screen Download toolbar color after click"
Mouse hovered over the element Moving Vehicle List screen Download toolbar
Download Toolbar after click Background color defined : <b>#f2704e</b>
Download Toolbar after click Background color displayed : <b>#f2704e</b>
Download Toolbar after click background colour matches the defined colour code
TC_movingVehicleListdownloadBtnColorAfterClick Testcase execution Completed]]>
  </system-out>
  <testcase classname="dashboard.MovingVehicleListPageTest" name="TC_movingVehicleListdownloadBtnColor" time="4.081"/>
  <system-out>
    <![CDATA[Browser: <span style='color:teal'>chrome
Language: <span style='color:teal'>english
Login Role: <span style='color:teal'>super admin
TC_movingVehicleListdownloadBtnColor Testcase execution Started
<em><b>"This method validates Moving Vehicle List screen Download toolbar color"
Download Toolbar Background color defined : <b>#413ea0</b>
Download Toolbar Background color displayed : <b>#413ea0</b>
Download Toolbar background colour matches the defined colour code
TC_movingVehicleListdownloadBtnColor Testcase execution Completed]]>
  </system-out>
  <testcase classname="dashboard.MovingVehicleListPageTest" name="TC_movingVehicleListRecordsPerPageText" time="1.273"/>
  <system-out>
    <![CDATA[Browser: <span style='color:teal'>chrome
Language: <span style='color:teal'>english
Login Role: <span style='color:teal'>super admin
TC_movingVehicleListRecordsPerPageText Testcase execution Started
<em><b>"This method validates Records per Page text is displayed in Moving Vehicle List Screen"
TC_movingVehicleListRecordsPerPageText Testcase execution Completed]]>
  </system-out>
  <testcase classname="dashboard.MovingVehicleListPageTest" name="TC_movingVehicleListSort" time="13.209"/>
  <system-out>
    <![CDATA[Browser: <span style='color:teal'>chrome
Language: <span style='color:teal'>english
Login Role: <span style='color:teal'>super admin
TC_movingVehicleListSort Testcase execution Started
<em><b>"This method verifies Moving Vehicle List screen Sort functionality"
Mouse hovered and clicked the element Table Sort button
Table records are sorted
TC_movingVehicleListSort Testcase execution Completed]]>
  </system-out>
  <testcase classname="dashboard.MovingVehicleListPageTest" name="TC_movingVehicleListFiltersList" time="7.318"/>
  <system-out>
    <![CDATA[Browser: <span style='color:teal'>chrome
Language: <span style='color:teal'>english
Login Role: <span style='color:teal'>super admin
TC_movingVehicleListFiltersList Testcase execution Started
<em><b>"This method validates Moving Vehicle List screen Filters toolbar List"
Performed click action on Filters toolbar field
Filter Columns dropdown list are []
The headers of the table are     [#, Vehicle Number, Track Time, Location, Speed (km/h), Acc, Odometer (km), Idle Time(Mins), Video Status, Live Video]
The Filter columns list matches the table headers
TC_movingVehicleListFiltersList Testcase execution Completed]]>
  </system-out>
  <testcase classname="dashboard.MovingVehicleListPageTest" name="TC_movingVehicleListTitle" time="1.171"/>
  <system-out>
    <![CDATA[Browser: <span style='color:teal'>chrome
Language: <span style='color:teal'>english
Login Role: <span style='color:teal'>super admin
TC_movingVehicleListTitle Testcase execution Started
<em><b>"This method verifies Moving Vehicle List Page Title"
Verifying Moving Vehicle List screen page title
Page Title is <b>FMS - Dashboard
TC_movingVehicleListTitle Testcase execution Completed]]>
  </system-out>
  <testcase classname="dashboard.MovingVehicleListPageTest" name="TC_movingVehicleListDownloadCSV" time="1.764"/>
  <system-out>
    <![CDATA[Browser: <span style='color:teal'>chrome
Language: <span style='color:teal'>english
Login Role: <span style='color:teal'>super admin
TC_movingVehicleListDownloadCSV Testcase execution Started
<em><b>"This method validates Moving Vehicle List screen CSV Download functionality"
Performed click action on Download toolbar field
Performed click action on CSV field
TC_movingVehicleListDownloadCSV Testcase execution Completed]]>
  </system-out>
  <testcase classname="dashboard.MovingVehicleListPageTest" name="TC_movingVehicleListDownloadPDF" time="7.507"/>
  <system-out>
    <![CDATA[Browser: <span style='color:teal'>chrome
Language: <span style='color:teal'>english
Login Role: <span style='color:teal'>super admin
TC_movingVehicleListDownloadPDF Testcase execution Started
<em><b>"This method validates Moving Vehicle List screen PDF Download functionality"
Performed click action on Download toolbar field
Performed click action on PDF field
TC_movingVehicleListDownloadPDF Testcase execution Completed]]>
  </system-out>
  <testcase classname="dashboard.MovingVehicleListPageTest" name="TC_movingVehicleListRecordsPerPageList" time="2.815"/>
  <system-out>
    <![CDATA[Browser: <span style='color:teal'>chrome
Language: <span style='color:teal'>english
Login Role: <span style='color:teal'>super admin
TC_movingVehicleListRecordsPerPageList Testcase execution Started
<em><b>"This method validates Records per page dropdown list entries in Moving Vehicle List screen"
Performed click action on Records per page Dropdown field
Records per page entries are [10, 20, 30]
TC_movingVehicleListRecordsPerPageList Testcase execution Completed]]>
  </system-out>
</testsuite> <!-- dashboard.MovingVehicleListPageTest -->
