<?xml version="1.0" encoding="UTF-8"?>
<!-- Generated by org.testng.reporters.JUnitReportReporter -->
<testsuite hostname="DESKTOP-390DHBP" failures="0" tests="24" name="dashboard.AllVehicleListPageTest" time="139.338" errors="0" timestamp="2023-02-27T12:31:24 IST" skipped="0">
  <testcase classname="dashboard.AllVehicleListPageTest" name="TC_allVehiclesListFiltersTooltip" time="3.253"/>
  <system-out>
    <![CDATA[Browser: <span style='color:teal'>chrome
Language: <span style='color:teal'>english
Login Role: <span style='color:teal'>super admin
TC_allVehiclesListFiltersTooltip Testcase execution Started
<em><b>"This method validates All Vehicles List screen Filters toolbar tooltip text"
Mouse hovered over the element All Vehicle List Filters
Tooltip text for the All Vehicle List Filters is: <b>Show filters
The tooltip text appears correctly
TC_allVehiclesListFiltersTooltip Testcase execution Completed]]>
  </system-out>
  <testcase classname="dashboard.AllVehicleListPageTest" name="TC_allVehiclesListColumnsBtnColor" time="2.065"/>
  <system-out>
    <![CDATA[Browser: <span style='color:teal'>chrome
Language: <span style='color:teal'>english
Login Role: <span style='color:teal'>super admin
TC_allVehiclesListColumnsBtnColor Testcase execution Started
<em><b>"This method validates All Vehicles List screen Columns toolbar color"
Columns Toolbar Background color defined : <b>#413ea0</b>
Columns Toolbar Background color displayed : <b>#413ea0</b>
Columns Toolbar background colour matches the defined colour code
TC_allVehiclesListColumnsBtnColor Testcase execution Completed]]>
  </system-out>
  <testcase classname="dashboard.AllVehicleListPageTest" name="TC_allVehiclesListDownloadList" time="1.318"/>
  <system-out>
    <![CDATA[Browser: <span style='color:teal'>chrome
Language: <span style='color:teal'>english
Login Role: <span style='color:teal'>super admin
TC_allVehiclesListDownloadList Testcase execution Started
<em><b>"This method validates All Vehicles List screen Download toolbar List"
Performed click action on Download toolbar field
Download menu list are [ CSV,  PDF]
TC_allVehiclesListDownloadList Testcase execution Completed]]>
  </system-out>
  <testcase classname="dashboard.AllVehicleListPageTest" name="TC_allVehiclesListUrl" time="1.055"/>
  <system-out>
    <![CDATA[Browser: <span style='color:teal'>chrome
Language: <span style='color:teal'>english
Login Role: <span style='color:teal'>super admin
TC_allVehiclesListUrl Testcase execution Started
<em><b>"This method verifies All Vehicles List screen URL"
Verifying All Vehicle List screen page URL
Not able to retrieve Page URL
TC_allVehiclesListUrl Testcase execution Completed]]>
  </system-out>
  <testcase classname="dashboard.AllVehicleListPageTest" name="TC_allVehiclesListdownloadBtnColorAfterClick" time="3.685"/>
  <system-out>
    <![CDATA[Browser: <span style='color:teal'>chrome
Language: <span style='color:teal'>english
Login Role: <span style='color:teal'>super admin
TC_allVehiclesListdownloadBtnColorAfterClick Testcase execution Started
<em><b>"This method validates All Vehicles List screen Download toolbar color after click"
Mouse hovered over the element All Vehicles List screen Download toolbar
Download Toolbar after click Background color defined : <b>#f2704e</b>
Download Toolbar after click Background color displayed : <b>#f2704e</b>
Download Toolbar after click background colour matches the defined colour code
TC_allVehiclesListdownloadBtnColorAfterClick Testcase execution Completed]]>
  </system-out>
  <testcase classname="dashboard.AllVehicleListPageTest" name="TC_allVehiclesListRecordsPerPage" time="10.346"/>
  <system-out>
    <![CDATA[Browser: <span style='color:teal'>chrome
Language: <span style='color:teal'>english
Login Role: <span style='color:teal'>super admin
TC_allVehiclesListRecordsPerPage Testcase execution Started
<em><b>"This method verifies All Vehicles List screen Records per Page functionality"
TC_allVehiclesListRecordsPerPage Testcase execution Completed]]>
  </system-out>
  <testcase classname="dashboard.AllVehicleListPageTest" name="TC_allVehiclesPageHeader" time="1.171"/>
  <system-out>
    <![CDATA[Browser: <span style='color:teal'>chrome
Language: <span style='color:teal'>english
Login Role: <span style='color:teal'>super admin
TC_allVehiclesPageHeader Testcase execution Started
<em><b>"This method verifies All Vehicles List Page Header"
All Vehicles List Page Header name is displayed
TC_allVehiclesPageHeader Testcase execution Completed]]>
  </system-out>
  <testcase classname="dashboard.AllVehicleListPageTest" name="TC_allVehiclesListRecordsPerPageText" time="1.376"/>
  <system-out>
    <![CDATA[Browser: <span style='color:teal'>chrome
Language: <span style='color:teal'>english
Login Role: <span style='color:teal'>super admin
TC_allVehiclesListRecordsPerPageText Testcase execution Started
<em><b>"This method validates Records per Page text is displayed in All Vehicles List Screen"
TC_allVehiclesListRecordsPerPageText Testcase execution Completed]]>
  </system-out>
  <testcase classname="dashboard.AllVehicleListPageTest" name="TC_allVehiclesUpwardArrowBtn" time="2.295"/>
  <system-out>
    <![CDATA[Browser: <span style='color:teal'>chrome
Language: <span style='color:teal'>english
Login Role: <span style='color:teal'>super admin
TC_allVehiclesUpwardArrowBtn Testcase execution Started
<em><b>"This method verifies All Vehicles screen Upward Arrow button functionality"
The page is scrolled to the end
Performed click action on Upward Arrow button field
As the upward arrow button was clicked, the page scrolled to the top
TC_allVehiclesUpwardArrowBtn Testcase execution Completed]]>
  </system-out>
  <testcase classname="dashboard.AllVehicleListPageTest" name="TC_allVehiclesListSearch" time="23.194"/>
  <system-out>
    <![CDATA[Browser: <span style='color:teal'>chrome
Language: <span style='color:teal'>english
Login Role: <span style='color:teal'>super admin
TC_allVehiclesListSearch Testcase execution Started
<em><b>"This method verifies All Vehicles List screen Search functionality"
Performed click action on Filters toolbar field
Performed click action on Filters toolbar Columns dropdown field
Entered text <b>"Report=..........................."</b> in the Filters toolbar Columns dropdown field
Entered text <b>"72082"</b> in the Filters toolbar Value Text field field
Searching for the <b>72082 Report=...........................
Total Number of rows count in a table: 34
Number of records present for the searched element: 34
TC_allVehiclesListSearch Testcase execution Completed]]>
  </system-out>
  <testcase classname="dashboard.AllVehicleListPageTest" name="TC_allVehiclesListdownloadBtnColor" time="2.055"/>
  <system-out>
    <![CDATA[Browser: <span style='color:teal'>chrome
Language: <span style='color:teal'>english
Login Role: <span style='color:teal'>super admin
TC_allVehiclesListdownloadBtnColor Testcase execution Started
<em><b>"This method validates All Vehicles List screen Download toolbar color"
Download Toolbar Background color defined : <b>#413ea0</b>
Download Toolbar Background color displayed : <b>#413ea0</b>
Download Toolbar background colour matches the defined colour code
TC_allVehiclesListdownloadBtnColor Testcase execution Completed]]>
  </system-out>
  <testcase classname="dashboard.AllVehicleListPageTest" name="TC_allVehiclesListFiltersBtnColor" time="2.071"/>
  <system-out>
    <![CDATA[Browser: <span style='color:teal'>chrome
Language: <span style='color:teal'>english
Login Role: <span style='color:teal'>super admin
TC_allVehiclesListFiltersBtnColor Testcase execution Started
<em><b>"This method validates All Vehicles List screen Filters toolbar color"
Filters Toolbar Background color defined : <b>#413ea0</b>
Filters Toolbar Background color displayed : <b>#413ea0</b>
Filters Toolbar background colour matches the defined colour code
TC_allVehiclesListFiltersBtnColor Testcase execution Completed]]>
  </system-out>
  <testcase classname="dashboard.AllVehicleListPageTest" name="TC_allVehiclesListColmnsList" time="4.240"/>
  <system-out>
    <![CDATA[Browser: <span style='color:teal'>chrome
Language: <span style='color:teal'>english
Login Role: <span style='color:teal'>super admin
TC_allVehiclesListColmnsList Testcase execution Started
<em><b>"This method validates All Vehicles List screen Columns List"
Performed click action on Columns toolbar field
The Columns list are  [#, Vehicle Number, Track Time, Location, Speed (km/h), Acc, Odometer (km), Idle Time(Mins), Video Status, Live Video]
The table headers are [#, Vehicle Number, Track Time, Location, Speed (km/h), Acc, Odometer (km), Idle Time(Mins), Video Status, Live Video]
The columns list matches the table headers
TC_allVehiclesListColmnsList Testcase execution Completed]]>
  </system-out>
  <testcase classname="dashboard.AllVehicleListPageTest" name="TC_allVehiclesListColumnsHideAll" time="11.470"/>
  <system-out>
    <![CDATA[Browser: <span style='color:teal'>chrome
Language: <span style='color:teal'>english
Login Role: <span style='color:teal'>super admin
TC_allVehiclesListColumnsHideAll Testcase execution Started
<em><b>"This method validates All Vehicles List screen Columns Hide All functionality"
Performed click action on Columns toolbar field
Performed click action on Columns toolbar Hide All button field
Total Number of columns count in a table: <b>0</b>
All the table columns are hidden
TC_allVehiclesListColumnsHideAll Testcase execution Completed]]>
  </system-out>
  <testcase classname="dashboard.AllVehicleListPageTest" name="TC_allVehiclesListSort" time="37.212"/>
  <system-out>
    <![CDATA[Browser: <span style='color:teal'>chrome
Language: <span style='color:teal'>english
Login Role: <span style='color:teal'>super admin
TC_allVehiclesListSort Testcase execution Started
<em><b>"This method verifies All Vehicles List screen Sort functionality"
Mouse hovered and clicked the element Table Sort button
Table records are sorted
TC_allVehiclesListSort Testcase execution Completed]]>
  </system-out>
  <testcase classname="dashboard.AllVehicleListPageTest" name="TC_allVehiclesListColumnsBtnColorAfterClick" time="3.200"/>
  <system-out>
    <![CDATA[Browser: <span style='color:teal'>chrome
Language: <span style='color:teal'>english
Login Role: <span style='color:teal'>super admin
TC_allVehiclesListColumnsBtnColorAfterClick Testcase execution Started
<em><b>"This method validates All Vehicles List screen Columns toolbar color after click"
Mouse hovered over the element All Vehicles List screen Columns toolbar
Columns Toolbar after click Background color defined : <b>#f2704e</b>
Columns Toolbar after click Background color displayed : <b>#f2704e</b>
Columns Toolbar after click background colour matches the defined colour code
TC_allVehiclesListColumnsBtnColorAfterClick Testcase execution Completed]]>
  </system-out>
  <testcase classname="dashboard.AllVehicleListPageTest" name="TC_allVehiclesListColumnsShowAll" time="2.015"/>
  <system-out>
    <![CDATA[Browser: <span style='color:teal'>chrome
Language: <span style='color:teal'>english
Login Role: <span style='color:teal'>super admin
TC_allVehiclesListColumnsShowAll Testcase execution Started
<em><b>"This method validates All Vehicles List screen Columns Show All functionality"
Performed click action on Columns toolbar field
The Columns list are  [#, Vehicle Number, Track Time, Location, Speed (km/h), Acc, Odometer (km), Idle Time(Mins), Video Status, Live Video]
Performed click action on Columns toolbar Show All button field
The table headers are [#, Vehicle Number, Track Time, Location, Speed (km/h), Acc, Odometer (km), Idle Time(Mins), Video Status, Live Video]
The columns list matches the table headers
TC_allVehiclesListColumnsShowAll Testcase execution Completed]]>
  </system-out>
  <testcase classname="dashboard.AllVehicleListPageTest" name="TC_allVehiclesListFiltersList" time="7.880"/>
  <system-out>
    <![CDATA[Browser: <span style='color:teal'>chrome
Language: <span style='color:teal'>english
Login Role: <span style='color:teal'>super admin
TC_allVehiclesListFiltersList Testcase execution Started
<em><b>"This method validates All Vehicles List screen Filters toolbar List"
Performed click action on Filters toolbar field
Filter Columns dropdown list are []
The headers of the table are     [#, Vehicle Number, Track Time, Location, Speed (km/h), Acc, Odometer (km), Idle Time(Mins), Video Status, Live Video]
The Filter columns list matches the table headers
TC_allVehiclesListFiltersList Testcase execution Completed]]>
  </system-out>
  <testcase classname="dashboard.AllVehicleListPageTest" name="TC_allVehiclesListFiltersDeleteBtn" time="1.699"/>
  <system-out>
    <![CDATA[Browser: <span style='color:teal'>chrome
Language: <span style='color:teal'>english
Login Role: <span style='color:teal'>super admin
TC_allVehiclesListFiltersDeleteBtn Testcase execution Started
<em><b>"This method validates All Vehicles List screen Filters toolbar Delete functionality"
Performed click action on Filters toolbar field
Entering data in Filters text field <b>abcd
Entered text <b>"abcd"</b> in the Filters toolbar text field field
Performed click action on Filters toolbar Delete button field
Entered data is cleared from the text field
TC_allVehiclesListFiltersDeleteBtn Testcase execution Completed]]>
  </system-out>
  <testcase classname="dashboard.AllVehicleListPageTest" name="TC_allVehiclesListTitle" time="1.745"/>
  <system-out>
    <![CDATA[Browser: <span style='color:teal'>chrome
Language: <span style='color:teal'>english
Login Role: <span style='color:teal'>super admin
TC_allVehiclesListTitle Testcase execution Started
<em><b>"This method verifies All Vehicles List Page Title"
Verifying All Vehicles List screen page title
Page Title is <b>FMS - Dashboard
TC_allVehiclesListTitle Testcase execution Completed]]>
  </system-out>
  <testcase classname="dashboard.AllVehicleListPageTest" name="TC_allVehiclesListFiltersBtnColorAfterClick" time="3.204"/>
  <system-out>
    <![CDATA[Browser: <span style='color:teal'>chrome
Language: <span style='color:teal'>english
Login Role: <span style='color:teal'>super admin
TC_allVehiclesListFiltersBtnColorAfterClick Testcase execution Started
<em><b>"This method validates All Vehicles List screen Filters toolbar color after click"
Mouse hovered over the element All Vehicles List screen Filters toolbar
Filters Toolbar after click Background color defined : <b>#f2704e</b>
Filters Toolbar after click Background color displayed : <b>#f2704e</b>
Filters Toolbar after click background colour matches the defined colour code
TC_allVehiclesListFiltersBtnColorAfterClick Testcase execution Completed]]>
  </system-out>
  <testcase classname="dashboard.AllVehicleListPageTest" name="TC_allVehiclesListDownloadCSV" time="1.972"/>
  <system-out>
    <![CDATA[Browser: <span style='color:teal'>chrome
Language: <span style='color:teal'>english
Login Role: <span style='color:teal'>super admin
TC_allVehiclesListDownloadCSV Testcase execution Started
<em><b>"This method validates All Vehicles List screen CSV Download functionality"
Performed click action on Download toolbar field
Performed click action on CSV field
TC_allVehiclesListDownloadCSV Testcase execution Completed]]>
  </system-out>
  <testcase classname="dashboard.AllVehicleListPageTest" name="TC_allVehiclesListDownloadPDF" time="8.005"/>
  <system-out>
    <![CDATA[Browser: <span style='color:teal'>chrome
Language: <span style='color:teal'>english
Login Role: <span style='color:teal'>super admin
TC_allVehiclesListDownloadPDF Testcase execution Started
<em><b>"This method validates All Vehicles List screen PDF Download functionality"
Performed click action on Download toolbar field
Performed click action on PDF field
TC_allVehiclesListDownloadPDF Testcase execution Completed]]>
  </system-out>
  <testcase classname="dashboard.AllVehicleListPageTest" name="TC_allVehiclesListRecordsPerPageList" time="2.812"/>
  <system-out>
    <![CDATA[Browser: <span style='color:teal'>chrome
Language: <span style='color:teal'>english
Login Role: <span style='color:teal'>super admin
TC_allVehiclesListRecordsPerPageList Testcase execution Started
<em><b>"This method validates Records per page dropdown list entries in All Vehicles List screen"
Performed click action on Records per page Dropdown field
Records per page entries are [10, 20, 30]
TC_allVehiclesListRecordsPerPageList Testcase execution Completed]]>
  </system-out>
</testsuite> <!-- dashboard.AllVehicleListPageTest -->
