<?xml version="1.0" encoding="UTF-8"?>
<!-- Generated by org.testng.reporters.JUnitReportReporter -->
<testsuite hostname="DESKTOP-390DHBP" failures="0" tests="14" name="videoStatus.VideoStatusToolsTest" time="51.129" errors="0" timestamp="2023-02-24T20:54:40 IST" skipped="0">
  <testcase classname="videoStatus.VideoStatusToolsTest" name="TC_videoStatusColumnsBtnColor" time="1.079"/>
  <system-out>
    <![CDATA[Browser: <span style='color:teal'>chrome
Language: <span style='color:teal'>english
Login Role: <span style='color:teal'>super admin
TC_videoStatusColumnsBtnColor Testcase execution Started
<em><b>"This method validates Video Status report Columns toolbar color"
Columns Toolbar Background color defined : <b>#413ea0</b>
Columns Toolbar Background color displayed : <b>#413ea0</b>
Columns Toolbar background colour matches the defined colour code
TC_videoStatusColumnsBtnColor Testcase execution Completed]]>
  </system-out>
  <testcase classname="videoStatus.VideoStatusToolsTest" name="TC_videoStatusColmnsList" time="3.129"/>
  <system-out>
    <![CDATA[Browser: <span style='color:teal'>chrome
Language: <span style='color:teal'>english
Login Role: <span style='color:teal'>super admin
TC_videoStatusColmnsList Testcase execution Started
<em><b>"This method validates Video Status report Columns List"
Performed click action on Columns toolbar field
The Columns list are  [#, Vehicle Number, Alert Date Time, Location, Alert Type, Alert Video, Map It]
The table headers are [#, Vehicle Number, Alert Date Time, Location, Alert Type, Alert Video, Map It]
The columns list matches the table headers
TC_videoStatusColmnsList Testcase execution Completed]]>
  </system-out>
  <testcase classname="videoStatus.VideoStatusToolsTest" name="TC_videoStatusFiltersList" time="6.393"/>
  <system-out>
    <![CDATA[Browser: <span style='color:teal'>chrome
Language: <span style='color:teal'>english
Login Role: <span style='color:teal'>super admin
TC_videoStatusFiltersList Testcase execution Started
<em><b>"This method validates Video Status report Filters toolbar List"
Performed click action on Filters toolbar field
Filter Columns dropdown list are []
The headers of the table are     [#, Vehicle Number, Alert Date Time, Location, Alert Type, Alert Video, Map It]
The Filter columns list matches the table headers
TC_videoStatusFiltersList Testcase execution Completed]]>
  </system-out>
  <testcase classname="videoStatus.VideoStatusToolsTest" name="TC_videoStatusFiltersBtnColor" time="1.083"/>
  <system-out>
    <![CDATA[Browser: <span style='color:teal'>chrome
Language: <span style='color:teal'>english
Login Role: <span style='color:teal'>super admin
TC_videoStatusFiltersBtnColor Testcase execution Started
<em><b>"This method validates Video Status report Filters toolbar color"
Filters Toolbar Background color defined : <b>#413ea0</b>
Filters Toolbar Background color displayed : <b>#413ea0</b>
Filters Toolbar background colour matches the defined colour code
TC_videoStatusFiltersBtnColor Testcase execution Completed]]>
  </system-out>
  <testcase classname="videoStatus.VideoStatusToolsTest" name="TC_videoStatusDownloadList" time="0.243"/>
  <system-out>
    <![CDATA[Browser: <span style='color:teal'>chrome
Language: <span style='color:teal'>english
Login Role: <span style='color:teal'>super admin
TC_videoStatusDownloadList Testcase execution Started
<em><b>"This method validates Video Status report Download toolbar List"
Performed click action on Download toolbar field
Download menu list are [ CSV,  PDF]
TC_videoStatusDownloadList Testcase execution Completed]]>
  </system-out>
  <testcase classname="videoStatus.VideoStatusToolsTest" name="TC_videoStatusColumnsShowAll" time="1.143"/>
  <system-out>
    <![CDATA[Browser: <span style='color:teal'>chrome
Language: <span style='color:teal'>english
Login Role: <span style='color:teal'>super admin
TC_videoStatusColumnsShowAll Testcase execution Started
<em><b>"This method validates Video Status report Columns Show All functionality"
Performed click action on Columns toolbar field
The Columns list are  [#, Vehicle Number, Alert Date Time, Location, Alert Type, Alert Video, Map It]
Performed click action on Columns toolbar Show All button field
The table headers are [#, Vehicle Number, Alert Date Time, Location, Alert Type, Alert Video, Map It]
The columns list matches the table headers
TC_videoStatusColumnsShowAll Testcase execution Completed]]>
  </system-out>
  <testcase classname="videoStatus.VideoStatusToolsTest" name="TC_videoStatusFiltersDeleteBtn" time="0.676"/>
  <system-out>
    <![CDATA[Browser: <span style='color:teal'>chrome
Language: <span style='color:teal'>english
Login Role: <span style='color:teal'>super admin
TC_videoStatusFiltersDeleteBtn Testcase execution Started
<em><b>"This method validates Video Status report Filters toolbar Delete functionality"
Performed click action on Filters toolbar field
Entering data in Filters text field <b>abcd
Entered text <b>"abcd"</b> in the Filters toolbar text field field
Performed click action on Filters toolbar Delete button field
Entered data is cleared from the text field
TC_videoStatusFiltersDeleteBtn Testcase execution Completed]]>
  </system-out>
  <testcase classname="videoStatus.VideoStatusToolsTest" name="TC_videoStatusdownloadBtnColorAfterClick" time="2.209"/>
  <system-out>
    <![CDATA[Browser: <span style='color:teal'>chrome
Language: <span style='color:teal'>english
Login Role: <span style='color:teal'>super admin
TC_videoStatusdownloadBtnColorAfterClick Testcase execution Started
<em><b>"This method validates Video Status report Download toolbar color after click"
Mouse hovered over the element Video Status screen Download toolbar
Download Toolbar after click Background color defined : <b>#f2704e</b>
Download Toolbar after click Background color displayed : <b>#f2704e</b>
Download Toolbar after click background colour matches the defined colour code
TC_videoStatusdownloadBtnColorAfterClick Testcase execution Completed]]>
  </system-out>
  <testcase classname="videoStatus.VideoStatusToolsTest" name="TC_videoStatusdownloadBtnColor" time="3.171"/>
  <system-out>
    <![CDATA[Browser: <span style='color:teal'>chrome
Language: <span style='color:teal'>english
Login Role: <span style='color:teal'>super admin
TC_videoStatusdownloadBtnColor Testcase execution Started
<em><b>"This method validates Video Status report Download toolbar color"
Download Toolbar Background color defined : <b>#413ea0</b>
Download Toolbar Background color displayed : <b>#413ea0</b>
Download Toolbar background colour matches the defined colour code
TC_videoStatusdownloadBtnColor Testcase execution Completed]]>
  </system-out>
  <testcase classname="videoStatus.VideoStatusToolsTest" name="TC_videoStatusColumnsHideAll" time="10.386"/>
  <system-out>
    <![CDATA[Browser: <span style='color:teal'>chrome
Language: <span style='color:teal'>english
Login Role: <span style='color:teal'>super admin
TC_videoStatusColumnsHideAll Testcase execution Started
<em><b>"This method validates Video Status report Columns Hide All functionality"
Performed click action on Columns toolbar field
Performed click action on Columns toolbar Hide All button field
Total Number of columns count in a table: <b>0</b>
All the table columns are hidden
TC_videoStatusColumnsHideAll Testcase execution Completed]]>
  </system-out>
  <testcase classname="videoStatus.VideoStatusToolsTest" name="TC_videoStatusColumnsBtnColorAfterClick" time="2.269"/>
  <system-out>
    <![CDATA[Browser: <span style='color:teal'>chrome
Language: <span style='color:teal'>english
Login Role: <span style='color:teal'>super admin
TC_videoStatusColumnsBtnColorAfterClick Testcase execution Started
<em><b>"This method validates Video Status report Columns toolbar color after click"
Mouse hovered over the element Video Status screen Columns toolbar
Columns Toolbar after click Background color defined : <b>#f2704e</b>
Columns Toolbar after click Background color displayed : <b>#f2704e</b>
Columns Toolbar after click background colour matches the defined colour code
TC_videoStatusColumnsBtnColorAfterClick Testcase execution Completed]]>
  </system-out>
  <testcase classname="videoStatus.VideoStatusToolsTest" name="TC_videoStatusFiltersBtnColorAfterClick" time="2.233"/>
  <system-out>
    <![CDATA[Browser: <span style='color:teal'>chrome
Language: <span style='color:teal'>english
Login Role: <span style='color:teal'>super admin
TC_videoStatusFiltersBtnColorAfterClick Testcase execution Started
<em><b>"This method validates Video Status report Filters toolbar color after click"
Mouse hovered over the element Video Status screen Filters toolbar
Filters Toolbar after click Background color defined : <b>#f2704e</b>
Filters Toolbar after click Background color displayed : <b>#f2704e</b>
Filters Toolbar after click background colour matches the defined colour code
TC_videoStatusFiltersBtnColorAfterClick Testcase execution Completed]]>
  </system-out>
  <testcase classname="videoStatus.VideoStatusToolsTest" name="TC_videoStatusDownloadCSV" time="0.268"/>
  <system-out>
    <![CDATA[Browser: <span style='color:teal'>chrome
Language: <span style='color:teal'>english
Login Role: <span style='color:teal'>super admin
TC_videoStatusDownloadCSV Testcase execution Started
<em><b>"This method validates Video Status report CSV Download functionality"
Performed click action on Download toolbar field
Performed click action on CSV field
TC_videoStatusDownloadCSV Testcase execution Completed]]>
  </system-out>
  <testcase classname="videoStatus.VideoStatusToolsTest" name="TC_videoStatusDownloadPDF" time="16.847"/>
  <system-out>
    <![CDATA[Browser: <span style='color:teal'>chrome
Language: <span style='color:teal'>english
Login Role: <span style='color:teal'>super admin
TC_videoStatusDownloadPDF Testcase execution Started
<em><b>"This method validates Video Status report PDF Download functionality"
Performed click action on Download toolbar field
Performed click action on PDF field
TC_videoStatusDownloadPDF Testcase execution Completed]]>
  </system-out>
</testsuite> <!-- videoStatus.VideoStatusToolsTest -->
