<?xml version="1.0" encoding="UTF-8"?>
<!-- Generated by org.testng.reporters.JUnitReportReporter -->
<testsuite hostname="DESKTOP-390DHBP" failures="0" tests="4" name="dashboard.DashboardPageTest" time="0.285" errors="0" timestamp="2023-02-24T20:54:40 IST" skipped="0">
  <testcase classname="dashboard.DashboardPageTest" name="TC_dashboardPageLogo" time="0.000"/>
  <system-out>
    <![CDATA[Browser: <span style='color:teal'>chrome
Language: <span style='color:teal'>english
Login Role: <span style='color:teal'>super admin
TC_dashboardPageLogo Testcase execution Started
<em><b>"This method verifies Dashboard Page Logo"
Dashboard Logo is displayed
TC_dashboardPageLogo Testcase execution Completed]]>
  </system-out>
  <testcase classname="dashboard.DashboardPageTest" name="TC_dashboardVehicleStatusMapAlignment" time="0.150"/>
  <system-out>
    <![CDATA[Browser: <span style='color:teal'>chrome
Language: <span style='color:teal'>english
Login Role: <span style='color:teal'>super admin
TC_dashboardVehicleStatusMapAlignment Testcase execution Started
<em><b>"This method verifies Vehicle Status and Map height in Dashboard screen"
Vehicle Status field height is <b>464
Map field height is <b>450
Vehicle Status and Map height are different
TC_dashboardVehicleStatusMapAlignment Testcase execution Completed]]>
  </system-out>
  <testcase classname="dashboard.DashboardPageTest" name="TC_dashboardUrl" time="0.118"/>
  <system-out>
    <![CDATA[Browser: <span style='color:teal'>chrome
Language: <span style='color:teal'>english
Login Role: <span style='color:teal'>super admin
TC_dashboardUrl Testcase execution Started
<em><b>"This method verifies Dashboard Page URL"
Verifying Dashboard page URL
Page URL is <b>https://uyenotest.infotracktelematics.com/mcdashboard
TC_dashboardUrl Testcase execution Completed]]>
  </system-out>
  <testcase classname="dashboard.DashboardPageTest" name="TC_dashboardTitle" time="0.017"/>
  <system-out>
    <![CDATA[Browser: <span style='color:teal'>chrome
Language: <span style='color:teal'>english
Login Role: <span style='color:teal'>super admin
TC_dashboardTitle Testcase execution Started
<em><b>"This method verifies Dashboard Page Title"
Verifying Dashboard page title
Page Title is <b>FMS - Dashboard
TC_dashboardTitle Testcase execution Completed]]>
  </system-out>
</testsuite> <!-- dashboard.DashboardPageTest -->
