<?xml version="1.0" encoding="UTF-8"?>
<!-- Generated by org.testng.reporters.JUnitReportReporter -->
<testsuite hostname="DESKTOP-390DHBP" failures="0" tests="7" name="users.UsersCityFieldTest" time="14.203" errors="0" timestamp="2023-02-24T20:54:40 IST" skipped="0">
  <testcase classname="users.UsersCityFieldTest" name="TC_usersCityPlaceholderText" time="0.112"/>
  <system-out>
    <![CDATA[Browser: <span style='color:teal'>chrome
Language: <span style='color:teal'>english
Login Role: <span style='color:teal'>super admin
TC_usersCityPlaceholderText Testcase execution Started
<em><b>"This method verifies City field Placeholder text in the Users Add screen"
<b>City*</b> text is displayed in the City placeholder
TC_usersCityPlaceholderText Testcase execution Completed]]>
  </system-out>
  <testcase classname="users.UsersCityFieldTest" name="TC_usersCitySpace" time="0.430"/>
  <system-out>
    <![CDATA[Browser: <span style='color:teal'>chrome
Language: <span style='color:teal'>english
Login Role: <span style='color:teal'>super admin
TC_usersCitySpace Testcase execution Started
<em><b>"This method verifies Users Add screen City field by entering Spaces"
Entered space in the Users screen City text field
<span style='color:red'>Space is not allowed</span> error message is displayed
TC_usersCitySpace Testcase execution Completed]]>
  </system-out>
  <testcase classname="users.UsersCityFieldTest" name="TC_usersTestWaitsSpecialChar" time="5.651"/>
  <system-out>
    <![CDATA[Browser: <span style='color:teal'>chrome
Language: <span style='color:teal'>english
Login Role: <span style='color:teal'>super admin
TC_usersTestWaitsSpecialChar Testcase execution Started
<em><b>"This method verifies Users Add screen City field for the Special characters"
Performed click action on Users screen City field
Entered text <b>"-'*-("</b> in the Users screen City field
Special characters are allowed in the City text field
TC_usersTestWaitsSpecialChar Testcase execution Completed]]>
  </system-out>
  <testcase classname="users.UsersCityFieldTest" name="TC_usersCityMaximumLength" time="1.394"/>
  <system-out>
    <![CDATA[Browser: <span style='color:teal'>chrome
Language: <span style='color:teal'>english
Login Role: <span style='color:teal'>super admin
TC_usersCityMaximumLength Testcase execution Started
<em><b>"This method verifies Users Add screen City field for the maximum character length"
Performed click action on Users screen City field
Entered text <b>"YDAFYxOHHBcLUJfNKRnuJRkSyINxwqx"</b> in the Users screen City field
<span style='color:red'>Must not exceed 30 characters</span> error message is displayed
TC_usersCityMaximumLength Testcase execution Completed]]>
  </system-out>
  <testcase classname="users.UsersCityFieldTest" name="TC_usersCityEmpty" time="0.486"/>
  <system-out>
    <![CDATA[Browser: <span style='color:teal'>chrome
Language: <span style='color:teal'>english
Login Role: <span style='color:teal'>super admin
TC_usersCityEmpty Testcase execution Started
<em><b>"This method verifies error message for the empty City in the Users Add screen"
Performed click action on Users screen City field
Entered text <b>""</b> in the Users screen City field
<span style='color:red'>Required</span> error message is displayed
TC_usersCityEmpty Testcase execution Completed]]>
  </system-out>
  <testcase classname="users.UsersCityFieldTest" name="TC_usersCityMinimumLength" time="0.535"/>
  <system-out>
    <![CDATA[Browser: <span style='color:teal'>chrome
Language: <span style='color:teal'>english
Login Role: <span style='color:teal'>super admin
TC_usersCityMinimumLength Testcase execution Started
<em><b>"This method verifies Users Add screen City field for the minimum character length"
Performed click action on Users screen City field
Entered text <b>"O"</b> in the Users screen City field
<span style='color:red'>Must be greater than 1 character</span> error message is displayed
TC_usersCityMinimumLength Testcase execution Completed]]>
  </system-out>
  <testcase classname="users.UsersCityFieldTest" name="TC_usersCityAlphanumeric" time="5.595"/>
  <system-out>
    <![CDATA[Browser: <span style='color:teal'>chrome
Language: <span style='color:teal'>english
Login Role: <span style='color:teal'>super admin
TC_usersCityAlphanumeric Testcase execution Started
<em><b>"This method verifies Users Add screen City field for the Alphabetic characters"
Performed click action on Users screen City field
Entered text <b>"zuA"</b> in the Users screen City field
Alphanumeric characters are allowed in the City text field
TC_usersCityAlphanumeric Testcase execution Completed]]>
  </system-out>
</testsuite> <!-- users.UsersCityFieldTest -->
