<?xml version="1.0" encoding="UTF-8"?>
<!-- Generated by org.testng.reporters.JUnitReportReporter -->
<testsuite hostname="DESKTOP-390DHBP" failures="0" tests="9" name="login.LoginPasswordFieldTest" time="8.324" errors="0" timestamp="2023-02-24T20:54:40 IST" skipped="0">
  <testcase classname="login.LoginPasswordFieldTest" name="TC_loginPasswordAlphanumeric" time="0.491"/>
  <system-out>
    <![CDATA[Browser: <span style='color:teal'>chrome
Language: <span style='color:teal'>english
Login Role: <span style='color:teal'>super admin
TC_loginPasswordAlphanumeric Testcase execution Started
<em><b>"This method verifies Login screen Password field for the Alphabetic characters"
Performed click action on Password field
Entered text <b>"NkcwZ"</b> in the Password field
Performed click action on Login button field
Alphanumeric characters are allowed in the password text field
TC_loginPasswordAlphanumeric Testcase execution Completed]]>
  </system-out>
  <testcase classname="login.LoginPasswordFieldTest" name="TC_loginPasswordMinimumLength" time="0.348"/>
  <system-out>
    <![CDATA[Browser: <span style='color:teal'>chrome
Language: <span style='color:teal'>english
Login Role: <span style='color:teal'>super admin
TC_loginPasswordMinimumLength Testcase execution Started
<em><b>"This method verifies Login screen Password field for the minimum character length"
Performed click action on Password field
Entered text <b>"Fnu"</b> in the Password field
Performed click action on Login button field
<span style='color:red'>Password must be greater than 5 characters</span> error message is displayed
TC_loginPasswordMinimumLength Testcase execution Completed]]>
  </system-out>
  <testcase classname="login.LoginPasswordFieldTest" name="TC_loginPasswordEyeIconEnable" time="0.436"/>
  <system-out>
    <![CDATA[Browser: <span style='color:teal'>chrome
Language: <span style='color:teal'>english
Login Role: <span style='color:teal'>super admin
TC_loginPasswordEyeIconEnable Testcase execution Started
em><b>"This method verifies entered Password is displayed in encrypted format by default in Login screen"
Performed click action on Password field
Entered text <b>"JAakva"</b> in the Password field
Performed click action on Eye icon field
The password is displayed by default in encrypted format
TC_loginPasswordEyeIconEnable Testcase execution Completed]]>
  </system-out>
  <testcase classname="login.LoginPasswordFieldTest" name="TC_loginPasswordEyeIconDisable" time="0.467"/>
  <system-out>
    <![CDATA[Browser: <span style='color:teal'>chrome
Language: <span style='color:teal'>english
Login Role: <span style='color:teal'>super admin
TC_loginPasswordEyeIconDisable Testcase execution Started
<em><b>"This method verifies entered Password is displayed in Plain text format on disabling View icon in Login screen"
Performed click action on Password field
Entered text <b>"iIZhKu"</b> in the Password field
Performed click action on Eye icon field
Password is displayed in plain text in the password field
TC_loginPasswordEyeIconDisable Testcase execution Completed]]>
  </system-out>
  <testcase classname="login.LoginPasswordFieldTest" name="TC_loginPasswordPlaceholderText" time="0.040"/>
  <system-out>
    <![CDATA[Browser: <span style='color:teal'>chrome
Language: <span style='color:teal'>english
Login Role: <span style='color:teal'>super admin
TC_loginPasswordPlaceholderText Testcase execution Started
<em><b>"This method verifies password field Placeholder text"
<b>Password*</b> Password field placeholder text is not displayed
TC_loginPasswordPlaceholderText Testcase execution Completed]]>
  </system-out>
  <testcase classname="login.LoginPasswordFieldTest" name="TC_loginPasswordSpace" time="0.275"/>
  <system-out>
    <![CDATA[Browser: <span style='color:teal'>chrome
Language: <span style='color:teal'>english
Login Role: <span style='color:teal'>super admin
TC_loginPasswordSpace Testcase execution Started
<em><b>"This method verifies Login screen Password field by entering Spaces"
Entered space in the Password text field
Performed click action on Login button field
<span style='color:red'>Required</span> error message is displayed
TC_loginPasswordSpace Testcase execution Completed]]>
  </system-out>
  <testcase classname="login.LoginPasswordFieldTest" name="TC_loginPasswordEmpty" time="0.337"/>
  <system-out>
    <![CDATA[Browser: <span style='color:teal'>chrome
Language: <span style='color:teal'>english
Login Role: <span style='color:teal'>super admin
TC_loginPasswordEmpty Testcase execution Started
<em><b>"This method verifies error message for the empty Password in the Login screen"
Performed click action on Password field
Entered text <b>""</b> in the Password field
Performed click action on Login button field
<span style='color:red'>Required</span> error message is displayed
TC_loginPasswordEmpty Testcase execution Completed]]>
  </system-out>
  <testcase classname="login.LoginPasswordFieldTest" name="TC_loginPasswordSpecialChar" time="5.422"/>
  <system-out>
    <![CDATA[Browser: <span style='color:teal'>chrome
Language: <span style='color:teal'>english
Login Role: <span style='color:teal'>super admin
TC_loginPasswordSpecialChar Testcase execution Started
<em><b>"This method verifies Login screen Password field for the Special characters"
Performed click action on Password field
Entered text <b>"_${&=&"</b> in the Password field
Performed click action on Login button field
Special characters are allowed in the password text field
TC_loginPasswordSpecialChar Testcase execution Completed]]>
  </system-out>
  <testcase classname="login.LoginPasswordFieldTest" name="TC_loginPasswordMaximumLength" time="0.508"/>
  <system-out>
    <![CDATA[Browser: <span style='color:teal'>chrome
Language: <span style='color:teal'>english
Login Role: <span style='color:teal'>super admin
TC_loginPasswordMaximumLength Testcase execution Started
<em><b>"This method verifies Login screen Password field for the maximum character length"
Performed click action on Password field
Entered text <b>"xMtRQSPzFDcEUrkH"</b> in the Password field
Performed click action on Login button field
<span style='color:red'>Password must be less than 16 characters</span> error message is displayed
TC_loginPasswordMaximumLength Testcase execution Completed]]>
  </system-out>
</testsuite> <!-- login.LoginPasswordFieldTest -->
