<?xml version="1.0" encoding="UTF-8"?>
<!-- Generated by org.testng.reporters.JUnitReportReporter -->
<testsuite hostname="DESKTOP-390DHBP" failures="2" tests="24" name="dashboard.InactiveVehicleListPageTest" time="135.722" errors="0" timestamp="2023-02-27T13:13:29 IST" skipped="0">
  <testcase classname="dashboard.InactiveVehicleListPageTest" name="TC_inactiveVehicleListColumnsBtnColor" time="2.177"/>
  <system-out>
    <![CDATA[Browser: <span style='color:teal'>chrome
Language: <span style='color:teal'>english
Login Role: <span style='color:teal'>super admin
TC_inactiveVehicleListColumnsBtnColor Testcase execution Started
<em><b>"This method validates Inactive Vehicle List screen Columns toolbar color"
Columns Toolbar Background color defined : <b>#413ea0</b>
Columns Toolbar Background color displayed : <b>#413ea0</b>
Columns Toolbar background colour matches the defined colour code
TC_inactiveVehicleListColumnsBtnColor Testcase execution Completed]]>
  </system-out>
  <testcase classname="dashboard.InactiveVehicleListPageTest" name="TC_inactiveVehicleListFiltersTooltip" time="3.291"/>
  <system-out>
    <![CDATA[Browser: <span style='color:teal'>chrome
Language: <span style='color:teal'>english
Login Role: <span style='color:teal'>super admin
TC_inactiveVehicleListFiltersTooltip Testcase execution Started
<em><b>"This method validates Inactive Vehicle List screen Filters toolbar tooltip text"
Mouse hovered over the element Inactive Vehicle List Filters
Tooltip text for the Inactive Vehicle List Filters is: <b>Show filters
The tooltip text appears correctly
TC_inactiveVehicleListFiltersTooltip Testcase execution Completed]]>
  </system-out>
  <testcase classname="dashboard.InactiveVehicleListPageTest" name="TC_inactiveVehicleListUrl" time="1.060">
    <failure message="expected [https://uyenotest.infotracktelematics.com/mcdashboard#] but found [null#]" type="java.lang.AssertionError">
      <![CDATA[java.lang.AssertionError: expected [https://uyenotest.infotracktelematics.com/mcdashboard#] but found [null#]
at org.testng.Assert.fail(Assert.java:110)
at org.testng.Assert.failNotEquals(Assert.java:1577)
at org.testng.Assert.assertEqualsImpl(Assert.java:149)
at org.testng.Assert.assertEquals(Assert.java:131)
at org.testng.Assert.assertEquals(Assert.java:643)
at com.qa.Utils.TestUtils.assertEquals(TestUtils.java:189)
at com.qa.Utils.TestUtils.verifyPageUrl(TestUtils.java:122)
at dashboard.InactiveVehicleListPageTest.TC_inactiveVehicleListUrl(InactiveVehicleListPageTest.java:40)
at java.base/jdk.internal.reflect.NativeMethodAccessorImpl.invoke0(Native Method)
at java.base/jdk.internal.reflect.NativeMethodAccessorImpl.invoke(NativeMethodAccessorImpl.java:77)
at java.base/jdk.internal.reflect.DelegatingMethodAccessorImpl.invoke(DelegatingMethodAccessorImpl.java:43)
at java.base/java.lang.reflect.Method.invoke(Method.java:568)
at org.testng.internal.invokers.MethodInvocationHelper.invokeMethod(MethodInvocationHelper.java:139)
at org.testng.internal.invokers.TestInvoker.invokeMethod(TestInvoker.java:677)
at org.testng.internal.invokers.TestInvoker.invokeTestMethod(TestInvoker.java:221)
at org.testng.internal.invokers.MethodRunner.runInSequence(MethodRunner.java:50)
at org.testng.internal.invokers.TestInvoker$MethodInvocationAgent.invoke(TestInvoker.java:969)
at org.testng.internal.invokers.TestInvoker.invokeTestMethods(TestInvoker.java:194)
at org.testng.internal.invokers.TestMethodWorker.invokeTestMethods(TestMethodWorker.java:148)
at org.testng.internal.invokers.TestMethodWorker.run(TestMethodWorker.java:128)
at java.base/java.util.ArrayList.forEach(ArrayList.java:1511)
at org.testng.TestRunner.privateRun(TestRunner.java:829)
at org.testng.TestRunner.run(TestRunner.java:602)
at org.testng.SuiteRunner.runTest(SuiteRunner.java:437)
at org.testng.SuiteRunner.runSequentially(SuiteRunner.java:431)
at org.testng.SuiteRunner.privateRun(SuiteRunner.java:391)
at org.testng.SuiteRunner.run(SuiteRunner.java:330)
at org.testng.SuiteRunnerWorker.runSuite(SuiteRunnerWorker.java:52)
at org.testng.SuiteRunnerWorker.run(SuiteRunnerWorker.java:95)
at org.testng.TestNG.runSuitesSequentially(TestNG.java:1256)
at org.testng.TestNG.runSuitesLocally(TestNG.java:1176)
at org.testng.TestNG.runSuites(TestNG.java:1099)
at org.testng.TestNG.run(TestNG.java:1067)
at org.testng.remote.AbstractRemoteTestNG.run(AbstractRemoteTestNG.java:115)
at org.testng.remote.RemoteTestNG.initAndRun(RemoteTestNG.java:251)
at org.testng.remote.RemoteTestNG.main(RemoteTestNG.java:77)
]]>
    </failure>
  </testcase> <!-- TC_inactiveVehicleListUrl -->
  <system-out>
    <![CDATA[Browser: <span style='color:teal'>chrome
Language: <span style='color:teal'>english
Login Role: <span style='color:teal'>super admin
TC_inactiveVehicleListUrl Testcase execution Started
<em><b>"This method verifies Inactive Vehicle List screen URL"
Verifying Inactive Vehicle List screen page URL
TC_inactiveVehicleListUrl Testcase execution Failed]]>
  </system-out>
  <testcase classname="dashboard.InactiveVehicleListPageTest" name="TC_inactiveVehicleListColumnsBtnColorAfterClick" time="3.263"/>
  <system-out>
    <![CDATA[Browser: <span style='color:teal'>chrome
Language: <span style='color:teal'>english
Login Role: <span style='color:teal'>super admin
TC_inactiveVehicleListColumnsBtnColorAfterClick Testcase execution Started
<em><b>"This method validates Inactive Vehicle List screen Columns toolbar color after click"
Mouse hovered over the element Inactive Vehicle List screen Columns toolbar
Columns Toolbar after click Background color defined : <b>#f2704e</b>
Columns Toolbar after click Background color displayed : <b>#f2704e</b>
Columns Toolbar after click background colour matches the defined colour code
TC_inactiveVehicleListColumnsBtnColorAfterClick Testcase execution Completed]]>
  </system-out>
  <testcase classname="dashboard.InactiveVehicleListPageTest" name="TC_inactiveVehicleListSort" time="27.761"/>
  <system-out>
    <![CDATA[Browser: <span style='color:teal'>chrome
Language: <span style='color:teal'>english
Login Role: <span style='color:teal'>super admin
TC_inactiveVehicleListSort Testcase execution Started
<em><b>"This method verifies Inactive Vehicle List screen Sort functionality"
Mouse hovered and clicked the element Table Sort button
Table records are sorted
TC_inactiveVehicleListSort Testcase execution Completed]]>
  </system-out>
  <testcase classname="dashboard.InactiveVehicleListPageTest" name="TC_inactiveVehicleListFiltersBtnColorAfterClick" time="3.264"/>
  <system-out>
    <![CDATA[Browser: <span style='color:teal'>chrome
Language: <span style='color:teal'>english
Login Role: <span style='color:teal'>super admin
TC_inactiveVehicleListFiltersBtnColorAfterClick Testcase execution Started
<em><b>"This method validates Inactive Vehicle List screen Filters toolbar color after click"
Mouse hovered over the element Inactive Vehicle List screen Filters toolbar
Filters Toolbar after click Background color defined : <b>#f2704e</b>
Filters Toolbar after click Background color displayed : <b>#f2704e</b>
Filters Toolbar after click background colour matches the defined colour code
TC_inactiveVehicleListFiltersBtnColorAfterClick Testcase execution Completed]]>
  </system-out>
  <testcase classname="dashboard.InactiveVehicleListPageTest" name="TC_inactiveVehicleListdownloadBtnColor" time="4.140"/>
  <system-out>
    <![CDATA[Browser: <span style='color:teal'>chrome
Language: <span style='color:teal'>english
Login Role: <span style='color:teal'>super admin
TC_inactiveVehicleListdownloadBtnColor Testcase execution Started
<em><b>"This method validates Inactive Vehicle List screen Download toolbar color"
Download Toolbar Background color defined : <b>#413ea0</b>
Download Toolbar Background color displayed : <b>#413ea0</b>
Download Toolbar background colour matches the defined colour code
TC_inactiveVehicleListdownloadBtnColor Testcase execution Completed]]>
  </system-out>
  <testcase classname="dashboard.InactiveVehicleListPageTest" name="TC_inactiveVehicleListFiltersBtnColor" time="2.610"/>
  <system-out>
    <![CDATA[Browser: <span style='color:teal'>chrome
Language: <span style='color:teal'>english
Login Role: <span style='color:teal'>super admin
TC_inactiveVehicleListFiltersBtnColor Testcase execution Started
<em><b>"This method validates Inactive Vehicle List screen Filters toolbar color"
Filters Toolbar Background color defined : <b>#413ea0</b>
Filters Toolbar Background color displayed : <b>#413ea0</b>
Filters Toolbar background colour matches the defined colour code
TC_inactiveVehicleListFiltersBtnColor Testcase execution Completed]]>
  </system-out>
  <testcase classname="dashboard.InactiveVehicleListPageTest" name="TC_inactiveVehiclePageHeader" time="1.246"/>
  <system-out>
    <![CDATA[Browser: <span style='color:teal'>chrome
Language: <span style='color:teal'>english
Login Role: <span style='color:teal'>super admin
TC_inactiveVehiclePageHeader Testcase execution Started
<em><b>"This method verifies Inactive Vehicle List Page Header"
Inactive Vehicles List Page Header name is displayed
TC_inactiveVehiclePageHeader Testcase execution Completed]]>
  </system-out>
  <testcase classname="dashboard.InactiveVehicleListPageTest" name="TC_inactiveVehicleUpwardArrowBtn" time="2.377"/>
  <system-out>
    <![CDATA[Browser: <span style='color:teal'>chrome
Language: <span style='color:teal'>english
Login Role: <span style='color:teal'>super admin
TC_inactiveVehicleUpwardArrowBtn Testcase execution Started
<em><b>"This method verifies Inactive Vehicle screen Upward Arrow button functionality"
The page is scrolled to the end
Performed click action on Upward Arrow button field
As the upward arrow button was clicked, the page scrolled to the top
TC_inactiveVehicleUpwardArrowBtn Testcase execution Completed]]>
  </system-out>
  <testcase classname="dashboard.InactiveVehicleListPageTest" name="TC_inactiveVehicleListColumnsShowAll" time="2.505"/>
  <system-out>
    <![CDATA[Browser: <span style='color:teal'>chrome
Language: <span style='color:teal'>english
Login Role: <span style='color:teal'>super admin
TC_inactiveVehicleListColumnsShowAll Testcase execution Started
<em><b>"This method validates Inactive Vehicle List screen Columns Show All functionality"
Performed click action on Columns toolbar field
The Columns list are  [#, Vehicle Number, Track Time, Location, Speed (km/h), Acc, Odometer (km), Idle Time(Mins), Video Status, Live Video]
Performed click action on Columns toolbar Show All button field
The table headers are [#, Vehicle Number, Track Time, Location, Speed (km/h), Acc, Odometer (km), Idle Time(Mins), Video Status, Live Video]
The columns list matches the table headers
TC_inactiveVehicleListColumnsShowAll Testcase execution Completed]]>
  </system-out>
  <testcase classname="dashboard.InactiveVehicleListPageTest" name="TC_inactiveVehicleListColumnsHideAll" time="12.158"/>
  <system-out>
    <![CDATA[Browser: <span style='color:teal'>chrome
Language: <span style='color:teal'>english
Login Role: <span style='color:teal'>super admin
TC_inactiveVehicleListColumnsHideAll Testcase execution Started
<em><b>"This method validates Inactive Vehicle List screen Columns Hide All functionality"
Performed click action on Columns toolbar field
Performed click action on Columns toolbar Hide All button field
Total Number of columns count in a table: <b>0</b>
All the table columns are hidden
TC_inactiveVehicleListColumnsHideAll Testcase execution Completed]]>
  </system-out>
  <testcase classname="dashboard.InactiveVehicleListPageTest" name="TC_inactiveVehicleListFiltersDeleteBtn" time="2.113"/>
  <system-out>
    <![CDATA[Browser: <span style='color:teal'>chrome
Language: <span style='color:teal'>english
Login Role: <span style='color:teal'>super admin
TC_inactiveVehicleListFiltersDeleteBtn Testcase execution Started
<em><b>"This method validates Inactive Vehicle List screen Filters toolbar Delete functionality"
Performed click action on Filters toolbar field
Entering data in Filters text field <b>abcd
Entered text <b>"abcd"</b> in the Filters toolbar text field field
Performed click action on Filters toolbar Delete button field
Entered data is cleared from the text field
TC_inactiveVehicleListFiltersDeleteBtn Testcase execution Completed]]>
  </system-out>
  <testcase classname="dashboard.InactiveVehicleListPageTest" name="TC_inactiveVehicleListTitle" time="1.320"/>
  <system-out>
    <![CDATA[Browser: <span style='color:teal'>chrome
Language: <span style='color:teal'>english
Login Role: <span style='color:teal'>super admin
TC_inactiveVehicleListTitle Testcase execution Started
<em><b>"This method verifies Inactive Vehicle List Page Title"
Verifying Inactive Vehicle List screen page title
Page Title is <b>FMS - Dashboard
TC_inactiveVehicleListTitle Testcase execution Completed]]>
  </system-out>
  <testcase classname="dashboard.InactiveVehicleListPageTest" name="TC_inactiveVehicleListRecordsPerPage" time="9.859"/>
  <system-out>
    <![CDATA[Browser: <span style='color:teal'>chrome
Language: <span style='color:teal'>english
Login Role: <span style='color:teal'>super admin
TC_inactiveVehicleListRecordsPerPage Testcase execution Started
<em><b>"This method verifies Inactive Vehicle List screen Records per Page functionality"
TC_inactiveVehicleListRecordsPerPage Testcase execution Completed]]>
  </system-out>
  <testcase classname="dashboard.InactiveVehicleListPageTest" name="TC_inactiveVehicleListFiltersList" time="8.080"/>
  <system-out>
    <![CDATA[Browser: <span style='color:teal'>chrome
Language: <span style='color:teal'>english
Login Role: <span style='color:teal'>super admin
TC_inactiveVehicleListFiltersList Testcase execution Started
<em><b>"This method validates Inactive Vehicle List screen Filters toolbar List"
Performed click action on Filters toolbar field
Filter Columns dropdown list are []
The headers of the table are     [#, Vehicle Number, Track Time, Location, Speed (km/h), Acc, Odometer (km), Idle Time(Mins), Video Status, Live Video]
The Filter columns list matches the table headers
TC_inactiveVehicleListFiltersList Testcase execution Completed]]>
  </system-out>
  <testcase classname="dashboard.InactiveVehicleListPageTest" name="TC_inactiveVehicleListSearch" time="19.577"/>
  <system-out>
    <![CDATA[Browser: <span style='color:teal'>chrome
Language: <span style='color:teal'>english
Login Role: <span style='color:teal'>super admin
TC_inactiveVehicleListSearch Testcase execution Started
<em><b>"This method verifies Inactive Vehicle List screen Search functionality"
Performed click action on Filters toolbar field
Performed click action on Filters toolbar Columns dropdown field
Entered text <b>"Report=..........................."</b> in the Filters toolbar Columns dropdown field
Entered text <b>"72082"</b> in the Filters toolbar Value Text field field
Searching for the <b>72082 Report=...........................
Total Number of rows count in a table: 24
Number of records present for the searched element: 24
TC_inactiveVehicleListSearch Testcase execution Completed]]>
  </system-out>
  <testcase classname="dashboard.InactiveVehicleListPageTest" name="TC_inactiveVehicleListRecordsPerPageText" time="1.552"/>
  <system-out>
    <![CDATA[Browser: <span style='color:teal'>chrome
Language: <span style='color:teal'>english
Login Role: <span style='color:teal'>super admin
TC_inactiveVehicleListRecordsPerPageText Testcase execution Started
<em><b>"This method validates Records per Page text is displayed in Inactive Vehicle List Screen"
TC_inactiveVehicleListRecordsPerPageText Testcase execution Completed]]>
  </system-out>
  <testcase classname="dashboard.InactiveVehicleListPageTest" name="TC_inactiveVehicleListdownloadBtnColorAfterClick" time="3.232">
    <failure message="expected [#f2704e] but found [#413ea0]" type="java.lang.AssertionError">
      <![CDATA[java.lang.AssertionError: expected [#f2704e] but found [#413ea0]
at org.testng.Assert.fail(Assert.java:110)
at org.testng.Assert.failNotEquals(Assert.java:1577)
at org.testng.Assert.assertEqualsImpl(Assert.java:149)
at org.testng.Assert.assertEquals(Assert.java:131)
at org.testng.Assert.assertEquals(Assert.java:643)
at com.qa.Utils.TestUtils.assertEquals(TestUtils.java:189)
at com.qa.Utils.TestUtils.colorVerify(TestUtils.java:204)
at dashboard.InactiveVehicleListPageTest.TC_inactiveVehicleListdownloadBtnColorAfterClick(InactiveVehicleListPageTest.java:140)
at java.base/jdk.internal.reflect.NativeMethodAccessorImpl.invoke0(Native Method)
at java.base/jdk.internal.reflect.NativeMethodAccessorImpl.invoke(NativeMethodAccessorImpl.java:77)
at java.base/jdk.internal.reflect.DelegatingMethodAccessorImpl.invoke(DelegatingMethodAccessorImpl.java:43)
at java.base/java.lang.reflect.Method.invoke(Method.java:568)
at org.testng.internal.invokers.MethodInvocationHelper.invokeMethod(MethodInvocationHelper.java:139)
at org.testng.internal.invokers.TestInvoker.invokeMethod(TestInvoker.java:677)
at org.testng.internal.invokers.TestInvoker.invokeTestMethod(TestInvoker.java:221)
at org.testng.internal.invokers.MethodRunner.runInSequence(MethodRunner.java:50)
at org.testng.internal.invokers.TestInvoker$MethodInvocationAgent.invoke(TestInvoker.java:969)
at org.testng.internal.invokers.TestInvoker.invokeTestMethods(TestInvoker.java:194)
at org.testng.internal.invokers.TestMethodWorker.invokeTestMethods(TestMethodWorker.java:148)
at org.testng.internal.invokers.TestMethodWorker.run(TestMethodWorker.java:128)
at java.base/java.util.ArrayList.forEach(ArrayList.java:1511)
at org.testng.TestRunner.privateRun(TestRunner.java:829)
at org.testng.TestRunner.run(TestRunner.java:602)
at org.testng.SuiteRunner.runTest(SuiteRunner.java:437)
at org.testng.SuiteRunner.runSequentially(SuiteRunner.java:431)
at org.testng.SuiteRunner.privateRun(SuiteRunner.java:391)
at org.testng.SuiteRunner.run(SuiteRunner.java:330)
at org.testng.SuiteRunnerWorker.runSuite(SuiteRunnerWorker.java:52)
at org.testng.SuiteRunnerWorker.run(SuiteRunnerWorker.java:95)
at org.testng.TestNG.runSuitesSequentially(TestNG.java:1256)
at org.testng.TestNG.runSuitesLocally(TestNG.java:1176)
at org.testng.TestNG.runSuites(TestNG.java:1099)
at org.testng.TestNG.run(TestNG.java:1067)
at org.testng.remote.AbstractRemoteTestNG.run(AbstractRemoteTestNG.java:115)
at org.testng.remote.RemoteTestNG.initAndRun(RemoteTestNG.java:251)
at org.testng.remote.RemoteTestNG.main(RemoteTestNG.java:77)
]]>
    </failure>
  </testcase> <!-- TC_inactiveVehicleListdownloadBtnColorAfterClick -->
  <system-out>
    <![CDATA[Browser: <span style='color:teal'>chrome
Language: <span style='color:teal'>english
Login Role: <span style='color:teal'>super admin
TC_inactiveVehicleListdownloadBtnColorAfterClick Testcase execution Started
<em><b>"This method validates Inactive Vehicle List screen Download toolbar color after click"
Mouse hovered over the element Inactive Vehicle List screen Download toolbar
Download Toolbar after click Background color defined : <b>#f2704e</b>
Download Toolbar after click Background color displayed : <b>#413ea0</b>
TC_inactiveVehicleListdownloadBtnColorAfterClick Testcase execution Failed]]>
  </system-out>
  <testcase classname="dashboard.InactiveVehicleListPageTest" name="TC_inactiveVehicleListColmnsList" time="4.545"/>
  <system-out>
    <![CDATA[Browser: <span style='color:teal'>chrome
Language: <span style='color:teal'>english
Login Role: <span style='color:teal'>super admin
TC_inactiveVehicleListColmnsList Testcase execution Started
<em><b>"This method validates Inactive Vehicle List screen Columns List"
Performed click action on Columns toolbar field
The Columns list are  [#, Vehicle Number, Track Time, Location, Speed (km/h), Acc, Odometer (km), Idle Time(Mins), Video Status, Live Video]
The table headers are [#, Vehicle Number, Track Time, Location, Speed (km/h), Acc, Odometer (km), Idle Time(Mins), Video Status, Live Video]
The columns list matches the table headers
TC_inactiveVehicleListColmnsList Testcase execution Completed]]>
  </system-out>
  <testcase classname="dashboard.InactiveVehicleListPageTest" name="TC_inactiveVehicleListDownloadList" time="1.337"/>
  <system-out>
    <![CDATA[Browser: <span style='color:teal'>chrome
Language: <span style='color:teal'>english
Login Role: <span style='color:teal'>super admin
TC_inactiveVehicleListDownloadList Testcase execution Started
<em><b>"This method validates Inactive Vehicle List screen Download toolbar List"
Performed click action on Download toolbar field
Download menu list are [ CSV,  PDF]
TC_inactiveVehicleListDownloadList Testcase execution Completed]]>
  </system-out>
  <testcase classname="dashboard.InactiveVehicleListPageTest" name="TC_inactiveVehicleListDownloadCSV" time="2.043"/>
  <system-out>
    <![CDATA[Browser: <span style='color:teal'>chrome
Language: <span style='color:teal'>english
Login Role: <span style='color:teal'>super admin
TC_inactiveVehicleListDownloadCSV Testcase execution Started
<em><b>"This method validates Inactive Vehicle List screen CSV Download functionality"
Performed click action on Download toolbar field
Performed click action on CSV field
TC_inactiveVehicleListDownloadCSV Testcase execution Completed]]>
  </system-out>
  <testcase classname="dashboard.InactiveVehicleListPageTest" name="TC_inactiveVehicleListDownloadPDF" time="13.361"/>
  <system-out>
    <![CDATA[Browser: <span style='color:teal'>chrome
Language: <span style='color:teal'>english
Login Role: <span style='color:teal'>super admin
TC_inactiveVehicleListDownloadPDF Testcase execution Started
<em><b>"This method validates Inactive Vehicle List screen PDF Download functionality"
Performed click action on Download toolbar field
Performed click action on PDF field
TC_inactiveVehicleListDownloadPDF Testcase execution Completed]]>
  </system-out>
  <testcase classname="dashboard.InactiveVehicleListPageTest" name="TC_inactiveVehicleListRecordsPerPageList" time="2.851"/>
  <system-out>
    <![CDATA[Browser: <span style='color:teal'>chrome
Language: <span style='color:teal'>english
Login Role: <span style='color:teal'>super admin
TC_inactiveVehicleListRecordsPerPageList Testcase execution Started
<em><b>"This method validates Records per page dropdown list entries in Inactive Vehicle List screen"
Performed click action on Records per page Dropdown field
Records per page entries are [10, 20, 30]
TC_inactiveVehicleListRecordsPerPageList Testcase execution Completed]]>
  </system-out>
</testsuite> <!-- dashboard.InactiveVehicleListPageTest -->
