<?xml version="1.0" encoding="UTF-8"?>
<!-- Generated by org.testng.reporters.JUnitReportReporter -->
<testsuite hostname="DESKTOP-390DHBP" failures="0" tests="7" name="users.UsersLastNameFieldTest" time="24.105" errors="0" timestamp="2023-02-24T20:54:40 IST" skipped="0">
  <testcase classname="users.UsersLastNameFieldTest" name="TC_usersLastNamePlaceholderText" time="0.120"/>
  <system-out>
    <![CDATA[Browser: <span style='color:teal'>chrome
Language: <span style='color:teal'>english
Login Role: <span style='color:teal'>super admin
TC_usersLastNamePlaceholderText Testcase execution Started
<em><b>"This method verifies Last Name field Placeholder text in the Users Add screen"
<b>Last Name</b> text is displayed in the Last Name placeholder
TC_usersLastNamePlaceholderText Testcase execution Completed]]>
  </system-out>
  <testcase classname="users.UsersLastNameFieldTest" name="TC_usersLastNameMaximumLength" time="1.430"/>
  <system-out>
    <![CDATA[Browser: <span style='color:teal'>chrome
Language: <span style='color:teal'>english
Login Role: <span style='color:teal'>super admin
TC_usersLastNameMaximumLength Testcase execution Started
<em><b>"This method verifies Users Add screen Last Name field for the maximum character length"
Performed click action on Users screen Last Name field
Entered text <b>"hMEMolmIPrVyjSwbnWewrhZkHNDUwfu"</b> in the Users screen Last Name field
<span style='color:red'>Must not exceed 30 characters</span> error message is displayed
TC_usersLastNameMaximumLength Testcase execution Completed]]>
  </system-out>
  <testcase classname="users.UsersLastNameFieldTest" name="TC_usersLastNameMinimumLength" time="5.603"/>
  <system-out>
    <![CDATA[Browser: <span style='color:teal'>chrome
Language: <span style='color:teal'>english
Login Role: <span style='color:teal'>super admin
TC_usersLastNameMinimumLength Testcase execution Started
<em><b>"This method verifies Users Add screen Last Name field for the minimum character length"
Performed click action on Users screen Last Name field
Entered text <b>"f"</b> in the Users screen Last Name field
The Last Name field is not a mandatory field and there is no minimum character limit
TC_usersLastNameMinimumLength Testcase execution Completed]]>
  </system-out>
  <testcase classname="users.UsersLastNameFieldTest" name="TC_usersLastNameSpecialChar" time="5.553"/>
  <system-out>
    <![CDATA[Browser: <span style='color:teal'>chrome
Language: <span style='color:teal'>english
Login Role: <span style='color:teal'>super admin
TC_usersLastNameSpecialChar Testcase execution Started
<em><b>"This method verifies Users Add screen Last Name field for the Special characters"
Performed click action on Users screen Last Name field
Entered text <b>"$;{!"</b> in the Users screen Last Name field
Special characters are allowed in the Last Name text field
TC_usersLastNameSpecialChar Testcase execution Completed]]>
  </system-out>
  <testcase classname="users.UsersLastNameFieldTest" name="TC_usersLastNameAlphanumeric" time="5.551"/>
  <system-out>
    <![CDATA[Browser: <span style='color:teal'>chrome
Language: <span style='color:teal'>english
Login Role: <span style='color:teal'>super admin
TC_usersLastNameAlphanumeric Testcase execution Started
<em><b>"This method verifies Users Add screen Last Name field for the Alphabetic characters"
Performed click action on Users screen Last Name field
Entered text <b>"sdMQ"</b> in the Users screen Last Name field
Alphanumeric characters are allowed in the Last Name text field
TC_usersLastNameAlphanumeric Testcase execution Completed]]>
  </system-out>
  <testcase classname="users.UsersLastNameFieldTest" name="TC_usersLastNameEmpty" time="5.425"/>
  <system-out>
    <![CDATA[Browser: <span style='color:teal'>chrome
Language: <span style='color:teal'>english
Login Role: <span style='color:teal'>super admin
TC_usersLastNameEmpty Testcase execution Started
<em><b>"This method verifies error message for the empty Last Name in the Users Add screen"
Performed click action on Users screen Last Name field
Entered text <b>""</b> in the Users screen Last Name field
The Last Name field is not a mandatory field and a error message is not displayed if no data is entered
TC_usersLastNameEmpty Testcase execution Completed]]>
  </system-out>
  <testcase classname="users.UsersLastNameFieldTest" name="TC_usersLastNameSpace" time="0.423"/>
  <system-out>
    <![CDATA[Browser: <span style='color:teal'>chrome
Language: <span style='color:teal'>english
Login Role: <span style='color:teal'>super admin
TC_usersLastNameSpace Testcase execution Started
<em><b>"This method verifies Users Add screen Last Name field by entering Spaces"
Entered space in the Users screen Last Name text field
<span style='color:red'>Space is not allowed</span> error message is displayed
TC_usersLastNameSpace Testcase execution Completed]]>
  </system-out>
</testsuite> <!-- users.UsersLastNameFieldTest -->
