<?xml version="1.0" encoding="UTF-8"?>
<!-- Generated by org.testng.reporters.JUnitReportReporter -->
<testsuite hostname="DESKTOP-390DHBP" failures="0" tests="7" name="users.UsersLoginNameFieldTest" time="13.254" errors="0" timestamp="2023-02-24T20:54:40 IST" skipped="0">
  <testcase classname="users.UsersLoginNameFieldTest" name="TC_usersLoginNamePlaceholderText" time="0.121"/>
  <system-out>
    <![CDATA[Browser: <span style='color:teal'>chrome
Language: <span style='color:teal'>english
Login Role: <span style='color:teal'>super admin
TC_usersLoginNamePlaceholderText Testcase execution Started
<em><b>"This method verifies Login Name field Placeholder text in the Users Add screen"
<b>Login Name*</b> text is displayed in the Login Name placeholder
TC_usersLoginNamePlaceholderText Testcase execution Completed]]>
  </system-out>
  <testcase classname="users.UsersLoginNameFieldTest" name="TC_usersLoginNameEmpty" time="0.400"/>
  <system-out>
    <![CDATA[Browser: <span style='color:teal'>chrome
Language: <span style='color:teal'>english
Login Role: <span style='color:teal'>super admin
TC_usersLoginNameEmpty Testcase execution Started
<em><b>"This method verifies error message for the empty Login Name in the Users Add screen"
Performed click action on Users screen Login Name field
Entered text <b>""</b> in the Users screen Login Name field
<span style='color:red'>Required</span> error message is displayed
TC_usersLoginNameEmpty Testcase execution Completed]]>
  </system-out>
  <testcase classname="users.UsersLoginNameFieldTest" name="TC_usersLoginNamenameAlphanumeric" time="5.521"/>
  <system-out>
    <![CDATA[Browser: <span style='color:teal'>chrome
Language: <span style='color:teal'>english
Login Role: <span style='color:teal'>super admin
TC_usersLoginNamenameAlphanumeric Testcase execution Started
<em><b>"This method verifies Users Add screen Login Name field for the Alphabetic characters"
Performed click action on Users screen Login Name field
Entered text <b>"AORL"</b> in the Users screen Login Name field
Alphanumeric characters are allowed in the Login Name text field
TC_usersLoginNamenameAlphanumeric Testcase execution Completed]]>
  </system-out>
  <testcase classname="users.UsersLoginNameFieldTest" name="TC_usersLoginNameSpace" time="0.420"/>
  <system-out>
    <![CDATA[Browser: <span style='color:teal'>chrome
Language: <span style='color:teal'>english
Login Role: <span style='color:teal'>super admin
TC_usersLoginNameSpace Testcase execution Started
<em><b>"This method verifies Users Add screen Login Name field by entering Spaces"
Entered space in the Users screen Login Name text field
<span style='color:red'>Space is not allowed</span> error message is displayed
TC_usersLoginNameSpace Testcase execution Completed]]>
  </system-out>
  <testcase classname="users.UsersLoginNameFieldTest" name="TC_usersLoginNameMaximumLength" time="0.736"/>
  <system-out>
    <![CDATA[Browser: <span style='color:teal'>chrome
Language: <span style='color:teal'>english
Login Role: <span style='color:teal'>super admin
TC_usersLoginNameMaximumLength Testcase execution Started
<em><b>"This method verifies Users Add screen Login Name field for the maximum character length"
Performed click action on Users screen Login Name field
Entered text <b>"DLvVTVGvnjFlJtNy"</b> in the Users screen Login Name field
<span style='color:red'>Must be less than 16 characters</span> error message is displayed
TC_usersLoginNameMaximumLength Testcase execution Completed]]>
  </system-out>
  <testcase classname="users.UsersLoginNameFieldTest" name="TC_usersLoginNameMinimumLength" time="0.514"/>
  <system-out>
    <![CDATA[Browser: <span style='color:teal'>chrome
Language: <span style='color:teal'>english
Login Role: <span style='color:teal'>super admin
TC_usersLoginNameMinimumLength Testcase execution Started
<em><b>"This method verifies Users Add screen Login Name field for the minimum character length"
Performed click action on Users screen Login Name field
Entered text <b>"QGi"</b> in the Users screen Login Name field
<span style='color:red'>Must be greater than 3 characters</span> error message is displayed
TC_usersLoginNameMinimumLength Testcase execution Completed]]>
  </system-out>
  <testcase classname="users.UsersLoginNameFieldTest" name="TC_usersLoginNameSpecialChar" time="5.542"/>
  <system-out>
    <![CDATA[Browser: <span style='color:teal'>chrome
Language: <span style='color:teal'>english
Login Role: <span style='color:teal'>super admin
TC_usersLoginNameSpecialChar Testcase execution Started
<em><b>"This method verifies Users Add screen Login Name field for the Special characters"
Performed click action on Users screen Login Name field
Entered text <b>"&/$)."</b> in the Users screen Login Name field
Special characters are allowed in the Login Name text field
TC_usersLoginNameSpecialChar Testcase execution Completed]]>
  </system-out>
</testsuite> <!-- users.UsersLoginNameFieldTest -->
