<?xml version="1.0" encoding="UTF-8"?>
<!-- Generated by org.testng.reporters.JUnitReportReporter -->
<testsuite hostname="DESKTOP-390DHBP" failures="0" tests="6" name="dashboard.InactiveVehicleTest" time="3.401" errors="0" timestamp="2023-02-24T20:54:40 IST" skipped="0">
  <testcase classname="dashboard.InactiveVehicleTest" name="TC_inactiveVehiclePercent" time="0.055"/>
  <system-out>
    <![CDATA[Browser: <span style='color:teal'>chrome
Language: <span style='color:teal'>english
Login Role: <span style='color:teal'>super admin
TC_inactiveVehiclePercent Testcase execution Started
<em><b>"This method verifies Inactive Vehicles percent"
Inactive vehicles Percent: <b>71%
TC_inactiveVehiclePercent Testcase execution Completed]]>
  </system-out>
  <testcase classname="dashboard.InactiveVehicleTest" name="TC_inactiveVehicleCount" time="0.065"/>
  <system-out>
    <![CDATA[Browser: <span style='color:teal'>chrome
Language: <span style='color:teal'>english
Login Role: <span style='color:teal'>super admin
TC_inactiveVehicleCount Testcase execution Started
<em><b>"This method verifies Inactive Vehicles count"
Inactive vehicles count: <b>24
TC_inactiveVehicleCount Testcase execution Completed]]>
  </system-out>
  <testcase classname="dashboard.InactiveVehicleTest" name="TC_inactiveVehicleicon" time="0.016"/>
  <system-out>
    <![CDATA[Browser: <span style='color:teal'>chrome
Language: <span style='color:teal'>english
Login Role: <span style='color:teal'>super admin
TC_inactiveVehicleicon Testcase execution Started
<em><b>"This method validates Inactive Vehicles icon is displayed"
Inactive Vehicle Logo is displayed
TC_inactiveVehicleicon Testcase execution Completed]]>
  </system-out>
  <testcase classname="dashboard.InactiveVehicleTest" name="TC_inactiveVehicleColor" time="1.046"/>
  <system-out>
    <![CDATA[Browser: <span style='color:teal'>chrome
Language: <span style='color:teal'>english
Login Role: <span style='color:teal'>super admin
TC_inactiveVehicleColor Testcase execution Started
<em><b>"This method verifies Inactive Vehicles icon background color"
Inactive Vehicle Background color defined : <b>#929292</b>
Inactive Vehicle Background color displayed : <b>#929292</b>
Inactive Vehicle background colour matches the defined colour code
TC_inactiveVehicleColor Testcase execution Completed]]>
  </system-out>
  <testcase classname="dashboard.InactiveVehicleTest" name="TC_inactiveVehicleViewDetails" time="0.293"/>
  <system-out>
    <![CDATA[Browser: <span style='color:teal'>chrome
Language: <span style='color:teal'>english
Login Role: <span style='color:teal'>super admin
TC_inactiveVehicleViewDetails Testcase execution Started
<em><b>"This method verifies Inactive Vehicles View Details hyperlink"
Inactive Vehicle count: <b>24
Inactive Vehicle List is displayed
TC_inactiveVehicleViewDetails Testcase execution Completed]]>
  </system-out>
  <testcase classname="dashboard.InactiveVehicleTest" name="TC_inactiveVehicleViewonMap" time="1.926"/>
  <system-out>
    <![CDATA[Browser: <span style='color:teal'>chrome
Language: <span style='color:teal'>english
Login Role: <span style='color:teal'>super admin
TC_inactiveVehicleViewonMap Testcase execution Started
<em><b>"This method verifies Inactive Vehicles View Map hyperlink"
Performed click action on Back button
Performed click action on Inactive vehicle View on Map
Inactive Vehicle count: <b>24
Navigated to Track on Map screen
TC_inactiveVehicleViewonMap Testcase execution Completed]]>
  </system-out>
</testsuite> <!-- dashboard.InactiveVehicleTest -->
