<?xml version="1.0" encoding="UTF-8"?>
<!-- Generated by org.testng.reporters.JUnitReportReporter -->
<testsuite hostname="DESKTOP-390DHBP" failures="0" tests="7" name="users.UsersMobileNumberFieldTest" time="4.215" errors="0" timestamp="2023-02-24T20:54:40 IST" skipped="0">
  <testcase classname="users.UsersMobileNumberFieldTest" name="TC_usersMobileNoPlaceholderText" time="0.119"/>
  <system-out>
    <![CDATA[Browser: <span style='color:teal'>chrome
Language: <span style='color:teal'>english
Login Role: <span style='color:teal'>super admin
TC_usersMobileNoPlaceholderText Testcase execution Started
<em><b>"This method verifies Mobile Number field Placeholder text in the Users Add screen"
<b>Mobile Number*</b> text is displayed in the Mobile Number placeholder
TC_usersMobileNoPlaceholderText Testcase execution Completed]]>
  </system-out>
  <testcase classname="users.UsersMobileNumberFieldTest" name="TC_usersMobileNoSpecialChar" time="0.626"/>
  <system-out>
    <![CDATA[Browser: <span style='color:teal'>chrome
Language: <span style='color:teal'>english
Login Role: <span style='color:teal'>super admin
TC_usersMobileNoSpecialChar Testcase execution Started
<em><b>"This method verifies Users Add screen Mobile Number field for the Special characters"
Performed click action on Users screen Mobile Number field
Entered text <b>".%/_[[+]"</b> in the Users screen Mobile Number field
Special characters are not allowed in the Mobile Number text field
TC_usersMobileNoSpecialChar Testcase execution Completed]]>
  </system-out>
  <testcase classname="users.UsersMobileNumberFieldTest" name="TC_usersMobileNoEmpty" time="0.333"/>
  <system-out>
    <![CDATA[Browser: <span style='color:teal'>chrome
Language: <span style='color:teal'>english
Login Role: <span style='color:teal'>super admin
TC_usersMobileNoEmpty Testcase execution Started
<em><b>"This method verifies error message for the empty Mobile Number in the Users Add screen"
<span style='color:red'>Required</span> error message is displayed
TC_usersMobileNoEmpty Testcase execution Completed]]>
  </system-out>
  <testcase classname="users.UsersMobileNumberFieldTest" name="TC_usersMobileNoMinimumLength" time="0.652"/>
  <system-out>
    <![CDATA[Browser: <span style='color:teal'>chrome
Language: <span style='color:teal'>english
Login Role: <span style='color:teal'>super admin
TC_usersMobileNoMinimumLength Testcase execution Started
<em><b>"This method verifies Users Add screen Mobile Number field for the minimum length"
Performed click action on Users screen Mobile Number field
Entered text <b>"9775977"</b> in the Users screen Mobile Number field
<span style='color:red'>Must be greater than 7 digits</span> error message is displayed
TC_usersMobileNoMinimumLength Testcase execution Completed]]>
  </system-out>
  <testcase classname="users.UsersMobileNumberFieldTest" name="TC_usersMobileNoAlpha" time="0.741"/>
  <system-out>
    <![CDATA[Browser: <span style='color:teal'>chrome
Language: <span style='color:teal'>english
Login Role: <span style='color:teal'>super admin
TC_usersMobileNoAlpha Testcase execution Started
<em><b>"This method verifies Users Add screen Mobile Number field for the Alphabetic characters"
Performed click action on Users screen Mobile Number field
Entered text <b>"bplAlBLZ"</b> in the Users screen Mobile Number field
Alpha characters are not accepted in the Mobile Number text field
TC_usersMobileNoAlpha Testcase execution Completed]]>
  </system-out>
  <testcase classname="users.UsersMobileNumberFieldTest" name="TC_usersMobileNoSpace" time="0.925"/>
  <system-out>
    <![CDATA[Browser: <span style='color:teal'>chrome
Language: <span style='color:teal'>english
Login Role: <span style='color:teal'>super admin
TC_usersMobileNoSpace Testcase execution Started
<em><b>"This method verifies Users Add screen Mobile Number field by entering Spaces"
Entered space in the Users screen Mobile Number text field
<span style='color:red'>Only numbers are allowed</span> error message is displayed
TC_usersMobileNoSpace Testcase execution Completed]]>
  </system-out>
  <testcase classname="users.UsersMobileNumberFieldTest" name="TC_usersMobileNoMaximumLength" time="0.819"/>
  <system-out>
    <![CDATA[Browser: <span style='color:teal'>chrome
Language: <span style='color:teal'>english
Login Role: <span style='color:teal'>super admin
TC_usersMobileNoMaximumLength Testcase execution Started
<em><b>"This method verifies Users Add screen Mobile Number field for the maximum length"
Entered text <b>"5589277794396"</b> in the Users screen Mobile Number field
<span style='color:red'>Must not exceed 12 digits</span> error message is displayed
TC_usersMobileNoMaximumLength Testcase execution Completed]]>
  </system-out>
</testsuite> <!-- users.UsersMobileNumberFieldTest -->
