<?xml version="1.0" encoding="UTF-8"?>
<!-- Generated by org.testng.reporters.JUnitReportReporter -->
<testsuite hostname="DESKTOP-390DHBP" failures="0" tests="6" name="dashboard.OperationVehicleTest" time="6.612" errors="0" timestamp="2023-02-24T20:54:40 IST" skipped="0">
  <testcase classname="dashboard.OperationVehicleTest" name="TC_operationVehicleicon" time="0.008"/>
  <system-out>
    <![CDATA[Browser: <span style='color:teal'>chrome
Language: <span style='color:teal'>english
Login Role: <span style='color:teal'>super admin
TC_operationVehicleicon Testcase execution Started
<em><b>"This method validates All Vehicles icon is displayed"
Operation Vehicle Logo is displayed
TC_operationVehicleicon Testcase execution Completed]]>
  </system-out>
  <testcase classname="dashboard.OperationVehicleTest" name="TC_operationVehicleCount" time="0.057"/>
  <system-out>
    <![CDATA[Browser: <span style='color:teal'>chrome
Language: <span style='color:teal'>english
Login Role: <span style='color:teal'>super admin
TC_operationVehicleCount Testcase execution Started
<em><b>"This method verifies Operation Vehicles count"
Operation vehicles count: <b>0
TC_operationVehicleCount Testcase execution Completed]]>
  </system-out>
  <testcase classname="dashboard.OperationVehicleTest" name="TC_operationVehicleColor" time="1.038"/>
  <system-out>
    <![CDATA[Browser: <span style='color:teal'>chrome
Language: <span style='color:teal'>english
Login Role: <span style='color:teal'>super admin
TC_operationVehicleColor Testcase execution Started
<em><b>"This method verifies Operation Vehicles icon background color"
Operation Vehicle Background color defined : <b>#6c4bf1</b>
Operation Vehicle Background color displayed : <b>#6c4bf1</b>
Operation Vehicle background colour matches the defined colour code
TC_operationVehicleColor Testcase execution Completed]]>
  </system-out>
  <testcase classname="dashboard.OperationVehicleTest" name="TC_operationVehiclePercent" time="0.056"/>
  <system-out>
    <![CDATA[Browser: <span style='color:teal'>chrome
Language: <span style='color:teal'>english
Login Role: <span style='color:teal'>super admin
TC_operationVehiclePercent Testcase execution Started
<em><b>"This method verifies Operation Vehicles percent"
Operation vehicles Percent: <b>0%
TC_operationVehiclePercent Testcase execution Completed]]>
  </system-out>
  <testcase classname="dashboard.OperationVehicleTest" name="TC_operationVehicleViewDetails" time="0.211"/>
  <system-out>
    <![CDATA[Browser: <span style='color:teal'>chrome
Language: <span style='color:teal'>english
Login Role: <span style='color:teal'>super admin
TC_operationVehicleViewDetails Testcase execution Started
<em><b>"This method verifies Operation Vehicles View Details hyperlink"
Operation Vehicle count: <b>0
<span style='color:blue'>No vehicle in operation</span> message is displayed
TC_operationVehicleViewDetails Testcase execution Completed]]>
  </system-out>
  <testcase classname="dashboard.OperationVehicleTest" name="TC_operationVehicleViewonMap" time="5.242"/>
  <system-out>
    <![CDATA[Browser: <span style='color:teal'>chrome
Language: <span style='color:teal'>english
Login Role: <span style='color:teal'>super admin
TC_operationVehicleViewonMap Testcase execution Started
<em><b>"This method verifies Operation Vehicles View Map hyperlink"
Performed click action on Operation vehicle View on Map
Operation Vehicle count: <b>0
<span style='color:blue'>No moving vehicle</span> message is displayed
TC_operationVehicleViewonMap Testcase execution Completed]]>
  </system-out>
</testsuite> <!-- dashboard.OperationVehicleTest -->
