<?xml version="1.0" encoding="UTF-8"?>
<!-- Generated by org.testng.reporters.JUnitReportReporter -->
<testsuite hostname="DESKTOP-390DHBP" failures="0" tests="7" name="login.LoginUsernameFieldTest" time="12.757" errors="0" timestamp="2023-02-24T20:54:40 IST" skipped="0">
  <testcase classname="login.LoginUsernameFieldTest" name="TC_loginUsernamePlaceholderText" time="0.130"/>
  <system-out>
    <![CDATA[Browser: <span style='color:teal'>chrome
Language: <span style='color:teal'>english
Login Role: <span style='color:teal'>super admin
TC_loginUsernamePlaceholderText Testcase execution Started
<em><b>"This method verifies Username field Placeholder text in the Login screen"
<b>Username*</b> text is displayed in the Username placeholder
TC_loginUsernamePlaceholderText Testcase execution Completed]]>
  </system-out>
  <testcase classname="login.LoginUsernameFieldTest" name="TC_loginUsernameMinimumLength" time="0.454"/>
  <system-out>
    <![CDATA[Browser: <span style='color:teal'>chrome
Language: <span style='color:teal'>english
Login Role: <span style='color:teal'>super admin
TC_loginUsernameMinimumLength Testcase execution Started
<em><b>"This method verifies Login screen Username field for the minimum character length"
Performed click action on Username field
Entered text <b>"dmm"</b> in the Username field
Performed click action on Login button field
<span style='color:red'>Username must be greater than 3 characters</span> error message is displayed
TC_loginUsernameMinimumLength Testcase execution Completed]]>
  </system-out>
  <testcase classname="login.LoginUsernameFieldTest" name="TC_loginUsernameAlphanumeric" time="5.416"/>
  <system-out>
    <![CDATA[Browser: <span style='color:teal'>chrome
Language: <span style='color:teal'>english
Login Role: <span style='color:teal'>super admin
TC_loginUsernameAlphanumeric Testcase execution Started
<em><b>"This method verifies Login screen Username field for the Alphabetic characters"
Performed click action on Username field
Entered text <b>"ZKGD"</b> in the Username field
Performed click action on Login button field
Alphanumeric characters are allowed in the username text field
TC_loginUsernameAlphanumeric Testcase execution Completed]]>
  </system-out>
  <testcase classname="login.LoginUsernameFieldTest" name="TC_loginUsernameMaximumLength" time="0.533"/>
  <system-out>
    <![CDATA[Browser: <span style='color:teal'>chrome
Language: <span style='color:teal'>english
Login Role: <span style='color:teal'>super admin
TC_loginUsernameMaximumLength Testcase execution Started
<em><b>"This method verifies Login screen Username field for the maximum character length"
Performed click action on Username field
Entered text <b>"YzQQrHQiCWTpxnUU"</b> in the Username field
Performed click action on Login button field
<span style='color:red'>Username must be less than 16 characters</span> error message is displayed
TC_loginUsernameMaximumLength Testcase execution Completed]]>
  </system-out>
  <testcase classname="login.LoginUsernameFieldTest" name="TC_loginUsernameSpace" time="0.347"/>
  <system-out>
    <![CDATA[Browser: <span style='color:teal'>chrome
Language: <span style='color:teal'>english
Login Role: <span style='color:teal'>super admin
TC_loginUsernameSpace Testcase execution Started
<em><b>"This method verifies Login screen Username field by entering Spaces"
Entered space in the Username text field
Performed click action on Login button field
<span style='color:red'>Required</span> error message is displayed
TC_loginUsernameSpace Testcase execution Completed]]>
  </system-out>
  <testcase classname="login.LoginUsernameFieldTest" name="TC_loginUsernameSpecialChar" time="5.444"/>
  <system-out>
    <![CDATA[Browser: <span style='color:teal'>chrome
Language: <span style='color:teal'>english
Login Role: <span style='color:teal'>super admin
TC_loginUsernameSpecialChar Testcase execution Started
<em><b>"This method verifies Login screen Username field for the Special characters"
Performed click action on Username field
Entered text <b>"[=)-$"</b> in the Username field
Performed click action on Login button field
Special characters are allowed in the username text field
TC_loginUsernameSpecialChar Testcase execution Completed]]>
  </system-out>
  <testcase classname="login.LoginUsernameFieldTest" name="TC_loginUsernameEmpty" time="0.433"/>
  <system-out>
    <![CDATA[Browser: <span style='color:teal'>chrome
Language: <span style='color:teal'>english
Login Role: <span style='color:teal'>super admin
TC_loginUsernameEmpty Testcase execution Started
<em><b>"This method verifies error message for the empty Username in the Login screen"
Performed click action on Username field
Entered text <b>""</b> in the Username field
Performed click action on Login button field
<span style='color:red'>Required</span> error message is displayed
TC_loginUsernameEmpty Testcase execution Completed]]>
  </system-out>
</testsuite> <!-- login.LoginUsernameFieldTest -->
