<?xml version="1.0" encoding="UTF-8"?>
<!-- Generated by org.testng.reporters.JUnitReportReporter -->
<testsuite hostname="DESKTOP-390DHBP" failures="0" tests="6" name="dashboard.MovingVehicleTest" time="6.605" errors="0" timestamp="2023-02-24T20:54:40 IST" skipped="0">
  <testcase classname="dashboard.MovingVehicleTest" name="TC_movingVehicleColor" time="1.028"/>
  <system-out>
    <![CDATA[Browser: <span style='color:teal'>chrome
Language: <span style='color:teal'>english
Login Role: <span style='color:teal'>super admin
TC_movingVehicleColor Testcase execution Started
<em><b>"This method verifies Moving Vehicle icon background Color"
Moving Vehicle Background color defined : <b>#289348</b>
Moving Vehicle Background color displayed : <b>#289348</b>
Moving Vehicle background colour matches the defined colour code
TC_movingVehicleColor Testcase execution Completed]]>
  </system-out>
  <testcase classname="dashboard.MovingVehicleTest" name="TC_movingVehicleicon" time="0.000"/>
  <system-out>
    <![CDATA[Browser: <span style='color:teal'>chrome
Language: <span style='color:teal'>english
Login Role: <span style='color:teal'>super admin
TC_movingVehicleicon Testcase execution Started
<em><b>"This method validates Moving Vehicles Icon is displayed"
Moving Vehicle Logo is displayed
TC_movingVehicleicon Testcase execution Completed]]>
  </system-out>
  <testcase classname="dashboard.MovingVehicleTest" name="TC_movingVehiclePercent" time="0.045"/>
  <system-out>
    <![CDATA[Browser: <span style='color:teal'>chrome
Language: <span style='color:teal'>english
Login Role: <span style='color:teal'>super admin
TC_movingVehiclePercent Testcase execution Started
<em><b>"This method verifies Moving Vehicles percent"
Moving vehicles Percent: <b>0%
TC_movingVehiclePercent Testcase execution Completed]]>
  </system-out>
  <testcase classname="dashboard.MovingVehicleTest" name="TC_movingVehicleCount" time="0.033"/>
  <system-out>
    <![CDATA[Browser: <span style='color:teal'>chrome
Language: <span style='color:teal'>english
Login Role: <span style='color:teal'>super admin
TC_movingVehicleCount Testcase execution Started
<em><b>"This method verifies Moving Vehicles count"
Moving vehicles count: <b>0
TC_movingVehicleCount Testcase execution Completed]]>
  </system-out>
  <testcase classname="dashboard.MovingVehicleTest" name="TC_movingVehicleViewDetails" time="0.199"/>
  <system-out>
    <![CDATA[Browser: <span style='color:teal'>chrome
Language: <span style='color:teal'>english
Login Role: <span style='color:teal'>super admin
TC_movingVehicleViewDetails Testcase execution Started
<em><b>"This method verifies Moving Vehicles View Details hyperlink"
Moving Vehicle count: <b>0
<span style='color:blue'>No moving vehicle</span> message is displayed
TC_movingVehicleViewDetails Testcase execution Completed]]>
  </system-out>
  <testcase classname="dashboard.MovingVehicleTest" name="TC_movingVehicleViewonMap" time="5.300"/>
  <system-out>
    <![CDATA[Browser: <span style='color:teal'>chrome
Language: <span style='color:teal'>english
Login Role: <span style='color:teal'>super admin
TC_movingVehicleViewonMap Testcase execution Started
<em><b>"This method verifies Moving Vehicles View Map hyperlink"
Performed click action on Moving vehicles View on Map
Moving Vehicle count: <b>0
<span style='color:blue'>No moving vehicle</span> message is displayed
TC_movingVehicleViewonMap Testcase execution Completed]]>
  </system-out>
</testsuite> <!-- dashboard.MovingVehicleTest -->
