<?xml version="1.0" encoding="UTF-8"?>
<!-- Generated by org.testng.reporters.JUnitReportReporter -->
<testsuite hostname="DESKTOP-390DHBP" failures="0" tests="6" name="users.UserListPageTest" time="38.124" errors="0" timestamp="2023-01-19T14:15:48 IST" skipped="0">
  <testcase classname="users.UserListPageTest" name="TC_userSort" time="23.346"/>
  <system-out>
    <![CDATA[Table records are sorted]]>
  </system-out>
  <testcase classname="users.UserListPageTest" name="TC_usersSearch" time="8.307"/>
  <system-out>
    <![CDATA[Searching for the <b>Super Admin Role
Total Number of rows count in a table: 2
Number of records present for the searched element: 2]]>
  </system-out>
  <testcase classname="users.UserListPageTest" name="TC_userUpwardArrowBtn" time="0.811"/>
  <system-out/>
  <testcase classname="users.UserListPageTest" name="TC_usersRecordsPerPage" time="5.620"/>
  <system-out/>
  <testcase classname="users.UserListPageTest" name="TC_usersPageTitle" time="0.023"/>
  <system-out>
    <![CDATA[Verifying Users page title
Page Title is <b>FMS - Users
Users Page Title is verified]]>
  </system-out>
  <testcase classname="users.UserListPageTest" name="TC_usersPageUrl" time="0.017"/>
  <system-out>
    <![CDATA[Verifying Users page URL
Page URL is <b>https://uyenotest.infotracktelematics.com/management
Users Page URL is verified]]>
  </system-out>
</testsuite> <!-- users.UserListPageTest -->
