<?xml version="1.0" encoding="UTF-8"?>
<!-- Generated by org.testng.reporters.JUnitReportReporter -->
<testsuite hostname="DESKTOP-390DHBP" failures="0" tests="7" name="users.UsersAddressFieldTest" time="29.605" errors="0" timestamp="2023-02-24T20:54:40 IST" skipped="0">
  <testcase classname="users.UsersAddressFieldTest" name="TC_usersAddressPlaceholderText" time="0.122"/>
  <system-out>
    <![CDATA[Browser: <span style='color:teal'>chrome
Language: <span style='color:teal'>english
Login Role: <span style='color:teal'>super admin
TC_usersAddressPlaceholderText Testcase execution Started
<em><b>"This method verifies Address field Placeholder text in the Users Add screen"
<b>Address*</b> text is displayed in the Address placeholder
TC_usersAddressPlaceholderText Testcase execution Completed]]>
  </system-out>
  <testcase classname="users.UsersAddressFieldTest" name="TC_usersAddressSpecialChar" time="5.641"/>
  <system-out>
    <![CDATA[Browser: <span style='color:teal'>chrome
Language: <span style='color:teal'>english
Login Role: <span style='color:teal'>super admin
TC_usersAddressSpecialChar Testcase execution Started
<em><b>"This method verifies Users Add screen Address field for the Special characters"
Performed click action on Users screen Address field
Entered text <b>"/%.>,"</b> in the Users screen Address field
Special characters are allowed in the Address text field
TC_usersAddressSpecialChar Testcase execution Completed]]>
  </system-out>
  <testcase classname="users.UsersAddressFieldTest" name="TC_usersAddressEmpty" time="0.452"/>
  <system-out>
    <![CDATA[Browser: <span style='color:teal'>chrome
Language: <span style='color:teal'>english
Login Role: <span style='color:teal'>super admin
TC_usersAddressEmpty Testcase execution Started
<em><b>"This method verifies error message for the empty Address in the Users Add screen"
Performed click action on Users screen Address field
Entered text <b>""</b> in the Users screen Address field
<span style='color:red'>Required</span> error message is displayed
TC_usersAddressEmpty Testcase execution Completed]]>
  </system-out>
  <testcase classname="users.UsersAddressFieldTest" name="TC_usersAddressSpace" time="0.416"/>
  <system-out>
    <![CDATA[Browser: <span style='color:teal'>chrome
Language: <span style='color:teal'>english
Login Role: <span style='color:teal'>super admin
TC_usersAddressSpace Testcase execution Started
<em><b>"This method verifies Users Add screen Address field by entering Spaces"
Entered space in the Users screen Address text field
<span style='color:red'>Space is not allowed</span> error message is displayed
TC_usersAddressSpace Testcase execution Completed]]>
  </system-out>
  <testcase classname="users.UsersAddressFieldTest" name="TC_usersAddressMaximumLength" time="16.785"/>
  <system-out>
    <![CDATA[Browser: <span style='color:teal'>chrome
Language: <span style='color:teal'>english
Login Role: <span style='color:teal'>super admin
TC_usersAddressMaximumLength Testcase execution Started
<em><b>"This method verifies Users Add screen Address field for the maximum character length"
Performed click action on Users screen Address field
Entered text <b>"aXYxVhVjWXhDiatOgHpUzTcEenAKeATvmKugePhmsosAmVDgMFNvzGLImxegFWgozauDmuNjhjgifadSMhRRLvpNfkVLlpUqTdHrqJZrbHCogThDUjKAnXTLgzeroYvvkiuwLTnfvWEnQqAOIPEZJOjopZlkUKtSCqvDfLwYwwrFpEHkSGgCuEbwYxyRlmwcKZBujHPcBESAJeWKRtkPjbHlcGUzFoDOcLYTKgTjPTxkNTquXevlcqGCXfoAaaTTDeQQpPjRkSnLKDkhWXaWfjtOVRAVacZCdQQMNYOCRpIcYbSGvBWvZwfvRlaTMxOwBpAHClaAJyEyPyFzceOXYBJXRptGkocYjZBvqSjnOgAabkcnSlgtKWFbwFZMIVrVLyDdcZtHiMLRCYznQzcNSpaZzEqWtoeSwYiTYaApnCluhHRxzKouJyQnudyvzszpfhZwbJsCvFwEBLrDbpMWbaeUyaXVTsJdTLlrsqbNWdWpajRxvxkIcN"</b> in the Users screen Address field
<span style='color:red'>Must not exceed 500 characters</span> error message is displayed
TC_usersAddressMaximumLength Testcase execution Completed]]>
  </system-out>
  <testcase classname="users.UsersAddressFieldTest" name="TC_usersAddressAlphanumeric" time="5.579"/>
  <system-out>
    <![CDATA[Browser: <span style='color:teal'>chrome
Language: <span style='color:teal'>english
Login Role: <span style='color:teal'>super admin
TC_usersAddressAlphanumeric Testcase execution Started
<em><b>"This method verifies Users Add screen Address field for the Alphabetic characters"
Performed click action on Users screen Address field
Entered text <b>"ScRPD"</b> in the Users screen Address field
Alphanumeric characters are allowed in the Address text field
TC_usersAddressAlphanumeric Testcase execution Completed]]>
  </system-out>
  <testcase classname="users.UsersAddressFieldTest" name="TC_usersAddressMinimumLength" time="0.610"/>
  <system-out>
    <![CDATA[Browser: <span style='color:teal'>chrome
Language: <span style='color:teal'>english
Login Role: <span style='color:teal'>super admin
TC_usersAddressMinimumLength Testcase execution Started
<em><b>"This method verifies Users Add screen Address field for the minimum character length"
Performed click action on Users screen Address field
Entered text <b>"gZV"</b> in the Users screen Address field
<span style='color:red'>Must be greater than 3 characters</span> error message is displayed
TC_usersAddressMinimumLength Testcase execution Completed]]>
  </system-out>
</testsuite> <!-- users.UsersAddressFieldTest -->
